[2025-04-15 12:44:39] [31m[1mWARNING: This is a development server. Do not use it in a production deployment. Use a production WSGI server instead.[0m
 * Running on http://127.0.0.1:8080
[2025-04-15 12:44:39] [33mPress CTRL+C to quit[0m
[2025-04-15 12:44:39]  * Restarting with watchdog (windowsapi)
[2025-04-15 12:44:39]  * Debugger is active!
[2025-04-15 12:44:39]  * Debugger PIN: 381-323-932
[2025-04-15 12:44:43] 127.0.0.1 - GET /drawing-board
[2025-04-15 12:44:43] 127.0.0.1 - - [15/Apr/2025 12:44:43] "[33mGET /drawing-board HTTP/1.1[0m" 404 -
[2025-04-15 12:44:43] 127.0.0.1 - GET /favicon.ico
[2025-04-15 12:44:43] 127.0.0.1 - - [15/Apr/2025 12:44:43] "[33mGET /favicon.ico HTTP/1.1[0m" 404 -
[2025-04-15 12:44:54] 127.0.0.1 - GET /gameboard
[2025-04-15 12:44:54] 127.0.0.1 - - [15/Apr/2025 12:44:54] "GET /gameboard HTTP/1.1" 200 -
[2025-04-15 12:48:37]  * Detected change in 'C:\\Users\\trmdo\\anaconda3\\Lib\\site-packages\\werkzeug\\utils.py', reloading
[2025-04-15 12:48:37]  * Detected change in 'C:\\Users\\trmdo\\anaconda3\\Lib\\site-packages\\werkzeug\\_internal.py', reloading
[2025-04-15 12:48:37]  * Detected change in 'C:\\Users\\trmdo\\anaconda3\\Lib\\site-packages\\werkzeug\\user_agent.py', reloading
[2025-04-15 12:48:37]  * Detected change in 'C:\\Users\\trmdo\\anaconda3\\Lib\\site-packages\\werkzeug\\datastructures\\auth.py', reloading
[2025-04-15 12:48:38]  * Restarting with watchdog (windowsapi)
[2025-04-15 12:48:38]  * Debugger is active!
[2025-04-15 12:48:38]  * Debugger PIN: 381-323-932
[2025-04-15 12:48:41]  * Detected change in 'c:\\Users\\trmdo\\Downloads\\CSE_312\\312-mmo\\app.py', reloading
[2025-04-15 12:48:41]  * Detected change in 'c:\\Users\\trmdo\\Downloads\\CSE_312\\312-mmo\\app.py', reloading
[2025-04-15 12:48:41]  * Detected change in 'c:\\Users\\trmdo\\Downloads\\CSE_312\\312-mmo\\app.py', reloading
[2025-04-15 12:48:41]  * Restarting with watchdog (windowsapi)
[2025-04-15 12:48:42]  * Debugger is active!
[2025-04-15 12:48:42]  * Debugger PIN: 381-323-932
[2025-04-15 12:48:45]  * Detected change in 'c:\\Users\\trmdo\\Downloads\\CSE_312\\312-mmo\\app.py', reloading
[2025-04-15 12:48:45]  * Detected change in 'c:\\Users\\trmdo\\Downloads\\CSE_312\\312-mmo\\app.py', reloading
[2025-04-15 12:48:45]  * Detected change in 'c:\\Users\\trmdo\\Downloads\\CSE_312\\312-mmo\\app.py', reloading
[2025-04-15 12:48:46]  * Restarting with watchdog (windowsapi)
[2025-04-15 12:48:46]  * Debugger is active!
[2025-04-15 12:48:46]  * Debugger PIN: 381-323-932
[2025-04-15 12:48:51]  * Detected change in 'c:\\Users\\trmdo\\Downloads\\CSE_312\\312-mmo\\app.py', reloading
[2025-04-15 12:48:51]  * Detected change in 'c:\\Users\\trmdo\\Downloads\\CSE_312\\312-mmo\\app.py', reloading
[2025-04-15 12:48:51]  * Detected change in 'c:\\Users\\trmdo\\Downloads\\CSE_312\\312-mmo\\app.py', reloading
[2025-04-15 12:48:52]  * Restarting with watchdog (windowsapi)
[2025-04-15 12:48:52]  * Debugger is active!
[2025-04-15 12:48:52]  * Debugger PIN: 381-323-932
[2025-04-15 12:48:53]  * Detected change in 'c:\\Users\\trmdo\\Downloads\\CSE_312\\312-mmo\\app.py', reloading
[2025-04-15 12:48:53]  * Detected change in 'c:\\Users\\trmdo\\Downloads\\CSE_312\\312-mmo\\app.py', reloading
[2025-04-15 12:48:54]  * Restarting with watchdog (windowsapi)
[2025-04-15 16:59:58] [31m[1mWARNING: This is a development server. Do not use it in a production deployment. Use a production WSGI server instead.[0m
 * Running on http://127.0.0.1:8080
[2025-04-15 16:59:58] [33mPress CTRL+C to quit[0m
[2025-04-15 16:59:58]  * Restarting with stat
[2025-04-15 16:59:58]  * Debugger is active!
[2025-04-15 16:59:58]  * Debugger PIN: 139-042-295
[2025-04-15 17:04:23] [31m[1mWARNING: This is a development server. Do not use it in a production deployment. Use a production WSGI server instead.[0m
 * Running on http://127.0.0.1:8080
[2025-04-15 17:04:23] [33mPress CTRL+C to quit[0m
[2025-04-15 17:04:23]  * Restarting with stat
[2025-04-15 17:04:24]  * Debugger is active!
[2025-04-15 17:04:24]  * Debugger PIN: 116-549-301
[2025-04-15 13:04:51] [31m[1mWARNING: This is a development server. Do not use it in a production deployment. Use a production WSGI server instead.[0m
 * Running on http://127.0.0.1:8080
[2025-04-15 13:04:51] [33mPress CTRL+C to quit[0m
[2025-04-15 13:04:51]  * Restarting with watchdog (windowsapi)
[2025-04-15 13:04:51]  * Debugger is active!
[2025-04-15 13:04:51]  * Debugger PIN: 381-323-932
[2025-04-15 13:05:10]  * Detected change in 'C:\\Users\\trmdo\\Downloads\\CSE_312\\312-mmo\\app.py', reloading
[2025-04-15 13:05:10]  * Detected change in 'C:\\Users\\trmdo\\Downloads\\CSE_312\\312-mmo\\app.py', reloading
[2025-04-15 13:05:10]  * Detected change in 'C:\\Users\\trmdo\\Downloads\\CSE_312\\312-mmo\\app.py', reloading
[2025-04-15 13:05:10]  * Restarting with watchdog (windowsapi)
[2025-04-15 13:05:11]  * Debugger is active!
[2025-04-15 13:05:11]  * Debugger PIN: 381-323-932
[2025-04-15 17:05:23] [31m[1mWARNING: This is a development server. Do not use it in a production deployment. Use a production WSGI server instead.[0m
 * Running on http://127.0.0.1:8080
[2025-04-15 17:05:23] [33mPress CTRL+C to quit[0m
[2025-04-15 17:05:23]  * Restarting with stat
[2025-04-15 17:05:23]  * Debugger is active!
[2025-04-15 17:05:23]  * Debugger PIN: 570-837-641
[2025-04-15 13:05:28] [31m[1mWARNING: This is a development server. Do not use it in a production deployment. Use a production WSGI server instead.[0m
 * Running on http://127.0.0.1:8080
[2025-04-15 13:05:28] [33mPress CTRL+C to quit[0m
[2025-04-15 13:05:28]  * Restarting with watchdog (windowsapi)
[2025-04-15 13:05:28]  * Debugger is active!
[2025-04-15 13:05:28]  * Debugger PIN: 381-323-932
[2025-04-15 13:06:58]  * Detected change in 'C:\\Users\\trmdo\\Downloads\\CSE_312\\312-mmo\\snake-game\\snake.py', reloading
[2025-04-15 13:06:59]  * Restarting with watchdog (windowsapi)
[2025-04-15 13:06:59]  * Debugger is active!
[2025-04-15 13:06:59]  * Debugger PIN: 381-323-932
[2025-04-15 13:07:24] [31m[1mWARNING: This is a development server. Do not use it in a production deployment. Use a production WSGI server instead.[0m
 * Running on http://127.0.0.1:8080
[2025-04-15 13:07:24] [33mPress CTRL+C to quit[0m
[2025-04-15 13:07:24]  * Restarting with watchdog (windowsapi)
[2025-04-15 13:07:25]  * Debugger is active!
[2025-04-15 13:07:25]  * Debugger PIN: 381-323-932
[2025-04-15 17:10:42] [31m[1mWARNING: This is a development server. Do not use it in a production deployment. Use a production WSGI server instead.[0m
 * Running on http://127.0.0.1:8080
[2025-04-15 17:10:42] [33mPress CTRL+C to quit[0m
[2025-04-15 17:10:42]  * Restarting with stat
[2025-04-15 17:10:42]  * Debugger is active!
[2025-04-15 17:10:42]  * Debugger PIN: 802-801-822
[2025-04-15 17:21:42] [31m[1mWARNING: This is a development server. Do not use it in a production deployment. Use a production WSGI server instead.[0m
 * Running on http://127.0.0.1:8080
[2025-04-15 17:21:42] [33mPress CTRL+C to quit[0m
[2025-04-15 17:21:42]  * Restarting with stat
[2025-04-15 17:21:42]  * Debugger is active!
[2025-04-15 17:21:42]  * Debugger PIN: 958-640-096
[2025-04-15 17:23:14]  * Detected change in '/app/app.py', reloading
[2025-04-15 17:23:14]  * Restarting with stat
[2025-04-15 17:23:14]  * Debugger is active!
[2025-04-15 17:23:14]  * Debugger PIN: 958-640-096
[2025-04-15 17:23:25]  * Detected change in '/app/app.py', reloading
[2025-04-15 17:23:26]  * Restarting with stat
[2025-04-15 17:23:26]  * Debugger is active!
[2025-04-15 17:23:26]  * Debugger PIN: 958-640-096
[2025-04-15 17:23:27]  * Detected change in '/app/app.py', reloading
[2025-04-15 17:23:28]  * Restarting with stat
[2025-04-15 17:23:28]  * Debugger is active!
[2025-04-15 17:23:28]  * Debugger PIN: 958-640-096
[2025-04-15 17:23:34]  * Detected change in '/app/app.py', reloading
[2025-04-15 17:23:35]  * Restarting with stat
[2025-04-15 17:23:42] [31m[1mWARNING: This is a development server. Do not use it in a production deployment. Use a production WSGI server instead.[0m
 * Running on http://127.0.0.1:8080
[2025-04-15 17:23:42] [33mPress CTRL+C to quit[0m
[2025-04-15 17:23:42]  * Restarting with stat
[2025-04-15 17:23:42]  * Debugger is active!
[2025-04-15 17:23:42]  * Debugger PIN: 287-922-905
[2025-04-15 13:24:55] [31m[1mWARNING: This is a development server. Do not use it in a production deployment. Use a production WSGI server instead.[0m
 * Running on http://127.0.0.1:8080
[2025-04-15 13:24:55] [33mPress CTRL+C to quit[0m
[2025-04-15 13:24:55]  * Restarting with watchdog (windowsapi)
[2025-04-15 13:24:56]  * Debugger is active!
[2025-04-15 13:24:56]  * Debugger PIN: 381-323-932
[2025-04-15 13:25:02] 127.0.0.1 - GET /gameboard
[2025-04-15 13:25:02] 127.0.0.1 - - [15/Apr/2025 13:25:02] "GET /gameboard HTTP/1.1" 200 -
[2025-04-15 13:27:15] [31m[1mWARNING: This is a development server. Do not use it in a production deployment. Use a production WSGI server instead.[0m
 * Running on http://127.0.0.1:8080
[2025-04-15 13:27:15] [33mPress CTRL+C to quit[0m
[2025-04-15 13:27:15]  * Restarting with watchdog (windowsapi)
[2025-04-15 13:27:15]  * Debugger is active!
[2025-04-15 13:27:15]  * Debugger PIN: 381-323-932
[2025-04-15 13:27:21] 127.0.0.1 - GET /gameboard
[2025-04-15 13:27:21] 127.0.0.1 - - [15/Apr/2025 13:27:21] "GET /gameboard HTTP/1.1" 200 -
[2025-04-15 13:38:00] [31m[1mWARNING: This is a development server. Do not use it in a production deployment. Use a production WSGI server instead.[0m
 * Running on http://127.0.0.1:8080
[2025-04-15 13:38:00] [33mPress CTRL+C to quit[0m
[2025-04-15 13:38:00]  * Restarting with watchdog (windowsapi)
[2025-04-15 13:38:00]  * Debugger is active!
[2025-04-15 13:38:00]  * Debugger PIN: 381-323-932
[2025-04-15 13:38:04] 127.0.0.1 - GET /gameboard
[2025-04-15 13:38:04] 127.0.0.1 - - [15/Apr/2025 13:38:04] "GET /gameboard HTTP/1.1" 200 -
[2025-04-15 14:09:25]  * Detected change in 'C:\\Users\\trmdo\\Downloads\\CSE_312\\312-mmo\\util\\Authentication.py', reloading
[2025-04-15 14:09:26]  * Restarting with watchdog (windowsapi)
[2025-04-15 14:09:27]  * Debugger is active!
[2025-04-15 14:09:27]  * Debugger PIN: 381-323-932
[2025-04-15 18:12:54] [31m[1mWARNING: This is a development server. Do not use it in a production deployment. Use a production WSGI server instead.[0m
 * Running on all addresses (0.0.0.0)
 * Running on http://127.0.0.1:8080
 * Running on http://172.19.0.2:8080
[2025-04-15 18:12:54] [33mPress CTRL+C to quit[0m
[2025-04-15 18:12:54]  * Restarting with stat
[2025-04-15 18:12:54]  * Debugger is active!
[2025-04-15 18:12:54]  * Debugger PIN: 384-845-482
[2025-04-15 18:13:14] 172.19.0.1 - GET /gameboard
[2025-04-15 18:13:14] 172.19.0.1 - - [15/Apr/2025 18:13:14] "GET /gameboard HTTP/1.1" 200 -
[2025-04-15 18:13:36] 172.19.0.1 - GET /gameboard
[2025-04-15 18:13:36] 172.19.0.1 - - [15/Apr/2025 18:13:36] "GET /gameboard HTTP/1.1" 200 -
[2025-04-15 17:49:52] [31m[1mWARNING: This is a development server. Do not use it in a production deployment. Use a production WSGI server instead.[0m
 * Running on http://127.0.0.1:5000
[2025-04-15 17:49:52] [33mPress CTRL+C to quit[0m
[2025-04-15 17:50:14] 127.0.0.1 - GET /
[2025-04-15 17:50:14] 127.0.0.1 - - [15/Apr/2025 17:50:14] "[33mGET / HTTP/1.1[0m" 404 -
[2025-04-15 17:50:14] 127.0.0.1 - GET /favicon.ico
[2025-04-15 17:50:14] 127.0.0.1 - - [15/Apr/2025 17:50:14] "[33mGET /favicon.ico HTTP/1.1[0m" 404 -
[2025-04-15 17:51:16] [31m[1mWARNING: This is a development server. Do not use it in a production deployment. Use a production WSGI server instead.[0m
 * Running on http://127.0.0.1:5000
[2025-04-15 17:51:16] [33mPress CTRL+C to quit[0m
[2025-04-15 17:51:43] [31m[1mWARNING: This is a development server. Do not use it in a production deployment. Use a production WSGI server instead.[0m
 * Running on http://127.0.0.1:5000
[2025-04-15 17:51:43] [33mPress CTRL+C to quit[0m
[2025-04-15 17:53:22] [31m[1mWARNING: This is a development server. Do not use it in a production deployment. Use a production WSGI server instead.[0m
 * Running on http://127.0.0.1:5000
[2025-04-15 17:53:22] [33mPress CTRL+C to quit[0m
[2025-04-15 17:53:22]  * Restarting with stat
[2025-04-15 17:53:22]  * Debugger is active!
[2025-04-15 17:53:22]  * Debugger PIN: 138-512-773
[2025-04-15 17:54:41] [31m[1mWARNING: This is a development server. Do not use it in a production deployment. Use a production WSGI server instead.[0m
 * Running on http://127.0.0.1:5000
[2025-04-15 17:54:41] [33mPress CTRL+C to quit[0m
[2025-04-15 17:54:41]  * Restarting with stat
[2025-04-15 17:54:41]  * Debugger is active!
[2025-04-15 17:54:41]  * Debugger PIN: 138-512-773
[2025-04-15 17:56:58]  * Detected change in '/Users/angelvidals/Documents/GitHub/312-mmo/app.py', reloading
[2025-04-15 17:56:58]  * Restarting with stat
[2025-04-15 17:56:58]  * Debugger is active!
[2025-04-15 17:56:58]  * Debugger PIN: 138-512-773
[2025-04-15 17:57:42] [31m[1mWARNING: This is a development server. Do not use it in a production deployment. Use a production WSGI server instead.[0m
 * Running on http://127.0.0.1:5000
[2025-04-15 17:57:42] [33mPress CTRL+C to quit[0m
[2025-04-15 18:00:27] [31m[1mWARNING: This is a development server. Do not use it in a production deployment. Use a production WSGI server instead.[0m
 * Running on all addresses (0.0.0.0)
 * Running on http://127.0.0.1:8080
 * Running on http://10.84.46.47:8080
[2025-04-15 18:00:27] [33mPress CTRL+C to quit[0m
[2025-04-15 18:00:27]  * Restarting with stat
[2025-04-15 18:00:27]  * Debugger is active!
[2025-04-15 18:00:27]  * Debugger PIN: 138-512-773
[2025-04-15 18:00:42] 127.0.0.1 - GET /
[2025-04-15 18:00:42] 127.0.0.1 - - [15/Apr/2025 18:00:42] "[33mGET / HTTP/1.1[0m" 404 -
[2025-04-15 18:00:42] 127.0.0.1 - GET /favicon.ico
[2025-04-15 18:00:42] 127.0.0.1 - - [15/Apr/2025 18:00:42] "[33mGET /favicon.ico HTTP/1.1[0m" 404 -
[2025-04-15 18:03:47] [31m[1mWARNING: This is a development server. Do not use it in a production deployment. Use a production WSGI server instead.[0m
 * Running on all addresses (0.0.0.0)
 * Running on http://127.0.0.1:8080
 * Running on http://10.84.46.47:8080
[2025-04-15 18:03:47] [33mPress CTRL+C to quit[0m
[2025-04-15 18:03:47]  * Restarting with stat
[2025-04-15 18:03:47]  * Debugger is active!
[2025-04-15 18:03:47]  * Debugger PIN: 138-512-773
[2025-04-15 18:04:00] 127.0.0.1 - GET /
[2025-04-15 18:04:00] 127.0.0.1 - - [15/Apr/2025 18:04:00] "[33mGET / HTTP/1.1[0m" 404 -
[2025-04-15 18:04:01] 127.0.0.1 - GET /
[2025-04-15 18:04:01] 127.0.0.1 - - [15/Apr/2025 18:04:01] "[33mGET / HTTP/1.1[0m" 404 -
[2025-04-15 18:05:14] [31m[1mWARNING: This is a development server. Do not use it in a production deployment. Use a production WSGI server instead.[0m
 * Running on all addresses (0.0.0.0)
 * Running on http://127.0.0.1:8080
 * Running on http://10.84.46.47:8080
[2025-04-15 18:05:14] [33mPress CTRL+C to quit[0m
[2025-04-15 18:05:14]  * Restarting with stat
[2025-04-15 18:05:15]  * Debugger is active!
[2025-04-15 18:05:15]  * Debugger PIN: 138-512-773
[2025-04-15 18:05:45] 127.0.0.1 - GET /register
[2025-04-15 18:05:45] 127.0.0.1 - - [15/Apr/2025 18:05:45] "GET /register HTTP/1.1" 200 -
[2025-04-15 18:05:51] 127.0.0.1 - GET /
[2025-04-15 18:05:51] 127.0.0.1 - - [15/Apr/2025 18:05:51] "[33mGET / HTTP/1.1[0m" 404 -
[2025-04-15 18:05:52] 127.0.0.1 - GET /gameboard
[2025-04-15 18:05:52] 127.0.0.1 - - [15/Apr/2025 18:05:52] "GET /gameboard HTTP/1.1" 200 -
[2025-04-15 18:05:59] 127.0.0.1 - GET /favicon.ico
[2025-04-15 18:05:59] 127.0.0.1 - - [15/Apr/2025 18:05:59] "[33mGET /favicon.ico HTTP/1.1[0m" 404 -
[2025-04-15 18:11:07] 127.0.0.1 - GET /
[2025-04-15 18:11:07] 127.0.0.1 - - [15/Apr/2025 18:11:07] "[33mGET / HTTP/1.1[0m" 404 -
[2025-04-15 18:11:11] 127.0.0.1 - GET /register
[2025-04-15 18:11:11] 127.0.0.1 - - [15/Apr/2025 18:11:11] "GET /register HTTP/1.1" 200 -
[2025-04-15 18:11:17] 127.0.0.1 - POST /register
[2025-04-15 18:11:17] 127.0.0.1 - - [15/Apr/2025 18:11:17] "[35m[1mPOST /register HTTP/1.1[0m" 500 -
[2025-04-15 18:11:17] 127.0.0.1 - - [15/Apr/2025 18:11:17] "GET /register?__debugger__=yes&cmd=resource&f=debugger.js HTTP/1.1" 200 -
[2025-04-15 18:11:17] 127.0.0.1 - - [15/Apr/2025 18:11:17] "GET /register?__debugger__=yes&cmd=resource&f=style.css HTTP/1.1" 200 -
[2025-04-15 18:11:17] 127.0.0.1 - - [15/Apr/2025 18:11:17] "GET /register?__debugger__=yes&cmd=resource&f=console.png&s=ZOQsJRuFP8npEigdz8GE HTTP/1.1" 200 -
[2025-04-15 18:11:17] 127.0.0.1 - - [15/Apr/2025 18:11:17] "GET /register?__debugger__=yes&cmd=resource&f=console.png HTTP/1.1" 200 -
[2025-04-15 18:22:15] 127.0.0.1 - GET /register
[2025-04-15 18:22:15] 127.0.0.1 - - [15/Apr/2025 18:22:15] "GET /register HTTP/1.1" 200 -
[2025-04-15 18:22:15] 127.0.0.1 - GET /favicon.ico
[2025-04-15 18:22:15] 127.0.0.1 - - [15/Apr/2025 18:22:15] "[33mGET /favicon.ico HTTP/1.1[0m" 404 -
[2025-04-15 18:25:29]  * Detected change in '/Users/angelvidals/Documents/GitHub/312-mmo/util/Authentication.py', reloading
[2025-04-15 18:25:29]  * Restarting with stat
[2025-04-15 18:25:30]  * Debugger is active!
[2025-04-15 18:25:30]  * Debugger PIN: 138-512-773
[2025-04-15 18:25:41] [31m[1mWARNING: This is a development server. Do not use it in a production deployment. Use a production WSGI server instead.[0m
 * Running on all addresses (0.0.0.0)
 * Running on http://127.0.0.1:8080
 * Running on http://10.84.46.47:8080
[2025-04-15 18:25:41] [33mPress CTRL+C to quit[0m
[2025-04-15 18:25:41]  * Restarting with stat
[2025-04-15 18:25:41]  * Debugger is active!
[2025-04-15 18:25:41]  * Debugger PIN: 138-512-773
[2025-04-15 18:26:21] 127.0.0.1 - GET /register
[2025-04-15 18:26:21] 127.0.0.1 - - [15/Apr/2025 18:26:21] "GET /register HTTP/1.1" 200 -
[2025-04-15 18:26:27] 127.0.0.1 - POST /register
[2025-04-15 18:26:30] 127.0.0.1 - POST /register
[2025-04-15 18:26:57] 127.0.0.1 - - [15/Apr/2025 18:26:57] "[35m[1mPOST /register HTTP/1.1[0m" 500 -
[2025-04-15 18:27:00] 127.0.0.1 - - [15/Apr/2025 18:27:00] "[35m[1mPOST /register HTTP/1.1[0m" 500 -
[2025-04-15 18:27:00] 127.0.0.1 - - [15/Apr/2025 18:27:00] "[36mGET /register?__debugger__=yes&cmd=resource&f=style.css HTTP/1.1[0m" 304 -
[2025-04-15 18:27:00] 127.0.0.1 - - [15/Apr/2025 18:27:00] "[36mGET /register?__debugger__=yes&cmd=resource&f=debugger.js HTTP/1.1[0m" 304 -
[2025-04-15 18:27:00] 127.0.0.1 - - [15/Apr/2025 18:27:00] "GET /register?__debugger__=yes&cmd=resource&f=console.png&s=qkmoPjTYO6V3lP5Asla3 HTTP/1.1" 200 -
[2025-04-15 18:27:00] 127.0.0.1 - - [15/Apr/2025 18:27:00] "[36mGET /register?__debugger__=yes&cmd=resource&f=console.png HTTP/1.1[0m" 304 -
[2025-04-15 18:36:27] [31m[1mWARNING: This is a development server. Do not use it in a production deployment. Use a production WSGI server instead.[0m
 * Running on all addresses (0.0.0.0)
 * Running on http://127.0.0.1:8080
 * Running on http://10.84.46.47:8080
[2025-04-15 18:36:27] [33mPress CTRL+C to quit[0m
[2025-04-15 18:36:36] 127.0.0.1 - GET /register
[2025-04-15 18:36:36] 127.0.0.1 - - [15/Apr/2025 18:36:36] "GET /register HTTP/1.1" 200 -
[2025-04-15 18:36:37] 127.0.0.1 - GET /register
[2025-04-15 18:36:37] 127.0.0.1 - - [15/Apr/2025 18:36:37] "GET /register HTTP/1.1" 200 -
[2025-04-15 18:36:44] 127.0.0.1 - POST /register
[2025-04-15 18:37:58] Exception on /register [POST]
Traceback (most recent call last):
  File "/Users/angelvidals/Documents/GitHub/312-mmo/.venv/lib/python3.13/site-packages/flask/app.py", line 1463, in wsgi_app
    response = self.full_dispatch_request()
  File "/Users/angelvidals/Documents/GitHub/312-mmo/.venv/lib/python3.13/site-packages/flask/app.py", line 872, in full_dispatch_request
    rv = self.handle_user_exception(e)
  File "/Users/angelvidals/Documents/GitHub/312-mmo/.venv/lib/python3.13/site-packages/flask/app.py", line 870, in full_dispatch_request
    rv = self.dispatch_request()
  File "/Users/angelvidals/Documents/GitHub/312-mmo/.venv/lib/python3.13/site-packages/flask/app.py", line 855, in dispatch_request
    return self.ensure_sync(self.view_functions[rule.endpoint])(**view_args)  # type: ignore[no-any-return]
           ~~~~~~~~~~~~~~~~~~~~~~~~~~~~~~~~~~~~~~~~~~~~~~~~~~~~^^^^^^^^^^^^^
  File "/Users/angelvidals/Documents/GitHub/312-mmo/app.py", line 18, in register
    response = registration(request)
  File "/Users/angelvidals/Documents/GitHub/312-mmo/util/Authentication.py", line 28, in registration
    user_lookup = user_collection.find_one({"username": username})
  File "/Users/angelvidals/Documents/GitHub/312-mmo/.venv/lib/python3.13/site-packages/pymongo/synchronous/collection.py", line 1755, in find_one
    for result in cursor.limit(-1):
                  ~~~~~~~~~~~~^^^^
  File "/Users/angelvidals/Documents/GitHub/312-mmo/.venv/lib/python3.13/site-packages/pymongo/synchronous/cursor.py", line 1284, in __next__
    return self.next()
           ~~~~~~~~~^^
  File "/Users/angelvidals/Documents/GitHub/312-mmo/.venv/lib/python3.13/site-packages/pymongo/synchronous/cursor.py", line 1260, in next
    if len(self._data) or self._refresh():
                          ~~~~~~~~~~~~~^^
  File "/Users/angelvidals/Documents/GitHub/312-mmo/.venv/lib/python3.13/site-packages/pymongo/synchronous/cursor.py", line 1208, in _refresh
    self._send_message(q)
    ~~~~~~~~~~~~~~~~~~^^^
  File "/Users/angelvidals/Documents/GitHub/312-mmo/.venv/lib/python3.13/site-packages/pymongo/synchronous/cursor.py", line 1102, in _send_message
    response = client._run_operation(
        operation, self._unpack_response, address=self._address
    )
  File "/Users/angelvidals/Documents/GitHub/312-mmo/.venv/lib/python3.13/site-packages/pymongo/_csot.py", line 119, in csot_wrapper
    return func(self, *args, **kwargs)
  File "/Users/angelvidals/Documents/GitHub/312-mmo/.venv/lib/python3.13/site-packages/pymongo/synchronous/mongo_client.py", line 1896, in _run_operation
    return self._retryable_read(
           ~~~~~~~~~~~~~~~~~~~~^
        _cmd,
        ^^^^^
    ...<4 lines>...
        operation=operation.name,
        ^^^^^^^^^^^^^^^^^^^^^^^^^
    )
    ^
  File "/Users/angelvidals/Documents/GitHub/312-mmo/.venv/lib/python3.13/site-packages/pymongo/synchronous/mongo_client.py", line 2005, in _retryable_read
    return self._retry_internal(
           ~~~~~~~~~~~~~~~~~~~~^
        func,
        ^^^^^
    ...<7 lines>...
        operation_id=operation_id,
        ^^^^^^^^^^^^^^^^^^^^^^^^^^
    )
    ^
  File "/Users/angelvidals/Documents/GitHub/312-mmo/.venv/lib/python3.13/site-packages/pymongo/_csot.py", line 119, in csot_wrapper
    return func(self, *args, **kwargs)
  File "/Users/angelvidals/Documents/GitHub/312-mmo/.venv/lib/python3.13/site-packages/pymongo/synchronous/mongo_client.py", line 1972, in _retry_internal
    ).run()
      ~~~^^
  File "/Users/angelvidals/Documents/GitHub/312-mmo/.venv/lib/python3.13/site-packages/pymongo/synchronous/mongo_client.py", line 2709, in run
    return self._read() if self._is_read else self._write()
           ~~~~~~~~~~^^
  File "/Users/angelvidals/Documents/GitHub/312-mmo/.venv/lib/python3.13/site-packages/pymongo/synchronous/mongo_client.py", line 2854, in _read
    self._server = self._get_server()
                   ~~~~~~~~~~~~~~~~^^
  File "/Users/angelvidals/Documents/GitHub/312-mmo/.venv/lib/python3.13/site-packages/pymongo/synchronous/mongo_client.py", line 2802, in _get_server
    return self._client._select_server(
           ~~~~~~~~~~~~~~~~~~~~~~~~~~~^
        self._server_selector,
        ^^^^^^^^^^^^^^^^^^^^^^
    ...<4 lines>...
        operation_id=self._operation_id,
        ^^^^^^^^^^^^^^^^^^^^^^^^^^^^^^^^
    )
    ^
  File "/Users/angelvidals/Documents/GitHub/312-mmo/.venv/lib/python3.13/site-packages/pymongo/synchronous/mongo_client.py", line 1791, in _select_server
    server = topology.select_server(
        server_selector,
    ...<2 lines>...
        operation_id=operation_id,
    )
  File "/Users/angelvidals/Documents/GitHub/312-mmo/.venv/lib/python3.13/site-packages/pymongo/synchronous/topology.py", line 409, in select_server
    server = self._select_server(
        selector,
    ...<4 lines>...
        operation_id=operation_id,
    )
  File "/Users/angelvidals/Documents/GitHub/312-mmo/.venv/lib/python3.13/site-packages/pymongo/synchronous/topology.py", line 387, in _select_server
    servers = self.select_servers(
        selector, operation, server_selection_timeout, address, operation_id
    )
  File "/Users/angelvidals/Documents/GitHub/312-mmo/.venv/lib/python3.13/site-packages/pymongo/synchronous/topology.py", line 294, in select_servers
    server_descriptions = self._select_servers_loop(
        selector, server_timeout, operation, operation_id, address
    )
  File "/Users/angelvidals/Documents/GitHub/312-mmo/.venv/lib/python3.13/site-packages/pymongo/synchronous/topology.py", line 344, in _select_servers_loop
    raise ServerSelectionTimeoutError(
        f"{self._error_message(selector)}, Timeout: {timeout}s, Topology Description: {self.description!r}"
    )
pymongo.errors.ServerSelectionTimeoutError: localhost:27017: [Errno 61] Connection refused (configured timeouts: socketTimeoutMS: 20000.0ms, connectTimeoutMS: 20000.0ms), Timeout: 30s, Topology Description: <TopologyDescription id: 67fedf6b124e7ab602b57bcc, topology_type: Unknown, servers: [<ServerDescription ('localhost', 27017) server_type: Unknown, rtt: None, error=AutoReconnect('localhost:27017: [Errno 61] Connection refused (configured timeouts: socketTimeoutMS: 20000.0ms, connectTimeoutMS: 20000.0ms)')>]>
[2025-04-15 18:37:58] 127.0.0.1 - - [15/Apr/2025 18:37:58] "[35m[1mPOST /register HTTP/1.1[0m" 500 -
[2025-04-15 18:42:13] [31m[1mWARNING: This is a development server. Do not use it in a production deployment. Use a production WSGI server instead.[0m
 * Running on all addresses (0.0.0.0)
 * Running on http://127.0.0.1:8080
 * Running on http://10.84.46.47:8080
[2025-04-15 18:42:13] [33mPress CTRL+C to quit[0m
[2025-04-15 18:42:16] 127.0.0.1 - POST /register
[2025-04-15 18:42:27] [31m[1mWARNING: This is a development server. Do not use it in a production deployment. Use a production WSGI server instead.[0m
 * Running on all addresses (0.0.0.0)
 * Running on http://127.0.0.1:8080
 * Running on http://10.84.46.47:8080
[2025-04-15 18:42:27] [33mPress CTRL+C to quit[0m
[2025-04-15 18:42:43] 127.0.0.1 - GET /register
[2025-04-15 18:42:43] 127.0.0.1 - - [15/Apr/2025 18:42:43] "GET /register HTTP/1.1" 200 -
[2025-04-15 18:43:39] 127.0.0.1 - POST /register
[2025-04-15 18:44:17] Exception on /register [POST]
Traceback (most recent call last):
  File "/Users/angelvidals/Documents/GitHub/312-mmo/.venv/lib/python3.13/site-packages/flask/app.py", line 1463, in wsgi_app
    response = self.full_dispatch_request()
  File "/Users/angelvidals/Documents/GitHub/312-mmo/.venv/lib/python3.13/site-packages/flask/app.py", line 872, in full_dispatch_request
    rv = self.handle_user_exception(e)
  File "/Users/angelvidals/Documents/GitHub/312-mmo/.venv/lib/python3.13/site-packages/flask/app.py", line 870, in full_dispatch_request
    rv = self.dispatch_request()
  File "/Users/angelvidals/Documents/GitHub/312-mmo/.venv/lib/python3.13/site-packages/flask/app.py", line 855, in dispatch_request
    return self.ensure_sync(self.view_functions[rule.endpoint])(**view_args)  # type: ignore[no-any-return]
           ~~~~~~~~~~~~~~~~~~~~~~~~~~~~~~~~~~~~~~~~~~~~~~~~~~~~^^^^^^^^^^^^^
  File "/Users/angelvidals/Documents/GitHub/312-mmo/app.py", line 18, in register
    response = registration(request)
  File "/Users/angelvidals/Documents/GitHub/312-mmo/util/Authentication.py", line 29, in registration
    user_lookup = user_collection.find_one({"username": username})
  File "/Users/angelvidals/Documents/GitHub/312-mmo/.venv/lib/python3.13/site-packages/pymongo/synchronous/collection.py", line 1755, in find_one
    for result in cursor.limit(-1):
                  ~~~~~~~~~~~~^^^^
  File "/Users/angelvidals/Documents/GitHub/312-mmo/.venv/lib/python3.13/site-packages/pymongo/synchronous/cursor.py", line 1284, in __next__
    return self.next()
           ~~~~~~~~~^^
  File "/Users/angelvidals/Documents/GitHub/312-mmo/.venv/lib/python3.13/site-packages/pymongo/synchronous/cursor.py", line 1260, in next
    if len(self._data) or self._refresh():
                          ~~~~~~~~~~~~~^^
  File "/Users/angelvidals/Documents/GitHub/312-mmo/.venv/lib/python3.13/site-packages/pymongo/synchronous/cursor.py", line 1208, in _refresh
    self._send_message(q)
    ~~~~~~~~~~~~~~~~~~^^^
  File "/Users/angelvidals/Documents/GitHub/312-mmo/.venv/lib/python3.13/site-packages/pymongo/synchronous/cursor.py", line 1102, in _send_message
    response = client._run_operation(
        operation, self._unpack_response, address=self._address
    )
  File "/Users/angelvidals/Documents/GitHub/312-mmo/.venv/lib/python3.13/site-packages/pymongo/_csot.py", line 119, in csot_wrapper
    return func(self, *args, **kwargs)
  File "/Users/angelvidals/Documents/GitHub/312-mmo/.venv/lib/python3.13/site-packages/pymongo/synchronous/mongo_client.py", line 1896, in _run_operation
    return self._retryable_read(
           ~~~~~~~~~~~~~~~~~~~~^
        _cmd,
        ^^^^^
    ...<4 lines>...
        operation=operation.name,
        ^^^^^^^^^^^^^^^^^^^^^^^^^
    )
    ^
  File "/Users/angelvidals/Documents/GitHub/312-mmo/.venv/lib/python3.13/site-packages/pymongo/synchronous/mongo_client.py", line 2005, in _retryable_read
    return self._retry_internal(
           ~~~~~~~~~~~~~~~~~~~~^
        func,
        ^^^^^
    ...<7 lines>...
        operation_id=operation_id,
        ^^^^^^^^^^^^^^^^^^^^^^^^^^
    )
    ^
  File "/Users/angelvidals/Documents/GitHub/312-mmo/.venv/lib/python3.13/site-packages/pymongo/_csot.py", line 119, in csot_wrapper
    return func(self, *args, **kwargs)
  File "/Users/angelvidals/Documents/GitHub/312-mmo/.venv/lib/python3.13/site-packages/pymongo/synchronous/mongo_client.py", line 1972, in _retry_internal
    ).run()
      ~~~^^
  File "/Users/angelvidals/Documents/GitHub/312-mmo/.venv/lib/python3.13/site-packages/pymongo/synchronous/mongo_client.py", line 2709, in run
    return self._read() if self._is_read else self._write()
           ~~~~~~~~~~^^
  File "/Users/angelvidals/Documents/GitHub/312-mmo/.venv/lib/python3.13/site-packages/pymongo/synchronous/mongo_client.py", line 2854, in _read
    self._server = self._get_server()
                   ~~~~~~~~~~~~~~~~^^
  File "/Users/angelvidals/Documents/GitHub/312-mmo/.venv/lib/python3.13/site-packages/pymongo/synchronous/mongo_client.py", line 2802, in _get_server
    return self._client._select_server(
           ~~~~~~~~~~~~~~~~~~~~~~~~~~~^
        self._server_selector,
        ^^^^^^^^^^^^^^^^^^^^^^
    ...<4 lines>...
        operation_id=self._operation_id,
        ^^^^^^^^^^^^^^^^^^^^^^^^^^^^^^^^
    )
    ^
  File "/Users/angelvidals/Documents/GitHub/312-mmo/.venv/lib/python3.13/site-packages/pymongo/synchronous/mongo_client.py", line 1791, in _select_server
    server = topology.select_server(
        server_selector,
    ...<2 lines>...
        operation_id=operation_id,
    )
  File "/Users/angelvidals/Documents/GitHub/312-mmo/.venv/lib/python3.13/site-packages/pymongo/synchronous/topology.py", line 409, in select_server
    server = self._select_server(
        selector,
    ...<4 lines>...
        operation_id=operation_id,
    )
  File "/Users/angelvidals/Documents/GitHub/312-mmo/.venv/lib/python3.13/site-packages/pymongo/synchronous/topology.py", line 387, in _select_server
    servers = self.select_servers(
        selector, operation, server_selection_timeout, address, operation_id
    )
  File "/Users/angelvidals/Documents/GitHub/312-mmo/.venv/lib/python3.13/site-packages/pymongo/synchronous/topology.py", line 294, in select_servers
    server_descriptions = self._select_servers_loop(
        selector, server_timeout, operation, operation_id, address
    )
  File "/Users/angelvidals/Documents/GitHub/312-mmo/.venv/lib/python3.13/site-packages/pymongo/synchronous/topology.py", line 344, in _select_servers_loop
    raise ServerSelectionTimeoutError(
        f"{self._error_message(selector)}, Timeout: {timeout}s, Topology Description: {self.description!r}"
    )
pymongo.errors.ServerSelectionTimeoutError: localhost:27017: [Errno 61] Connection refused (configured timeouts: socketTimeoutMS: 20000.0ms, connectTimeoutMS: 20000.0ms), Timeout: 30s, Topology Description: <TopologyDescription id: 67fee0d3f421fbd9fc676c8d, topology_type: Unknown, servers: [<ServerDescription ('localhost', 27017) server_type: Unknown, rtt: None, error=AutoReconnect('localhost:27017: [Errno 61] Connection refused (configured timeouts: socketTimeoutMS: 20000.0ms, connectTimeoutMS: 20000.0ms)')>]>
[2025-04-15 18:44:17] 127.0.0.1 - - [15/Apr/2025 18:44:17] "[35m[1mPOST /register HTTP/1.1[0m" 500 -
[2025-04-15 18:52:45] [31m[1mWARNING: This is a development server. Do not use it in a production deployment. Use a production WSGI server instead.[0m
 * Running on all addresses (0.0.0.0)
 * Running on http://127.0.0.1:8080
 * Running on http://10.84.46.47:8080
[2025-04-15 18:52:45] [33mPress CTRL+C to quit[0m
[2025-04-15 18:52:51] 127.0.0.1 - GET /register
[2025-04-15 18:52:51] 127.0.0.1 - - [15/Apr/2025 18:52:51] "GET /register HTTP/1.1" 200 -
[2025-04-15 18:52:56] 127.0.0.1 - POST /register
[2025-04-15 18:53:38] Exception on /register [POST]
Traceback (most recent call last):
  File "/Users/angelvidals/Documents/GitHub/312-mmo/.venv/lib/python3.13/site-packages/flask/app.py", line 1463, in wsgi_app
    response = self.full_dispatch_request()
  File "/Users/angelvidals/Documents/GitHub/312-mmo/.venv/lib/python3.13/site-packages/flask/app.py", line 872, in full_dispatch_request
    rv = self.handle_user_exception(e)
  File "/Users/angelvidals/Documents/GitHub/312-mmo/.venv/lib/python3.13/site-packages/flask/app.py", line 870, in full_dispatch_request
    rv = self.dispatch_request()
  File "/Users/angelvidals/Documents/GitHub/312-mmo/.venv/lib/python3.13/site-packages/flask/app.py", line 855, in dispatch_request
    return self.ensure_sync(self.view_functions[rule.endpoint])(**view_args)  # type: ignore[no-any-return]
           ~~~~~~~~~~~~~~~~~~~~~~~~~~~~~~~~~~~~~~~~~~~~~~~~~~~~^^^^^^^^^^^^^
  File "/Users/angelvidals/Documents/GitHub/312-mmo/app.py", line 18, in register
    response = registration(request)
  File "/Users/angelvidals/Documents/GitHub/312-mmo/util/Authentication.py", line 29, in registration
    result = user_collection.find_one({"username": username})
  File "/Users/angelvidals/Documents/GitHub/312-mmo/.venv/lib/python3.13/site-packages/pymongo/synchronous/collection.py", line 1755, in find_one
    for result in cursor.limit(-1):
                  ~~~~~~~~~~~~^^^^
  File "/Users/angelvidals/Documents/GitHub/312-mmo/.venv/lib/python3.13/site-packages/pymongo/synchronous/cursor.py", line 1284, in __next__
    return self.next()
           ~~~~~~~~~^^
  File "/Users/angelvidals/Documents/GitHub/312-mmo/.venv/lib/python3.13/site-packages/pymongo/synchronous/cursor.py", line 1260, in next
    if len(self._data) or self._refresh():
                          ~~~~~~~~~~~~~^^
  File "/Users/angelvidals/Documents/GitHub/312-mmo/.venv/lib/python3.13/site-packages/pymongo/synchronous/cursor.py", line 1208, in _refresh
    self._send_message(q)
    ~~~~~~~~~~~~~~~~~~^^^
  File "/Users/angelvidals/Documents/GitHub/312-mmo/.venv/lib/python3.13/site-packages/pymongo/synchronous/cursor.py", line 1102, in _send_message
    response = client._run_operation(
        operation, self._unpack_response, address=self._address
    )
  File "/Users/angelvidals/Documents/GitHub/312-mmo/.venv/lib/python3.13/site-packages/pymongo/_csot.py", line 119, in csot_wrapper
    return func(self, *args, **kwargs)
  File "/Users/angelvidals/Documents/GitHub/312-mmo/.venv/lib/python3.13/site-packages/pymongo/synchronous/mongo_client.py", line 1896, in _run_operation
    return self._retryable_read(
           ~~~~~~~~~~~~~~~~~~~~^
        _cmd,
        ^^^^^
    ...<4 lines>...
        operation=operation.name,
        ^^^^^^^^^^^^^^^^^^^^^^^^^
    )
    ^
  File "/Users/angelvidals/Documents/GitHub/312-mmo/.venv/lib/python3.13/site-packages/pymongo/synchronous/mongo_client.py", line 2005, in _retryable_read
    return self._retry_internal(
           ~~~~~~~~~~~~~~~~~~~~^
        func,
        ^^^^^
    ...<7 lines>...
        operation_id=operation_id,
        ^^^^^^^^^^^^^^^^^^^^^^^^^^
    )
    ^
  File "/Users/angelvidals/Documents/GitHub/312-mmo/.venv/lib/python3.13/site-packages/pymongo/_csot.py", line 119, in csot_wrapper
    return func(self, *args, **kwargs)
  File "/Users/angelvidals/Documents/GitHub/312-mmo/.venv/lib/python3.13/site-packages/pymongo/synchronous/mongo_client.py", line 1972, in _retry_internal
    ).run()
      ~~~^^
  File "/Users/angelvidals/Documents/GitHub/312-mmo/.venv/lib/python3.13/site-packages/pymongo/synchronous/mongo_client.py", line 2709, in run
    return self._read() if self._is_read else self._write()
           ~~~~~~~~~~^^
  File "/Users/angelvidals/Documents/GitHub/312-mmo/.venv/lib/python3.13/site-packages/pymongo/synchronous/mongo_client.py", line 2854, in _read
    self._server = self._get_server()
                   ~~~~~~~~~~~~~~~~^^
  File "/Users/angelvidals/Documents/GitHub/312-mmo/.venv/lib/python3.13/site-packages/pymongo/synchronous/mongo_client.py", line 2802, in _get_server
    return self._client._select_server(
           ~~~~~~~~~~~~~~~~~~~~~~~~~~~^
        self._server_selector,
        ^^^^^^^^^^^^^^^^^^^^^^
    ...<4 lines>...
        operation_id=self._operation_id,
        ^^^^^^^^^^^^^^^^^^^^^^^^^^^^^^^^
    )
    ^
  File "/Users/angelvidals/Documents/GitHub/312-mmo/.venv/lib/python3.13/site-packages/pymongo/synchronous/mongo_client.py", line 1791, in _select_server
    server = topology.select_server(
        server_selector,
    ...<2 lines>...
        operation_id=operation_id,
    )
  File "/Users/angelvidals/Documents/GitHub/312-mmo/.venv/lib/python3.13/site-packages/pymongo/synchronous/topology.py", line 409, in select_server
    server = self._select_server(
        selector,
    ...<4 lines>...
        operation_id=operation_id,
    )
  File "/Users/angelvidals/Documents/GitHub/312-mmo/.venv/lib/python3.13/site-packages/pymongo/synchronous/topology.py", line 387, in _select_server
    servers = self.select_servers(
        selector, operation, server_selection_timeout, address, operation_id
    )
  File "/Users/angelvidals/Documents/GitHub/312-mmo/.venv/lib/python3.13/site-packages/pymongo/synchronous/topology.py", line 294, in select_servers
    server_descriptions = self._select_servers_loop(
        selector, server_timeout, operation, operation_id, address
    )
  File "/Users/angelvidals/Documents/GitHub/312-mmo/.venv/lib/python3.13/site-packages/pymongo/synchronous/topology.py", line 344, in _select_servers_loop
    raise ServerSelectionTimeoutError(
        f"{self._error_message(selector)}, Timeout: {timeout}s, Topology Description: {self.description!r}"
    )
pymongo.errors.ServerSelectionTimeoutError: localhost:27017: [Errno 61] Connection refused (configured timeouts: socketTimeoutMS: 20000.0ms, connectTimeoutMS: 20000.0ms), Timeout: 30s, Topology Description: <TopologyDescription id: 67fee33da9e6e4e1666bd3c7, topology_type: Unknown, servers: [<ServerDescription ('localhost', 27017) server_type: Unknown, rtt: None, error=AutoReconnect('localhost:27017: [Errno 61] Connection refused (configured timeouts: socketTimeoutMS: 20000.0ms, connectTimeoutMS: 20000.0ms)')>]>
[2025-04-15 18:53:38] 127.0.0.1 - - [15/Apr/2025 18:53:38] "[35m[1mPOST /register HTTP/1.1[0m" 500 -
[2025-04-15 18:54:19] [31m[1mWARNING: This is a development server. Do not use it in a production deployment. Use a production WSGI server instead.[0m
 * Running on all addresses (0.0.0.0)
 * Running on http://127.0.0.1:8080
 * Running on http://10.84.46.47:8080
[2025-04-15 18:54:19] [33mPress CTRL+C to quit[0m
[2025-04-15 18:54:21] 127.0.0.1 - GET /register
[2025-04-15 18:54:21] 127.0.0.1 - - [15/Apr/2025 18:54:21] "GET /register HTTP/1.1" 200 -
[2025-04-15 18:54:27] 127.0.0.1 - POST /register
[2025-04-15 18:55:16] Exception on /register [POST]
Traceback (most recent call last):
  File "/Users/angelvidals/Documents/GitHub/312-mmo/.venv/lib/python3.13/site-packages/flask/app.py", line 1463, in wsgi_app
    response = self.full_dispatch_request()
  File "/Users/angelvidals/Documents/GitHub/312-mmo/.venv/lib/python3.13/site-packages/flask/app.py", line 872, in full_dispatch_request
    rv = self.handle_user_exception(e)
  File "/Users/angelvidals/Documents/GitHub/312-mmo/.venv/lib/python3.13/site-packages/flask/app.py", line 870, in full_dispatch_request
    rv = self.dispatch_request()
  File "/Users/angelvidals/Documents/GitHub/312-mmo/.venv/lib/python3.13/site-packages/flask/app.py", line 855, in dispatch_request
    return self.ensure_sync(self.view_functions[rule.endpoint])(**view_args)  # type: ignore[no-any-return]
           ~~~~~~~~~~~~~~~~~~~~~~~~~~~~~~~~~~~~~~~~~~~~~~~~~~~~^^^^^^^^^^^^^
  File "/Users/angelvidals/Documents/GitHub/312-mmo/app.py", line 18, in register
    response = registration(request)
  File "/Users/angelvidals/Documents/GitHub/312-mmo/util/Authentication.py", line 29, in registration
    user_lookup = user_collection.find_one({"username": username})
  File "/Users/angelvidals/Documents/GitHub/312-mmo/.venv/lib/python3.13/site-packages/pymongo/synchronous/collection.py", line 1755, in find_one
    for result in cursor.limit(-1):
                  ~~~~~~~~~~~~^^^^
  File "/Users/angelvidals/Documents/GitHub/312-mmo/.venv/lib/python3.13/site-packages/pymongo/synchronous/cursor.py", line 1284, in __next__
    return self.next()
           ~~~~~~~~~^^
  File "/Users/angelvidals/Documents/GitHub/312-mmo/.venv/lib/python3.13/site-packages/pymongo/synchronous/cursor.py", line 1260, in next
    if len(self._data) or self._refresh():
                          ~~~~~~~~~~~~~^^
  File "/Users/angelvidals/Documents/GitHub/312-mmo/.venv/lib/python3.13/site-packages/pymongo/synchronous/cursor.py", line 1208, in _refresh
    self._send_message(q)
    ~~~~~~~~~~~~~~~~~~^^^
  File "/Users/angelvidals/Documents/GitHub/312-mmo/.venv/lib/python3.13/site-packages/pymongo/synchronous/cursor.py", line 1102, in _send_message
    response = client._run_operation(
        operation, self._unpack_response, address=self._address
    )
  File "/Users/angelvidals/Documents/GitHub/312-mmo/.venv/lib/python3.13/site-packages/pymongo/_csot.py", line 119, in csot_wrapper
    return func(self, *args, **kwargs)
  File "/Users/angelvidals/Documents/GitHub/312-mmo/.venv/lib/python3.13/site-packages/pymongo/synchronous/mongo_client.py", line 1896, in _run_operation
    return self._retryable_read(
           ~~~~~~~~~~~~~~~~~~~~^
        _cmd,
        ^^^^^
    ...<4 lines>...
        operation=operation.name,
        ^^^^^^^^^^^^^^^^^^^^^^^^^
    )
    ^
  File "/Users/angelvidals/Documents/GitHub/312-mmo/.venv/lib/python3.13/site-packages/pymongo/synchronous/mongo_client.py", line 2005, in _retryable_read
    return self._retry_internal(
           ~~~~~~~~~~~~~~~~~~~~^
        func,
        ^^^^^
    ...<7 lines>...
        operation_id=operation_id,
        ^^^^^^^^^^^^^^^^^^^^^^^^^^
    )
    ^
  File "/Users/angelvidals/Documents/GitHub/312-mmo/.venv/lib/python3.13/site-packages/pymongo/_csot.py", line 119, in csot_wrapper
    return func(self, *args, **kwargs)
  File "/Users/angelvidals/Documents/GitHub/312-mmo/.venv/lib/python3.13/site-packages/pymongo/synchronous/mongo_client.py", line 1972, in _retry_internal
    ).run()
      ~~~^^
  File "/Users/angelvidals/Documents/GitHub/312-mmo/.venv/lib/python3.13/site-packages/pymongo/synchronous/mongo_client.py", line 2709, in run
    return self._read() if self._is_read else self._write()
           ~~~~~~~~~~^^
  File "/Users/angelvidals/Documents/GitHub/312-mmo/.venv/lib/python3.13/site-packages/pymongo/synchronous/mongo_client.py", line 2854, in _read
    self._server = self._get_server()
                   ~~~~~~~~~~~~~~~~^^
  File "/Users/angelvidals/Documents/GitHub/312-mmo/.venv/lib/python3.13/site-packages/pymongo/synchronous/mongo_client.py", line 2802, in _get_server
    return self._client._select_server(
           ~~~~~~~~~~~~~~~~~~~~~~~~~~~^
        self._server_selector,
        ^^^^^^^^^^^^^^^^^^^^^^
    ...<4 lines>...
        operation_id=self._operation_id,
        ^^^^^^^^^^^^^^^^^^^^^^^^^^^^^^^^
    )
    ^
  File "/Users/angelvidals/Documents/GitHub/312-mmo/.venv/lib/python3.13/site-packages/pymongo/synchronous/mongo_client.py", line 1791, in _select_server
    server = topology.select_server(
        server_selector,
    ...<2 lines>...
        operation_id=operation_id,
    )
  File "/Users/angelvidals/Documents/GitHub/312-mmo/.venv/lib/python3.13/site-packages/pymongo/synchronous/topology.py", line 409, in select_server
    server = self._select_server(
        selector,
    ...<4 lines>...
        operation_id=operation_id,
    )
  File "/Users/angelvidals/Documents/GitHub/312-mmo/.venv/lib/python3.13/site-packages/pymongo/synchronous/topology.py", line 387, in _select_server
    servers = self.select_servers(
        selector, operation, server_selection_timeout, address, operation_id
    )
  File "/Users/angelvidals/Documents/GitHub/312-mmo/.venv/lib/python3.13/site-packages/pymongo/synchronous/topology.py", line 294, in select_servers
    server_descriptions = self._select_servers_loop(
        selector, server_timeout, operation, operation_id, address
    )
  File "/Users/angelvidals/Documents/GitHub/312-mmo/.venv/lib/python3.13/site-packages/pymongo/synchronous/topology.py", line 344, in _select_servers_loop
    raise ServerSelectionTimeoutError(
        f"{self._error_message(selector)}, Timeout: {timeout}s, Topology Description: {self.description!r}"
    )
pymongo.errors.ServerSelectionTimeoutError: localhost:27017: [Errno 61] Connection refused (configured timeouts: socketTimeoutMS: 20000.0ms, connectTimeoutMS: 20000.0ms), Timeout: 30s, Topology Description: <TopologyDescription id: 67fee39bbdf898ebf4c5e7da, topology_type: Unknown, servers: [<ServerDescription ('localhost', 27017) server_type: Unknown, rtt: None, error=AutoReconnect('localhost:27017: [Errno 61] Connection refused (configured timeouts: socketTimeoutMS: 20000.0ms, connectTimeoutMS: 20000.0ms)')>]>
[2025-04-15 18:55:16] 127.0.0.1 - - [15/Apr/2025 18:55:16] "[35m[1mPOST /register HTTP/1.1[0m" 500 -
[2025-04-15 18:56:01] [31m[1mWARNING: This is a development server. Do not use it in a production deployment. Use a production WSGI server instead.[0m
 * Running on all addresses (0.0.0.0)
 * Running on http://127.0.0.1:8080
 * Running on http://10.84.46.47:8080
[2025-04-15 18:56:01] [33mPress CTRL+C to quit[0m
[2025-04-15 18:56:01]  * Restarting with stat
[2025-04-15 18:56:01]  * Debugger is active!
[2025-04-15 18:56:01]  * Debugger PIN: 138-512-773
[2025-04-15 18:56:10] 127.0.0.1 - GET /register
[2025-04-15 18:56:10] 127.0.0.1 - - [15/Apr/2025 18:56:10] "GET /register HTTP/1.1" 200 -
[2025-04-15 18:56:15] 127.0.0.1 - POST /register
[2025-04-15 18:56:45] 127.0.0.1 - - [15/Apr/2025 18:56:45] "[35m[1mPOST /register HTTP/1.1[0m" 500 -
[2025-04-15 18:56:45] 127.0.0.1 - - [15/Apr/2025 18:56:45] "GET /register?__debugger__=yes&cmd=resource&f=debugger.js HTTP/1.1" 200 -
[2025-04-15 18:56:45] 127.0.0.1 - - [15/Apr/2025 18:56:45] "GET /register?__debugger__=yes&cmd=resource&f=style.css HTTP/1.1" 200 -
[2025-04-15 18:56:45] 127.0.0.1 - - [15/Apr/2025 18:56:45] "GET /register?__debugger__=yes&cmd=resource&f=console.png&s=6HKymake3U5DLp8svV3K HTTP/1.1" 200 -
[2025-04-15 18:56:45] 127.0.0.1 - - [15/Apr/2025 18:56:45] "GET /register?__debugger__=yes&cmd=resource&f=console.png HTTP/1.1" 200 -
[2025-04-15 18:58:17] [31m[1mWARNING: This is a development server. Do not use it in a production deployment. Use a production WSGI server instead.[0m
 * Running on all addresses (0.0.0.0)
 * Running on http://127.0.0.1:8080
 * Running on http://10.84.46.47:8080
[2025-04-15 18:58:17] [33mPress CTRL+C to quit[0m
[2025-04-15 18:58:22] 127.0.0.1 - POST /register
[2025-04-15 18:59:05] [31m[1mWARNING: This is a development server. Do not use it in a production deployment. Use a production WSGI server instead.[0m
 * Running on all addresses (0.0.0.0)
 * Running on http://127.0.0.1:8080
 * Running on http://10.84.46.47:8080
[2025-04-15 18:59:05] [33mPress CTRL+C to quit[0m
[2025-04-15 18:59:09] 127.0.0.1 - GET /register
[2025-04-15 18:59:09] 127.0.0.1 - - [15/Apr/2025 18:59:09] "GET /register HTTP/1.1" 200 -
[2025-04-15 18:59:19] 127.0.0.1 - POST /register
[2025-04-15 18:59:31] 127.0.0.1 - GET /register
[2025-04-15 18:59:31] 127.0.0.1 - - [15/Apr/2025 18:59:31] "GET /register HTTP/1.1" 200 -
[2025-04-15 18:59:44] [31m[1mWARNING: This is a development server. Do not use it in a production deployment. Use a production WSGI server instead.[0m
 * Running on all addresses (0.0.0.0)
 * Running on http://127.0.0.1:8080
 * Running on http://10.84.46.47:8080
[2025-04-15 18:59:44] [33mPress CTRL+C to quit[0m
[2025-04-15 18:59:48] 127.0.0.1 - GET /register
[2025-04-15 18:59:48] 127.0.0.1 - - [15/Apr/2025 18:59:48] "GET /register HTTP/1.1" 200 -
[2025-04-15 18:59:54] 127.0.0.1 - POST /register
[2025-04-15 19:08:04] [31m[1mWARNING: This is a development server. Do not use it in a production deployment. Use a production WSGI server instead.[0m
 * Running on all addresses (0.0.0.0)
 * Running on http://127.0.0.1:8080
 * Running on http://10.84.46.47:8080
[2025-04-15 19:08:04] [33mPress CTRL+C to quit[0m
[2025-04-15 19:08:04]  * Restarting with stat
[2025-04-15 19:08:04]  * Debugger is active!
[2025-04-15 19:08:04]  * Debugger PIN: 138-512-773
[2025-04-15 19:08:16] 127.0.0.1 - GET /register
[2025-04-15 19:08:16] 127.0.0.1 - - [15/Apr/2025 19:08:16] "GET /register HTTP/1.1" 200 -
[2025-04-15 19:08:21] 127.0.0.1 - POST /register
[2025-04-15 19:08:52] 127.0.0.1 - - [15/Apr/2025 19:08:52] "[35m[1mPOST /register HTTP/1.1[0m" 500 -
[2025-04-15 19:08:52] 127.0.0.1 - - [15/Apr/2025 19:08:52] "[36mGET /register?__debugger__=yes&cmd=resource&f=style.css HTTP/1.1[0m" 304 -
[2025-04-15 19:08:52] 127.0.0.1 - - [15/Apr/2025 19:08:52] "[36mGET /register?__debugger__=yes&cmd=resource&f=debugger.js HTTP/1.1[0m" 304 -
[2025-04-15 19:08:52] 127.0.0.1 - - [15/Apr/2025 19:08:52] "GET /register?__debugger__=yes&cmd=resource&f=console.png&s=XoLLX0smZGrSB7UcaItm HTTP/1.1" 200 -
[2025-04-15 19:08:52] 127.0.0.1 - - [15/Apr/2025 19:08:52] "[36mGET /register?__debugger__=yes&cmd=resource&f=console.png HTTP/1.1[0m" 304 -
[2025-04-15 19:10:12]  * Detected change in '/Users/angelvidals/Documents/GitHub/312-mmo/util/Authentication.py', reloading
[2025-04-15 19:10:12]  * Restarting with stat
[2025-04-15 19:10:13]  * Debugger is active!
[2025-04-15 19:10:13]  * Debugger PIN: 138-512-773
[2025-04-15 19:10:15]  * Detected change in '/Users/angelvidals/Documents/GitHub/312-mmo/util/Authentication.py', reloading
[2025-04-15 19:10:15]  * Restarting with stat
[2025-04-15 19:10:15]  * Debugger is active!
[2025-04-15 19:10:15]  * Debugger PIN: 138-512-773
[2025-04-15 19:10:45]  * Detected change in '/Users/angelvidals/Documents/GitHub/312-mmo/util/Authentication.py', reloading
[2025-04-15 19:10:46]  * Restarting with stat
[2025-04-15 19:12:00] [31m[1mWARNING: This is a development server. Do not use it in a production deployment. Use a production WSGI server instead.[0m
 * Running on all addresses (0.0.0.0)
 * Running on http://127.0.0.1:8080
 * Running on http://10.84.46.47:8080
[2025-04-15 19:12:00] [33mPress CTRL+C to quit[0m
[2025-04-15 19:12:00]  * Restarting with stat
[2025-04-15 19:12:00]  * Debugger is active!
[2025-04-15 19:12:00]  * Debugger PIN: 138-512-773
[2025-04-15 19:12:13] 127.0.0.1 - GET /register
[2025-04-15 19:12:13] 127.0.0.1 - - [15/Apr/2025 19:12:13] "GET /register HTTP/1.1" 200 -
[2025-04-15 19:12:18] 127.0.0.1 - POST /register
[2025-04-15 19:12:18] 127.0.0.1 - - [15/Apr/2025 19:12:18] "[35m[1mPOST /register HTTP/1.1[0m" 500 -
[2025-04-15 19:12:18] 127.0.0.1 - - [15/Apr/2025 19:12:18] "[36mGET /register?__debugger__=yes&cmd=resource&f=debugger.js HTTP/1.1[0m" 304 -
[2025-04-15 19:12:18] 127.0.0.1 - - [15/Apr/2025 19:12:18] "[36mGET /register?__debugger__=yes&cmd=resource&f=style.css HTTP/1.1[0m" 304 -
[2025-04-15 19:12:18] 127.0.0.1 - - [15/Apr/2025 19:12:18] "GET /register?__debugger__=yes&cmd=resource&f=console.png&s=a9MiRYHPnXpR9wrb2ShF HTTP/1.1" 200 -
[2025-04-15 19:12:18] 127.0.0.1 - - [15/Apr/2025 19:12:18] "[36mGET /register?__debugger__=yes&cmd=resource&f=console.png HTTP/1.1[0m" 304 -
[2025-04-15 19:12:32]  * Detected change in '/Users/angelvidals/Documents/GitHub/312-mmo/util/Authentication.py', reloading
[2025-04-15 19:12:33]  * Restarting with stat
[2025-04-15 19:12:33]  * Debugger is active!
[2025-04-15 19:12:33]  * Debugger PIN: 138-512-773
[2025-04-15 19:12:39] [31m[1mWARNING: This is a development server. Do not use it in a production deployment. Use a production WSGI server instead.[0m
 * Running on all addresses (0.0.0.0)
 * Running on http://127.0.0.1:8080
 * Running on http://10.84.46.47:8080
[2025-04-15 19:12:39] [33mPress CTRL+C to quit[0m
[2025-04-15 19:12:39]  * Restarting with stat
[2025-04-15 19:12:39]  * Debugger is active!
[2025-04-15 19:12:39]  * Debugger PIN: 138-512-773
[2025-04-15 19:12:43] 127.0.0.1 - GET /register
[2025-04-15 19:12:43] 127.0.0.1 - - [15/Apr/2025 19:12:43] "GET /register HTTP/1.1" 200 -
[2025-04-15 19:12:48] 127.0.0.1 - POST /register
[2025-04-15 19:13:18] 127.0.0.1 - - [15/Apr/2025 19:13:18] "[35m[1mPOST /register HTTP/1.1[0m" 500 -
[2025-04-15 19:13:18] 127.0.0.1 - - [15/Apr/2025 19:13:18] "[36mGET /register?__debugger__=yes&cmd=resource&f=style.css HTTP/1.1[0m" 304 -
[2025-04-15 19:13:18] 127.0.0.1 - - [15/Apr/2025 19:13:18] "[36mGET /register?__debugger__=yes&cmd=resource&f=debugger.js HTTP/1.1[0m" 304 -
[2025-04-15 19:13:18] 127.0.0.1 - - [15/Apr/2025 19:13:18] "GET /register?__debugger__=yes&cmd=resource&f=console.png&s=vYZTknym4GEAQ9LXVtuB HTTP/1.1" 200 -
[2025-04-15 19:13:18] 127.0.0.1 - - [15/Apr/2025 19:13:18] "[36mGET /register?__debugger__=yes&cmd=resource&f=console.png HTTP/1.1[0m" 304 -
[2025-04-15 23:20:20] [31m[1mWARNING: This is a development server. Do not use it in a production deployment. Use a production WSGI server instead.[0m
 * Running on all addresses (0.0.0.0)
 * Running on http://127.0.0.1:8080
 * Running on http://172.28.0.2:8080
[2025-04-15 23:20:20] [33mPress CTRL+C to quit[0m
[2025-04-15 23:20:20]  * Restarting with stat
[2025-04-15 23:20:20]  * Debugger is active!
[2025-04-15 23:20:20]  * Debugger PIN: 998-883-824
[2025-04-15 23:21:42] 192.168.65.1 - GET /
[2025-04-15 23:21:42] 192.168.65.1 - - [15/Apr/2025 23:21:42] "[33mGET / HTTP/1.1[0m" 404 -
[2025-04-15 19:37:21] [31m[1mWARNING: This is a development server. Do not use it in a production deployment. Use a production WSGI server instead.[0m
 * Running on all addresses (0.0.0.0)
 * Running on http://127.0.0.1:8080
 * Running on http://10.84.46.47:8080
[2025-04-15 19:37:21] [33mPress CTRL+C to quit[0m
[2025-04-15 19:37:21]  * Restarting with stat
[2025-04-15 19:37:22]  * Debugger is active!
[2025-04-15 19:37:22]  * Debugger PIN: 138-512-773
[2025-04-15 19:38:10] 127.0.0.1 - GET /register
[2025-04-15 19:38:10] 127.0.0.1 - - [15/Apr/2025 19:38:10] "GET /register HTTP/1.1" 200 -
[2025-04-15 19:38:19] 127.0.0.1 - POST /register
[2025-04-15 19:38:19] 127.0.0.1 - - [15/Apr/2025 19:38:19] "[35m[1mPOST /register HTTP/1.1[0m" 500 -
[2025-04-15 19:38:19] 127.0.0.1 - - [15/Apr/2025 19:38:19] "[36mGET /register?__debugger__=yes&cmd=resource&f=debugger.js HTTP/1.1[0m" 304 -
[2025-04-15 19:38:19] 127.0.0.1 - - [15/Apr/2025 19:38:19] "[36mGET /register?__debugger__=yes&cmd=resource&f=style.css HTTP/1.1[0m" 304 -
[2025-04-15 19:38:19] 127.0.0.1 - - [15/Apr/2025 19:38:19] "GET /register?__debugger__=yes&cmd=resource&f=console.png&s=zVfKTMXJYuaumMtPLlnR HTTP/1.1" 200 -
[2025-04-15 19:38:19] 127.0.0.1 - - [15/Apr/2025 19:38:19] "[36mGET /register?__debugger__=yes&cmd=resource&f=console.png HTTP/1.1[0m" 304 -
[2025-04-15 19:57:10]  * Detected change in '/Users/angelvidals/Documents/GitHub/312-mmo/util/Authentication.py', reloading
[2025-04-15 19:57:11]  * Restarting with stat
[2025-04-15 19:57:11]  * Debugger is active!
[2025-04-15 19:57:11]  * Debugger PIN: 138-512-773
[2025-04-15 19:57:14]  * Detected change in '/Users/angelvidals/Documents/GitHub/312-mmo/util/Authentication.py', reloading
[2025-04-15 19:57:15]  * Restarting with stat
[2025-04-15 20:05:16] [31m[1mWARNING: This is a development server. Do not use it in a production deployment. Use a production WSGI server instead.[0m
 * Running on all addresses (0.0.0.0)
 * Running on http://127.0.0.1:8080
 * Running on http://10.84.46.47:8080
[2025-04-15 20:05:16] [33mPress CTRL+C to quit[0m
[2025-04-15 20:05:16]  * Restarting with stat
[2025-04-15 20:05:16]  * Debugger is active!
[2025-04-15 20:05:16]  * Debugger PIN: 138-512-773
[2025-04-15 20:05:24] 127.0.0.1 - GET /register
[2025-04-15 20:05:24] 127.0.0.1 - - [15/Apr/2025 20:05:24] "GET /register HTTP/1.1" 200 -
[2025-04-15 20:05:38] 127.0.0.1 - POST /register
[2025-04-15 20:05:38] 127.0.0.1 - - [15/Apr/2025 20:05:38] "[32mPOST /register HTTP/1.1[0m" 302 -
[2025-04-15 20:05:38] 127.0.0.1 - GET /login
[2025-04-15 20:05:38] 127.0.0.1 - - [15/Apr/2025 20:05:38] "GET /login HTTP/1.1" 200 -
[2025-04-15 20:05:51] 127.0.0.1 - POST /login
[2025-04-15 20:05:51] 127.0.0.1 - - [15/Apr/2025 20:05:51] "[35m[1mPOST /login HTTP/1.1[0m" 500 -
[2025-04-15 20:05:51] 127.0.0.1 - - [15/Apr/2025 20:05:51] "GET /login?__debugger__=yes&cmd=resource&f=debugger.js HTTP/1.1" 200 -
[2025-04-15 20:05:51] 127.0.0.1 - - [15/Apr/2025 20:05:51] "GET /login?__debugger__=yes&cmd=resource&f=style.css HTTP/1.1" 200 -
[2025-04-15 20:05:51] 127.0.0.1 - - [15/Apr/2025 20:05:51] "GET /login?__debugger__=yes&cmd=resource&f=console.png&s=049lHOCNJDeQMVZkHXCJ HTTP/1.1" 200 -
[2025-04-15 20:05:51] 127.0.0.1 - - [15/Apr/2025 20:05:51] "GET /login?__debugger__=yes&cmd=resource&f=console.png HTTP/1.1" 200 -
[2025-04-15 20:07:47]  * Detected change in '/Users/angelvidals/Documents/GitHub/312-mmo/app.py', reloading
[2025-04-15 20:07:48]  * Restarting with stat
[2025-04-15 20:07:48]  * Debugger is active!
[2025-04-15 20:07:48]  * Debugger PIN: 138-512-773
[2025-04-15 20:07:51]  * Detected change in '/Users/angelvidals/Documents/GitHub/312-mmo/app.py', reloading
[2025-04-15 20:07:51]  * Restarting with stat
[2025-04-15 20:07:52]  * Debugger is active!
[2025-04-15 20:07:52]  * Debugger PIN: 138-512-773
[2025-04-15 20:08:24] [31m[1mWARNING: This is a development server. Do not use it in a production deployment. Use a production WSGI server instead.[0m
 * Running on all addresses (0.0.0.0)
 * Running on http://127.0.0.1:8080
 * Running on http://10.84.46.47:8080
[2025-04-15 20:08:24] [33mPress CTRL+C to quit[0m
[2025-04-15 20:08:24]  * Restarting with stat
[2025-04-15 20:08:25]  * Debugger is active!
[2025-04-15 20:08:25]  * Debugger PIN: 138-512-773
[2025-04-15 20:08:30] 127.0.0.1 - GET /register
[2025-04-15 20:08:30] 127.0.0.1 - - [15/Apr/2025 20:08:30] "GET /register HTTP/1.1" 200 -
[2025-04-15 20:08:39] 127.0.0.1 - POST /register
[2025-04-15 20:08:39] 127.0.0.1 - - [15/Apr/2025 20:08:39] "[32mPOST /register HTTP/1.1[0m" 302 -
[2025-04-15 20:08:39] 127.0.0.1 - GET /login
[2025-04-15 20:08:39] 127.0.0.1 - - [15/Apr/2025 20:08:39] "GET /login HTTP/1.1" 200 -
[2025-04-15 20:08:45] 127.0.0.1 - POST /login
[2025-04-15 20:08:45] 127.0.0.1 - - [15/Apr/2025 20:08:45] "[35m[1mPOST /login HTTP/1.1[0m" 500 -
[2025-04-15 20:08:45] 127.0.0.1 - - [15/Apr/2025 20:08:45] "[36mGET /login?__debugger__=yes&cmd=resource&f=style.css HTTP/1.1[0m" 304 -
[2025-04-15 20:08:45] 127.0.0.1 - - [15/Apr/2025 20:08:45] "[36mGET /login?__debugger__=yes&cmd=resource&f=debugger.js HTTP/1.1[0m" 304 -
[2025-04-15 20:08:45] 127.0.0.1 - - [15/Apr/2025 20:08:45] "GET /login?__debugger__=yes&cmd=resource&f=console.png&s=InVV0kqv74jWvpMMXcvN HTTP/1.1" 200 -
[2025-04-15 20:08:45] 127.0.0.1 - - [15/Apr/2025 20:08:45] "[36mGET /login?__debugger__=yes&cmd=resource&f=console.png HTTP/1.1[0m" 304 -
[2025-04-15 20:09:05]  * Detected change in '/Users/angelvidals/Documents/GitHub/312-mmo/util/Authentication.py', reloading
[2025-04-15 20:09:05]  * Restarting with stat
[2025-04-15 20:09:06]  * Debugger is active!
[2025-04-15 20:09:06]  * Debugger PIN: 138-512-773
[2025-04-15 20:09:09] [31m[1mWARNING: This is a development server. Do not use it in a production deployment. Use a production WSGI server instead.[0m
 * Running on all addresses (0.0.0.0)
 * Running on http://127.0.0.1:8080
 * Running on http://10.84.46.47:8080
[2025-04-15 20:09:09] [33mPress CTRL+C to quit[0m
[2025-04-15 20:09:09]  * Restarting with stat
[2025-04-15 20:09:09]  * Debugger is active!
[2025-04-15 20:09:09]  * Debugger PIN: 138-512-773
[2025-04-15 20:09:15] 127.0.0.1 - GET /register
[2025-04-15 20:09:15] 127.0.0.1 - - [15/Apr/2025 20:09:15] "GET /register HTTP/1.1" 200 -
[2025-04-15 20:09:21] 127.0.0.1 - POST /register
[2025-04-15 20:09:21] 127.0.0.1 - - [15/Apr/2025 20:09:21] "[32mPOST /register HTTP/1.1[0m" 302 -
[2025-04-15 20:09:21] 127.0.0.1 - GET /login
[2025-04-15 20:09:21] 127.0.0.1 - - [15/Apr/2025 20:09:21] "GET /login HTTP/1.1" 200 -
[2025-04-15 20:09:26] 127.0.0.1 - POST /login
[2025-04-15 20:09:26] 127.0.0.1 - - [15/Apr/2025 20:09:26] "[31m[1mPOST /login HTTP/1.1[0m" 400 -
[2025-04-15 20:09:36] 127.0.0.1 - POST /login
[2025-04-15 20:09:36] 127.0.0.1 - - [15/Apr/2025 20:09:36] "[31m[1mPOST /login HTTP/1.1[0m" 400 -
[2025-04-15 20:11:23]  * Detected change in '/Users/angelvidals/Documents/GitHub/312-mmo/util/Authentication.py', reloading
[2025-04-15 20:11:23]  * Restarting with stat
[2025-04-15 20:11:23]  * Debugger is active!
[2025-04-15 20:11:23]  * Debugger PIN: 138-512-773
[2025-04-15 20:11:37]  * Detected change in '/Users/angelvidals/Documents/GitHub/312-mmo/util/Authentication.py', reloading
[2025-04-15 20:11:37]  * Restarting with stat
[2025-04-15 20:11:37]  * Debugger is active!
[2025-04-15 20:11:37]  * Debugger PIN: 138-512-773
[2025-04-15 20:11:40]  * Detected change in '/Users/angelvidals/Documents/GitHub/312-mmo/util/Authentication.py', reloading
[2025-04-15 20:11:41]  * Restarting with stat
[2025-04-15 20:11:41]  * Debugger is active!
[2025-04-15 20:11:41]  * Debugger PIN: 138-512-773
[2025-04-15 20:11:43]  * Detected change in '/Users/angelvidals/Documents/GitHub/312-mmo/util/Authentication.py', reloading
[2025-04-15 20:11:44]  * Restarting with stat
[2025-04-15 20:11:44]  * Debugger is active!
[2025-04-15 20:11:44]  * Debugger PIN: 138-512-773
[2025-04-15 20:11:49]  * Detected change in '/Users/angelvidals/Documents/GitHub/312-mmo/util/Authentication.py', reloading
[2025-04-15 20:11:49]  * Restarting with stat
[2025-04-15 20:11:50]  * Debugger is active!
[2025-04-15 20:11:50]  * Debugger PIN: 138-512-773
[2025-04-15 20:12:00] [31m[1mWARNING: This is a development server. Do not use it in a production deployment. Use a production WSGI server instead.[0m
 * Running on all addresses (0.0.0.0)
 * Running on http://127.0.0.1:8080
 * Running on http://10.84.46.47:8080
[2025-04-15 20:12:00] [33mPress CTRL+C to quit[0m
[2025-04-15 20:12:00]  * Restarting with stat
[2025-04-15 20:12:00]  * Debugger is active!
[2025-04-15 20:12:00]  * Debugger PIN: 138-512-773
[2025-04-15 20:12:05] 127.0.0.1 - GET /login
[2025-04-15 20:12:05] 127.0.0.1 - - [15/Apr/2025 20:12:05] "GET /login HTTP/1.1" 200 -
[2025-04-15 20:12:21] 127.0.0.1 - GET /register
[2025-04-15 20:12:21] 127.0.0.1 - - [15/Apr/2025 20:12:21] "GET /register HTTP/1.1" 200 -
[2025-04-15 20:12:27] 127.0.0.1 - POST /register
[2025-04-15 20:12:27] 127.0.0.1 - - [15/Apr/2025 20:12:27] "[32mPOST /register HTTP/1.1[0m" 302 -
[2025-04-15 20:12:27] 127.0.0.1 - GET /login
[2025-04-15 20:12:27] 127.0.0.1 - - [15/Apr/2025 20:12:27] "GET /login HTTP/1.1" 200 -
[2025-04-15 20:13:02] 127.0.0.1 - POST /login
[2025-04-15 20:13:02] 127.0.0.1 - - [15/Apr/2025 20:13:02] "[31m[1mPOST /login HTTP/1.1[0m" 400 -
[2025-04-15 20:14:29] [31m[1mWARNING: This is a development server. Do not use it in a production deployment. Use a production WSGI server instead.[0m
 * Running on all addresses (0.0.0.0)
 * Running on http://127.0.0.1:8080
 * Running on http://10.84.46.47:8080
[2025-04-15 20:14:29] [33mPress CTRL+C to quit[0m
[2025-04-15 20:14:34] 127.0.0.1 - GET /login
[2025-04-15 20:14:34] 127.0.0.1 - - [15/Apr/2025 20:14:34] "GET /login HTTP/1.1" 200 -
[2025-04-15 20:14:40] 127.0.0.1 - POST /login
[2025-04-15 20:17:29] [31m[1mWARNING: This is a development server. Do not use it in a production deployment. Use a production WSGI server instead.[0m
 * Running on all addresses (0.0.0.0)
 * Running on http://127.0.0.1:8080
 * Running on http://10.84.46.47:8080
[2025-04-15 20:17:29] [33mPress CTRL+C to quit[0m
[2025-04-15 20:17:29]  * Restarting with stat
[2025-04-15 20:17:29]  * Debugger is active!
[2025-04-15 20:17:29]  * Debugger PIN: 138-512-773
[2025-04-15 20:17:31] 127.0.0.1 - GET /login
[2025-04-15 20:17:31] 127.0.0.1 - - [15/Apr/2025 20:17:31] "GET /login HTTP/1.1" 200 -
[2025-04-15 20:17:36] 127.0.0.1 - POST /login
[2025-04-15 20:17:37] 127.0.0.1 - - [15/Apr/2025 20:17:37] "[32mPOST /login HTTP/1.1[0m" 302 -
[2025-04-15 20:17:37] 127.0.0.1 - GET /gameboard
[2025-04-15 20:17:37] 127.0.0.1 - - [15/Apr/2025 20:17:37] "GET /gameboard HTTP/1.1" 200 -
[2025-04-15 20:17:40] 127.0.0.1 - GET /favicon.ico
[2025-04-15 20:17:40] 127.0.0.1 - - [15/Apr/2025 20:17:40] "[33mGET /favicon.ico HTTP/1.1[0m" 404 -
[2025-04-15 20:19:11] [31m[1mWARNING: This is a development server. Do not use it in a production deployment. Use a production WSGI server instead.[0m
 * Running on all addresses (0.0.0.0)
 * Running on http://127.0.0.1:8080
 * Running on http://10.84.46.47:8080
[2025-04-15 20:19:11] [33mPress CTRL+C to quit[0m
[2025-04-15 20:19:11]  * Restarting with stat
[2025-04-15 20:19:12]  * Debugger is active!
[2025-04-15 20:19:12]  * Debugger PIN: 138-512-773
[2025-04-15 20:19:15] 127.0.0.1 - GET /register
[2025-04-15 20:19:15] 127.0.0.1 - - [15/Apr/2025 20:19:15] "GET /register HTTP/1.1" 200 -
[2025-04-15 20:20:39] 127.0.0.1 - POST /register
[2025-04-15 20:20:39] 127.0.0.1 - - [15/Apr/2025 20:20:39] "[32mPOST /register HTTP/1.1[0m" 302 -
[2025-04-15 20:20:39] 127.0.0.1 - GET /login
[2025-04-15 20:20:39] 127.0.0.1 - - [15/Apr/2025 20:20:39] "GET /login HTTP/1.1" 200 -
[2025-04-15 20:20:44] 127.0.0.1 - POST /login
[2025-04-15 20:20:44] 127.0.0.1 - - [15/Apr/2025 20:20:44] "[31m[1mPOST /login HTTP/1.1[0m" 400 -
[2025-04-15 20:25:18] 127.0.0.1 - POST /login
[2025-04-15 20:25:18] 127.0.0.1 - - [15/Apr/2025 20:25:18] "[32mPOST /login HTTP/1.1[0m" 302 -
[2025-04-15 20:25:18] 127.0.0.1 - GET /gameboard
[2025-04-15 20:25:18] 127.0.0.1 - - [15/Apr/2025 20:25:18] "GET /gameboard HTTP/1.1" 200 -
[2025-04-15 20:25:22] 127.0.0.1 - GET /favicon.ico
[2025-04-15 20:25:22] 127.0.0.1 - - [15/Apr/2025 20:25:22] "[33mGET /favicon.ico HTTP/1.1[0m" 404 -
[2025-04-15 20:30:53]  * Detected change in '/Users/angelvidals/Documents/GitHub/312-mmo/app.py', reloading
[2025-04-15 20:30:53]  * Restarting with stat
[2025-04-15 20:30:53]  * Debugger is active!
[2025-04-15 20:30:53]  * Debugger PIN: 138-512-773
[2025-04-15 20:31:41] [31m[1mWARNING: This is a development server. Do not use it in a production deployment. Use a production WSGI server instead.[0m
 * Running on all addresses (0.0.0.0)
 * Running on http://127.0.0.1:8080
 * Running on http://10.84.46.47:8080
[2025-04-15 20:31:41] [33mPress CTRL+C to quit[0m
[2025-04-15 20:31:41]  * Restarting with stat
[2025-04-15 20:31:41]  * Debugger is active!
[2025-04-15 20:31:41]  * Debugger PIN: 138-512-773
[2025-04-15 20:31:45] 127.0.0.1 - GET /register
[2025-04-15 20:31:45] 127.0.0.1 - - [15/Apr/2025 20:31:45] "GET /register HTTP/1.1" 200 -
[2025-04-15 20:31:51] 127.0.0.1 - POST /register
[2025-04-15 20:31:51] 127.0.0.1 - - [15/Apr/2025 20:31:51] "[32mPOST /register HTTP/1.1[0m" 302 -
[2025-04-15 20:31:51] 127.0.0.1 - GET /login
[2025-04-15 20:31:51] 127.0.0.1 - - [15/Apr/2025 20:31:51] "GET /login HTTP/1.1" 200 -
[2025-04-15 20:32:32] [31m[1mWARNING: This is a development server. Do not use it in a production deployment. Use a production WSGI server instead.[0m
 * Running on all addresses (0.0.0.0)
 * Running on http://127.0.0.1:8080
 * Running on http://10.84.46.47:8080
[2025-04-15 20:32:32] [33mPress CTRL+C to quit[0m
[2025-04-15 20:32:41] 127.0.0.1 - GET /register
[2025-04-15 20:32:41] 127.0.0.1 - - [15/Apr/2025 20:32:41] "GET /register HTTP/1.1" 200 -
[2025-04-15 20:32:47] 127.0.0.1 - POST /register
[2025-04-15 20:34:00] [31m[1mWARNING: This is a development server. Do not use it in a production deployment. Use a production WSGI server instead.[0m
 * Running on all addresses (0.0.0.0)
 * Running on http://127.0.0.1:8080
 * Running on http://10.84.46.47:8080
[2025-04-15 20:34:00] [33mPress CTRL+C to quit[0m
[2025-04-15 20:34:00]  * Restarting with stat
[2025-04-15 20:34:00]  * Debugger is active!
[2025-04-15 20:34:00]  * Debugger PIN: 138-512-773
[2025-04-15 20:34:05] 127.0.0.1 - GET /register
[2025-04-15 20:34:05] 127.0.0.1 - - [15/Apr/2025 20:34:05] "GET /register HTTP/1.1" 200 -
[2025-04-15 20:34:10] 127.0.0.1 - POST /register
[2025-04-15 20:34:10] 127.0.0.1 - - [15/Apr/2025 20:34:10] "[32mPOST /register HTTP/1.1[0m" 302 -
[2025-04-15 20:34:10] 127.0.0.1 - GET /login
[2025-04-15 20:34:10] 127.0.0.1 - - [15/Apr/2025 20:34:10] "GET /login HTTP/1.1" 200 -
[2025-04-15 20:34:21] 127.0.0.1 - POST /login
[2025-04-15 20:34:21] 127.0.0.1 - - [15/Apr/2025 20:34:21] "[32mPOST /login HTTP/1.1[0m" 302 -
[2025-04-15 20:34:21] 127.0.0.1 - GET /gameboard
[2025-04-15 20:34:21] 127.0.0.1 - - [15/Apr/2025 20:34:21] "GET /gameboard HTTP/1.1" 200 -
[2025-04-15 20:34:37] 127.0.0.1 - GET /register
[2025-04-15 20:34:37] 127.0.0.1 - - [15/Apr/2025 20:34:37] "GET /register HTTP/1.1" 200 -
[2025-04-15 20:34:42] 127.0.0.1 - POST /register
[2025-04-15 20:34:42] 127.0.0.1 - - [15/Apr/2025 20:34:42] "[31m[1mPOST /register HTTP/1.1[0m" 400 -
[2025-04-15 20:35:10] 127.0.0.1 - POST /register
[2025-04-15 20:35:10] 127.0.0.1 - - [15/Apr/2025 20:35:10] "[31m[1mPOST /register HTTP/1.1[0m" 400 -
[2025-04-15 20:35:35] [31m[1mWARNING: This is a development server. Do not use it in a production deployment. Use a production WSGI server instead.[0m
 * Running on all addresses (0.0.0.0)
 * Running on http://127.0.0.1:8080
 * Running on http://10.84.46.47:8080
[2025-04-15 20:35:35] [33mPress CTRL+C to quit[0m
[2025-04-15 20:38:26] 127.0.0.1 - GET /register
[2025-04-15 20:38:52] 127.0.0.1 - - [15/Apr/2025 20:38:52] "GET /register HTTP/1.1" 200 -
[2025-04-15 20:39:07] 127.0.0.1 - POST /register
[2025-04-15 20:39:38] 127.0.0.1 - - [15/Apr/2025 20:39:38] "[31m[1mPOST /register HTTP/1.1[0m" 400 -
[2025-04-15 20:39:49] [31m[1mWARNING: This is a development server. Do not use it in a production deployment. Use a production WSGI server instead.[0m
 * Running on all addresses (0.0.0.0)
 * Running on http://127.0.0.1:8080
 * Running on http://10.84.46.47:8080
[2025-04-15 20:39:49] [33mPress CTRL+C to quit[0m
[2025-04-15 20:39:49]  * Restarting with stat
[2025-04-15 20:39:49]  * Debugger is active!
[2025-04-15 20:39:49]  * Debugger PIN: 138-512-773
[2025-04-15 20:39:52] 127.0.0.1 - GET /register
[2025-04-15 20:39:52] 127.0.0.1 - - [15/Apr/2025 20:39:52] "GET /register HTTP/1.1" 200 -
[2025-04-15 20:39:58] 127.0.0.1 - POST /register
[2025-04-15 20:39:58] 127.0.0.1 - - [15/Apr/2025 20:39:58] "POST /register HTTP/1.1" 200 -
[2025-04-15 20:41:34] [31m[1mWARNING: This is a development server. Do not use it in a production deployment. Use a production WSGI server instead.[0m
 * Running on all addresses (0.0.0.0)
 * Running on http://127.0.0.1:8080
 * Running on http://10.84.46.47:8080
[2025-04-15 20:41:34] [33mPress CTRL+C to quit[0m
[2025-04-15 20:41:34]  * Restarting with stat
[2025-04-15 20:41:34]  * Debugger is active!
[2025-04-15 20:41:34]  * Debugger PIN: 138-512-773
[2025-04-15 20:41:39] 127.0.0.1 - POST /register
[2025-04-15 20:41:39] 127.0.0.1 - - [15/Apr/2025 20:41:39] "POST /register HTTP/1.1" 200 -
[2025-04-15 20:41:43] 127.0.0.1 - GET /register
[2025-04-15 20:41:43] 127.0.0.1 - - [15/Apr/2025 20:41:43] "GET /register HTTP/1.1" 200 -
[2025-04-15 20:41:49] 127.0.0.1 - POST /register
[2025-04-15 20:41:49] 127.0.0.1 - - [15/Apr/2025 20:41:49] "POST /register HTTP/1.1" 200 -
[2025-04-15 20:43:33] [31m[1mWARNING: This is a development server. Do not use it in a production deployment. Use a production WSGI server instead.[0m
 * Running on all addresses (0.0.0.0)
 * Running on http://127.0.0.1:8080
 * Running on http://10.84.46.47:8080
[2025-04-15 20:43:33] [33mPress CTRL+C to quit[0m
[2025-04-15 20:43:33]  * Restarting with stat
[2025-04-15 20:43:33]  * Debugger is active!
[2025-04-15 20:43:33]  * Debugger PIN: 138-512-773
[2025-04-15 20:44:16] 127.0.0.1 - GET /register
[2025-04-15 20:44:16] 127.0.0.1 - - [15/Apr/2025 20:44:16] "GET /register HTTP/1.1" 200 -
[2025-04-15 20:44:21] 127.0.0.1 - POST /register
[2025-04-15 20:44:22] 127.0.0.1 - - [15/Apr/2025 20:44:22] "POST /register HTTP/1.1" 200 -
[2025-04-15 20:44:34] 127.0.0.1 - GET /register
[2025-04-15 20:44:34] 127.0.0.1 - - [15/Apr/2025 20:44:34] "GET /register HTTP/1.1" 200 -
[2025-04-15 20:44:50] [31m[1mWARNING: This is a development server. Do not use it in a production deployment. Use a production WSGI server instead.[0m
 * Running on all addresses (0.0.0.0)
 * Running on http://127.0.0.1:8080
 * Running on http://10.84.46.47:8080
[2025-04-15 20:44:50] [33mPress CTRL+C to quit[0m
[2025-04-15 20:44:50]  * Restarting with stat
[2025-04-15 20:44:50]  * Debugger is active!
[2025-04-15 20:44:50]  * Debugger PIN: 138-512-773
[2025-04-15 20:44:52] 127.0.0.1 - GET /register
[2025-04-15 20:44:52] 127.0.0.1 - - [15/Apr/2025 20:44:52] "GET /register HTTP/1.1" 200 -
[2025-04-15 20:44:53] 127.0.0.1 - GET /register
[2025-04-15 20:44:53] 127.0.0.1 - - [15/Apr/2025 20:44:53] "GET /register HTTP/1.1" 200 -
[2025-04-15 20:44:54] 127.0.0.1 - GET /register
[2025-04-15 20:44:54] 127.0.0.1 - - [15/Apr/2025 20:44:54] "GET /register HTTP/1.1" 200 -
[2025-04-15 20:44:55] 127.0.0.1 - GET /register
[2025-04-15 20:44:55] 127.0.0.1 - - [15/Apr/2025 20:44:55] "GET /register HTTP/1.1" 200 -
[2025-04-15 20:44:59] 127.0.0.1 - POST /register
[2025-04-15 20:45:00] 127.0.0.1 - - [15/Apr/2025 20:45:00] "POST /register HTTP/1.1" 200 -
[2025-04-15 20:45:19] 127.0.0.1 - POST /register
[2025-04-15 20:45:19] 127.0.0.1 - - [15/Apr/2025 20:45:19] "POST /register HTTP/1.1" 200 -
[2025-04-15 20:49:30]  * Detected change in '/Users/angelvidals/Documents/GitHub/312-mmo/util/Authentication.py', reloading
[2025-04-15 20:49:31]  * Restarting with stat
[2025-04-15 20:49:31]  * Debugger is active!
[2025-04-15 20:49:31]  * Debugger PIN: 138-512-773
[2025-04-15 20:49:37]  * Detected change in '/Users/angelvidals/Documents/GitHub/312-mmo/util/Authentication.py', reloading
[2025-04-15 20:49:38]  * Restarting with stat
[2025-04-15 20:49:38]  * Debugger is active!
[2025-04-15 20:49:38]  * Debugger PIN: 138-512-773
[2025-04-15 20:49:40]  * Detected change in '/Users/angelvidals/Documents/GitHub/312-mmo/util/Authentication.py', reloading
[2025-04-15 20:49:40]  * Restarting with stat
[2025-04-15 20:49:41]  * Debugger is active!
[2025-04-15 20:49:41]  * Debugger PIN: 138-512-773
[2025-04-15 20:49:43]  * Detected change in '/Users/angelvidals/Documents/GitHub/312-mmo/util/Authentication.py', reloading
[2025-04-15 20:49:43]  * Restarting with stat
[2025-04-15 20:49:43]  * Debugger is active!
[2025-04-15 20:49:43]  * Debugger PIN: 138-512-773
[2025-04-15 20:50:44]  * Detected change in '/Users/angelvidals/Documents/GitHub/312-mmo/app.py', reloading
[2025-04-15 20:50:44]  * Restarting with stat
[2025-04-15 20:50:55] [31m[1mWARNING: This is a development server. Do not use it in a production deployment. Use a production WSGI server instead.[0m
 * Running on all addresses (0.0.0.0)
 * Running on http://127.0.0.1:8080
 * Running on http://10.84.46.47:8080
[2025-04-15 20:50:55] [33mPress CTRL+C to quit[0m
[2025-04-15 20:50:55]  * Restarting with stat
[2025-04-15 20:50:55]  * Debugger is active!
[2025-04-15 20:50:55]  * Debugger PIN: 138-512-773
[2025-04-15 20:50:58] 127.0.0.1 - GET /register
[2025-04-15 20:50:58] 127.0.0.1 - - [15/Apr/2025 20:50:58] "GET /register HTTP/1.1" 200 -
[2025-04-15 20:51:05] 127.0.0.1 - POST /register
[2025-04-15 20:51:05] 127.0.0.1 - - [15/Apr/2025 20:51:05] "POST /register HTTP/1.1" 200 -
[2025-04-15 20:51:11] 127.0.0.1 - POST /register
[2025-04-15 20:51:11] 127.0.0.1 - - [15/Apr/2025 20:51:11] "POST /register HTTP/1.1" 200 -
[2025-04-15 20:53:57] [31m[1mWARNING: This is a development server. Do not use it in a production deployment. Use a production WSGI server instead.[0m
 * Running on all addresses (0.0.0.0)
 * Running on http://127.0.0.1:8080
 * Running on http://10.84.46.47:8080
[2025-04-15 20:53:57] [33mPress CTRL+C to quit[0m
[2025-04-15 20:53:57]  * Restarting with stat
[2025-04-15 20:53:57]  * Debugger is active!
[2025-04-15 20:53:57]  * Debugger PIN: 138-512-773
[2025-04-15 20:54:28] 127.0.0.1 - GET /register
[2025-04-15 20:54:29] 127.0.0.1 - - [15/Apr/2025 20:54:29] "GET /register HTTP/1.1" 200 -
[2025-04-15 20:54:37] 127.0.0.1 - GET /login
[2025-04-15 20:54:37] 127.0.0.1 - - [15/Apr/2025 20:54:37] "GET /login HTTP/1.1" 200 -
[2025-04-15 20:55:06] [31m[1mWARNING: This is a development server. Do not use it in a production deployment. Use a production WSGI server instead.[0m
 * Running on all addresses (0.0.0.0)
 * Running on http://127.0.0.1:8080
 * Running on http://10.84.46.47:8080
[2025-04-15 20:55:06] [33mPress CTRL+C to quit[0m
[2025-04-15 20:55:06]  * Restarting with stat
[2025-04-15 20:55:06]  * Debugger is active!
[2025-04-15 20:55:07]  * Debugger PIN: 138-512-773
[2025-04-15 20:55:23] 127.0.0.1 - GET /login
[2025-04-15 20:55:23] 127.0.0.1 - - [15/Apr/2025 20:55:23] "GET /login HTTP/1.1" 200 -
[2025-04-15 20:55:44] [31m[1mWARNING: This is a development server. Do not use it in a production deployment. Use a production WSGI server instead.[0m
 * Running on all addresses (0.0.0.0)
 * Running on http://127.0.0.1:8080
 * Running on http://10.84.46.47:8080
[2025-04-15 20:55:44] [33mPress CTRL+C to quit[0m
[2025-04-15 20:55:44]  * Restarting with stat
[2025-04-15 20:55:44]  * Debugger is active!
[2025-04-15 20:55:44]  * Debugger PIN: 138-512-773
[2025-04-15 20:55:46] 127.0.0.1 - GET /register
[2025-04-15 20:55:46] 127.0.0.1 - - [15/Apr/2025 20:55:46] "GET /register HTTP/1.1" 200 -
[2025-04-15 20:55:48] 127.0.0.1 - GET /login
[2025-04-15 20:55:48] 127.0.0.1 - - [15/Apr/2025 20:55:48] "GET /login HTTP/1.1" 200 -
[2025-04-15 20:55:49] 127.0.0.1 - GET /register
[2025-04-15 20:55:49] 127.0.0.1 - - [15/Apr/2025 20:55:49] "GET /register HTTP/1.1" 200 -
[2025-04-15 20:55:50] 127.0.0.1 - GET /login
[2025-04-15 20:55:50] 127.0.0.1 - - [15/Apr/2025 20:55:50] "GET /login HTTP/1.1" 200 -
[2025-04-15 20:55:51] 127.0.0.1 - GET /register
[2025-04-15 20:55:51] 127.0.0.1 - - [15/Apr/2025 20:55:51] "GET /register HTTP/1.1" 200 -
[2025-04-15 20:55:53] 127.0.0.1 - GET /login
[2025-04-15 20:55:53] 127.0.0.1 - - [15/Apr/2025 20:55:53] "GET /login HTTP/1.1" 200 -
[2025-04-15 20:56:27]  * Detected change in '/Users/angelvidals/Documents/GitHub/312-mmo/app.py', reloading
[2025-04-15 20:56:27]  * Restarting with stat
[2025-04-15 20:56:27]  * Debugger is active!
[2025-04-15 20:56:27]  * Debugger PIN: 138-512-773
[2025-04-15 20:56:54]  * Detected change in '/Users/angelvidals/Documents/GitHub/312-mmo/app.py', reloading
[2025-04-15 20:56:55]  * Restarting with stat
[2025-04-15 20:56:55]  * Debugger is active!
[2025-04-15 20:56:55]  * Debugger PIN: 138-512-773
[2025-04-15 20:56:56]  * Detected change in '/Users/angelvidals/Documents/GitHub/312-mmo/app.py', reloading
[2025-04-15 20:56:56]  * Restarting with stat
[2025-04-15 20:56:57]  * Debugger is active!
[2025-04-15 20:56:57]  * Debugger PIN: 138-512-773
[2025-04-15 20:57:06]  * Detected change in '/Users/angelvidals/Documents/GitHub/312-mmo/app.py', reloading
[2025-04-15 20:57:06]  * Restarting with stat
[2025-04-15 20:57:06]  * Debugger is active!
[2025-04-15 20:57:06]  * Debugger PIN: 138-512-773
[2025-04-15 20:57:07]  * Detected change in '/Users/angelvidals/Documents/GitHub/312-mmo/app.py', reloading
[2025-04-15 20:57:08]  * Restarting with stat
[2025-04-15 20:57:08]  * Debugger is active!
[2025-04-15 20:57:08]  * Debugger PIN: 138-512-773
[2025-04-15 20:57:09]  * Detected change in '/Users/angelvidals/Documents/GitHub/312-mmo/app.py', reloading
[2025-04-15 20:57:10]  * Restarting with stat
[2025-04-15 20:57:10]  * Debugger is active!
[2025-04-15 20:57:10]  * Debugger PIN: 138-512-773
[2025-04-15 20:57:18] [31m[1mWARNING: This is a development server. Do not use it in a production deployment. Use a production WSGI server instead.[0m
 * Running on all addresses (0.0.0.0)
 * Running on http://127.0.0.1:8080
 * Running on http://10.84.46.47:8080
[2025-04-15 20:57:18] [33mPress CTRL+C to quit[0m
[2025-04-15 20:57:18]  * Restarting with stat
[2025-04-15 20:57:19]  * Debugger is active!
[2025-04-15 20:57:19]  * Debugger PIN: 138-512-773
[2025-04-15 20:57:21] 127.0.0.1 - GET /login
[2025-04-15 20:57:21] 127.0.0.1 - - [15/Apr/2025 20:57:21] "GET /login HTTP/1.1" 200 -
[2025-04-15 20:57:25] 127.0.0.1 - POST /login
[2025-04-15 20:57:25] 127.0.0.1 - - [15/Apr/2025 20:57:25] "POST /login HTTP/1.1" 200 -
[2025-04-15 20:58:55]  * Detected change in '/Users/angelvidals/Documents/GitHub/312-mmo/util/Authentication.py', reloading
[2025-04-15 20:58:55]  * Restarting with stat
[2025-04-15 20:59:02] [31m[1mWARNING: This is a development server. Do not use it in a production deployment. Use a production WSGI server instead.[0m
 * Running on all addresses (0.0.0.0)
 * Running on http://127.0.0.1:8080
 * Running on http://10.84.46.47:8080
[2025-04-15 20:59:02] [33mPress CTRL+C to quit[0m
[2025-04-15 20:59:02]  * Restarting with stat
[2025-04-15 20:59:03]  * Debugger is active!
[2025-04-15 20:59:03]  * Debugger PIN: 138-512-773
[2025-04-15 20:59:06] 127.0.0.1 - POST /login
[2025-04-15 20:59:06] 127.0.0.1 - - [15/Apr/2025 20:59:06] "POST /login HTTP/1.1" 200 -
[2025-04-15 20:59:16] 127.0.0.1 - POST /login
[2025-04-15 20:59:16] 127.0.0.1 - - [15/Apr/2025 20:59:16] "POST /login HTTP/1.1" 200 -
[2025-04-15 21:00:35] [31m[1mWARNING: This is a development server. Do not use it in a production deployment. Use a production WSGI server instead.[0m
 * Running on all addresses (0.0.0.0)
 * Running on http://127.0.0.1:8080
 * Running on http://10.84.46.47:8080
[2025-04-15 21:00:35] [33mPress CTRL+C to quit[0m
[2025-04-15 21:00:35]  * Restarting with stat
[2025-04-15 21:00:35]  * Debugger is active!
[2025-04-15 21:00:35]  * Debugger PIN: 138-512-773
[2025-04-15 21:00:39] 127.0.0.1 - POST /login
[2025-04-15 21:00:39] 127.0.0.1 - - [15/Apr/2025 21:00:39] "POST /login HTTP/1.1" 200 -
[2025-04-15 21:00:42] 127.0.0.1 - GET /login
[2025-04-15 21:00:42] 127.0.0.1 - - [15/Apr/2025 21:00:42] "GET /login HTTP/1.1" 200 -
[2025-04-15 21:00:47] 127.0.0.1 - POST /login
[2025-04-15 21:00:47] 127.0.0.1 - - [15/Apr/2025 21:00:47] "POST /login HTTP/1.1" 200 -
[2025-04-15 21:00:52] 127.0.0.1 - POST /login
[2025-04-15 21:00:52] 127.0.0.1 - - [15/Apr/2025 21:00:52] "[32mPOST /login HTTP/1.1[0m" 302 -
[2025-04-15 21:00:52] 127.0.0.1 - GET /gameboard
[2025-04-15 21:00:52] 127.0.0.1 - - [15/Apr/2025 21:00:52] "GET /gameboard HTTP/1.1" 200 -
[2025-04-15 21:00:55] 127.0.0.1 - GET /favicon.ico
[2025-04-15 21:00:55] 127.0.0.1 - - [15/Apr/2025 21:00:55] "[33mGET /favicon.ico HTTP/1.1[0m" 404 -
[2025-04-15 21:07:05] [31m[1mWARNING: This is a development server. Do not use it in a production deployment. Use a production WSGI server instead.[0m
 * Running on all addresses (0.0.0.0)
 * Running on http://127.0.0.1:8080
 * Running on http://10.84.46.47:8080
[2025-04-15 21:07:05] [33mPress CTRL+C to quit[0m
[2025-04-15 21:07:05]  * Restarting with stat
[2025-04-15 21:07:06]  * Debugger is active!
[2025-04-15 21:07:06]  * Debugger PIN: 138-512-773
[2025-04-15 21:07:15] 127.0.0.1 - GET /register
[2025-04-15 21:07:15] 127.0.0.1 - - [15/Apr/2025 21:07:15] "GET /register HTTP/1.1" 200 -
[2025-04-15 21:07:16] 127.0.0.1 - GET /register
[2025-04-15 21:07:16] 127.0.0.1 - - [15/Apr/2025 21:07:16] "GET /register HTTP/1.1" 200 -
[2025-04-15 21:07:22] 127.0.0.1 - GET /
[2025-04-15 21:07:22] 127.0.0.1 - - [15/Apr/2025 21:07:22] "[33mGET / HTTP/1.1[0m" 404 -
[2025-04-15 21:07:31] 127.0.0.1 - GET /login
[2025-04-15 21:07:31] 127.0.0.1 - - [15/Apr/2025 21:07:31] "GET /login HTTP/1.1" 200 -
[2025-04-15 21:08:37] [31m[1mWARNING: This is a development server. Do not use it in a production deployment. Use a production WSGI server instead.[0m
 * Running on all addresses (0.0.0.0)
 * Running on http://127.0.0.1:8080
 * Running on http://10.84.46.47:8080
[2025-04-15 21:08:37] [33mPress CTRL+C to quit[0m
[2025-04-15 21:08:37]  * Restarting with stat
[2025-04-15 21:08:37]  * Debugger is active!
[2025-04-15 21:08:37]  * Debugger PIN: 138-512-773
[2025-04-15 21:08:50] 127.0.0.1 - GET /register
[2025-04-15 21:08:50] 127.0.0.1 - - [15/Apr/2025 21:08:50] "GET /register HTTP/1.1" 200 -
[2025-04-15 21:08:53] 127.0.0.1 - GET /
[2025-04-15 21:08:53] 127.0.0.1 - - [15/Apr/2025 21:08:53] "[32mGET / HTTP/1.1[0m" 302 -
[2025-04-15 21:08:53] 127.0.0.1 - GET /register
[2025-04-15 21:08:53] 127.0.0.1 - - [15/Apr/2025 21:08:53] "GET /register HTTP/1.1" 200 -
[2025-04-21 17:09:25] [31m[1mWARNING: This is a development server. Do not use it in a production deployment. Use a production WSGI server instead.[0m
 * Running on all addresses (0.0.0.0)
 * Running on http://127.0.0.1:8080
 * Running on http://192.168.1.193:8080
[2025-04-21 17:09:25] [33mPress CTRL+C to quit[0m
[2025-04-21 17:09:25]  * Restarting with stat
[2025-04-21 17:09:26]  * Debugger is active!
[2025-04-21 17:09:26]  * Debugger PIN: 128-255-662
[2025-04-21 17:09:30] 127.0.0.1 - GET /
[2025-04-21 17:09:30] 127.0.0.1 - - [21/Apr/2025 17:09:30] "[32mGET / HTTP/1.1[0m" 302 -
[2025-04-21 17:09:30] 127.0.0.1 - GET /register
[2025-04-21 17:09:30] 127.0.0.1 - - [21/Apr/2025 17:09:30] "GET /register HTTP/1.1" 200 -
[2025-04-21 17:09:30] 127.0.0.1 - GET /favicon.ico
[2025-04-21 17:09:30] 127.0.0.1 - - [21/Apr/2025 17:09:30] "[33mGET /favicon.ico HTTP/1.1[0m" 404 -
[2025-04-21 17:09:49] 127.0.0.1 - POST /register
[2025-04-21 17:10:20] 127.0.0.1 - - [21/Apr/2025 17:10:20] "[35m[1mPOST /register HTTP/1.1[0m" 500 -
[2025-04-21 17:10:20] 127.0.0.1 - - [21/Apr/2025 17:10:20] "GET /register?__debugger__=yes&cmd=resource&f=debugger.js HTTP/1.1" 200 -
[2025-04-21 17:10:20] 127.0.0.1 - - [21/Apr/2025 17:10:20] "GET /register?__debugger__=yes&cmd=resource&f=style.css HTTP/1.1" 200 -
[2025-04-21 17:10:20] 127.0.0.1 - - [21/Apr/2025 17:10:20] "GET /register?__debugger__=yes&cmd=resource&f=console.png HTTP/1.1" 200 -
[2025-04-21 17:10:20] 127.0.0.1 - - [21/Apr/2025 17:10:20] "GET /register?__debugger__=yes&cmd=resource&f=console.png&s=U8JZ1D3JQ0UartZrNtFC HTTP/1.1" 200 -
[2025-04-22 11:04:40] [31m[1mWARNING: This is a development server. Do not use it in a production deployment. Use a production WSGI server instead.[0m
 * Running on all addresses (0.0.0.0)
 * Running on http://127.0.0.1:8080
 * Running on http://10.84.64.234:8080
[2025-04-22 11:04:40] [33mPress CTRL+C to quit[0m
[2025-04-22 11:04:40]  * Restarting with stat
[2025-04-22 11:04:40]  * Debugger is active!
[2025-04-22 11:04:40]  * Debugger PIN: 138-512-773
[2025-04-22 11:05:18] 127.0.0.1 - GET /
[2025-04-22 11:05:18] 127.0.0.1 - - [22/Apr/2025 11:05:18] "[32mGET / HTTP/1.1[0m" 302 -
[2025-04-22 11:05:18] 127.0.0.1 - GET /register
[2025-04-22 11:05:18] 127.0.0.1 - - [22/Apr/2025 11:05:18] "GET /register HTTP/1.1" 200 -
[2025-04-22 11:05:23] 127.0.0.1 - GET /login
[2025-04-22 11:05:23] 127.0.0.1 - - [22/Apr/2025 11:05:23] "GET /login HTTP/1.1" 200 -
[2025-04-22 11:05:38] 127.0.0.1 - POST /login
[2025-04-22 11:05:39] 127.0.0.1 - - [22/Apr/2025 11:05:39] "[32mPOST /login HTTP/1.1[0m" 302 -
[2025-04-22 11:05:39] 127.0.0.1 - GET /gameboard
[2025-04-22 11:05:39] 127.0.0.1 - - [22/Apr/2025 11:05:39] "GET /gameboard HTTP/1.1" 200 -
[2025-04-22 11:05:40] 127.0.0.1 - GET /favicon.ico
[2025-04-22 11:05:40] 127.0.0.1 - - [22/Apr/2025 11:05:40] "[33mGET /favicon.ico HTTP/1.1[0m" 404 -
[2025-04-22 11:05:57] 127.0.0.1 - GET /gameboard
[2025-04-22 11:05:57] 127.0.0.1 - - [22/Apr/2025 11:05:57] "GET /gameboard HTTP/1.1" 200 -
[2025-04-22 11:07:59]  * Detected change in '/Users/angelvidals/Documents/GitHub/312-mmo/app.py', reloading
[2025-04-22 11:08:00]  * Restarting with stat
[2025-04-22 11:08:00]  * Debugger is active!
[2025-04-22 11:08:00]  * Debugger PIN: 138-512-773
[2025-04-22 11:08:14]  * Detected change in '/Users/angelvidals/Documents/GitHub/312-mmo/app.py', reloading
[2025-04-22 11:08:14]  * Restarting with stat
[2025-04-22 11:08:15]  * Debugger is active!
[2025-04-22 11:08:15]  * Debugger PIN: 138-512-773
[2025-04-22 11:19:17] [31m[1mWARNING: This is a development server. Do not use it in a production deployment. Use a production WSGI server instead.[0m
 * Running on all addresses (0.0.0.0)
 * Running on http://127.0.0.1:8080
 * Running on http://10.84.64.234:8080
[2025-04-22 11:19:17] [33mPress CTRL+C to quit[0m
[2025-04-22 11:19:17]  * Restarting with stat
[2025-04-22 11:19:17]  * Debugger is active!
[2025-04-22 11:19:17]  * Debugger PIN: 138-512-773
[2025-04-22 11:19:28] 127.0.0.1 - GET /
[2025-04-22 11:19:28] 127.0.0.1 - - [22/Apr/2025 11:19:28] "[32mGET / HTTP/1.1[0m" 302 -
[2025-04-22 11:19:28] 127.0.0.1 - GET /register
[2025-04-22 11:19:28] 127.0.0.1 - - [22/Apr/2025 11:19:28] "GET /register HTTP/1.1" 200 -
[2025-04-22 11:19:33] 127.0.0.1 - GET /login
[2025-04-22 11:19:33] 127.0.0.1 - - [22/Apr/2025 11:19:33] "GET /login HTTP/1.1" 200 -
[2025-04-22 11:19:37] 127.0.0.1 - POST /login
[2025-04-22 11:19:37] 127.0.0.1 - - [22/Apr/2025 11:19:37] "POST /login HTTP/1.1" 200 -
[2025-04-22 11:19:42] 127.0.0.1 - POST /login
[2025-04-22 11:19:43] 127.0.0.1 - - [22/Apr/2025 11:19:43] "[32mPOST /login HTTP/1.1[0m" 302 -
[2025-04-22 11:19:43] 127.0.0.1 - GET /gameboard
[2025-04-22 11:19:43] 127.0.0.1 - - [22/Apr/2025 11:19:43] "GET /gameboard HTTP/1.1" 200 -
[2025-04-22 11:19:46] 127.0.0.1 - GET /favicon.ico
[2025-04-22 11:19:46] 127.0.0.1 - - [22/Apr/2025 11:19:46] "[33mGET /favicon.ico HTTP/1.1[0m" 404 -
[2025-04-22 11:20:05] [31m[1mWARNING: This is a development server. Do not use it in a production deployment. Use a production WSGI server instead.[0m
 * Running on all addresses (0.0.0.0)
 * Running on http://127.0.0.1:8080
 * Running on http://10.84.64.234:8080
[2025-04-22 11:20:05] [33mPress CTRL+C to quit[0m
[2025-04-22 11:20:05]  * Restarting with stat
[2025-04-22 11:20:06]  * Debugger is active!
[2025-04-22 11:20:06]  * Debugger PIN: 138-512-773
[2025-04-22 11:20:12] 127.0.0.1 - GET /
[2025-04-22 11:20:12] 127.0.0.1 - - [22/Apr/2025 11:20:12] "[32mGET / HTTP/1.1[0m" 302 -
[2025-04-22 11:20:12] 127.0.0.1 - GET /register
[2025-04-22 11:20:12] 127.0.0.1 - - [22/Apr/2025 11:20:12] "GET /register HTTP/1.1" 200 -
[2025-04-22 11:20:14] 127.0.0.1 - GET /login
[2025-04-22 11:20:14] 127.0.0.1 - - [22/Apr/2025 11:20:14] "GET /login HTTP/1.1" 200 -
[2025-04-22 11:20:19] 127.0.0.1 - POST /login
[2025-04-22 11:20:19] 127.0.0.1 - - [22/Apr/2025 11:20:19] "[32mPOST /login HTTP/1.1[0m" 302 -
[2025-04-22 11:20:19] 127.0.0.1 - GET /home
[2025-04-22 11:20:19] 127.0.0.1 - - [22/Apr/2025 11:20:19] "GET /home HTTP/1.1" 200 -
[2025-04-22 11:29:58] [31m[1mWARNING: This is a development server. Do not use it in a production deployment. Use a production WSGI server instead.[0m
 * Running on all addresses (0.0.0.0)
 * Running on http://127.0.0.1:8080
 * Running on http://10.84.64.234:8080
[2025-04-22 11:29:58] [33mPress CTRL+C to quit[0m
[2025-04-22 11:29:58]  * Restarting with stat
[2025-04-22 11:29:59]  * Debugger is active!
[2025-04-22 11:29:59]  * Debugger PIN: 138-512-773
[2025-04-22 11:30:04] 127.0.0.1 - GET /
[2025-04-22 11:30:04] 127.0.0.1 - - [22/Apr/2025 11:30:04] "[32mGET / HTTP/1.1[0m" 302 -
[2025-04-22 11:30:04] 127.0.0.1 - GET /register
[2025-04-22 11:30:04] 127.0.0.1 - - [22/Apr/2025 11:30:04] "GET /register HTTP/1.1" 200 -
[2025-04-22 11:30:05] 127.0.0.1 - GET /login
[2025-04-22 11:30:05] 127.0.0.1 - - [22/Apr/2025 11:30:05] "GET /login HTTP/1.1" 200 -
[2025-04-22 11:30:11] 127.0.0.1 - POST /login
[2025-04-22 11:30:11] 127.0.0.1 - - [22/Apr/2025 11:30:11] "[32mPOST /login HTTP/1.1[0m" 302 -
[2025-04-22 11:30:11] 127.0.0.1 - GET /home
[2025-04-22 11:30:11] 127.0.0.1 - - [22/Apr/2025 11:30:11] "GET /home HTTP/1.1" 200 -
[2025-04-22 11:46:20] [31m[1mWARNING: This is a development server. Do not use it in a production deployment. Use a production WSGI server instead.[0m
 * Running on all addresses (0.0.0.0)
 * Running on http://127.0.0.1:8080
 * Running on http://10.84.64.234:8080
[2025-04-22 11:46:20] [33mPress CTRL+C to quit[0m
[2025-04-22 11:46:20]  * Restarting with stat
[2025-04-22 11:46:20]  * Debugger is active!
[2025-04-22 11:46:20]  * Debugger PIN: 138-512-773
[2025-04-22 11:46:28] 127.0.0.1 - GET /
[2025-04-22 11:46:28] 127.0.0.1 - - [22/Apr/2025 11:46:28] "[32mGET / HTTP/1.1[0m" 302 -
[2025-04-22 11:46:28] 127.0.0.1 - GET /register
[2025-04-22 11:46:28] 127.0.0.1 - - [22/Apr/2025 11:46:28] "GET /register HTTP/1.1" 200 -
[2025-04-22 11:46:30] 127.0.0.1 - GET /login
[2025-04-22 11:46:30] 127.0.0.1 - - [22/Apr/2025 11:46:30] "GET /login HTTP/1.1" 200 -
[2025-04-22 11:46:37] 127.0.0.1 - POST /login
[2025-04-22 11:46:38] 127.0.0.1 - - [22/Apr/2025 11:46:38] "[32mPOST /login HTTP/1.1[0m" 302 -
[2025-04-22 11:46:38] 127.0.0.1 - GET /home
[2025-04-22 11:46:38] 127.0.0.1 - - [22/Apr/2025 11:46:38] "[35m[1mGET /home HTTP/1.1[0m" 500 -
[2025-04-22 11:46:38] 127.0.0.1 - - [22/Apr/2025 11:46:38] "GET /home?__debugger__=yes&cmd=resource&f=debugger.js HTTP/1.1" 200 -
[2025-04-22 11:46:38] 127.0.0.1 - - [22/Apr/2025 11:46:38] "GET /home?__debugger__=yes&cmd=resource&f=style.css HTTP/1.1" 200 -
[2025-04-22 11:46:38] 127.0.0.1 - - [22/Apr/2025 11:46:38] "GET /home?__debugger__=yes&cmd=resource&f=console.png&s=CjCKyUaaGjCh7QvXu973 HTTP/1.1" 200 -
[2025-04-22 11:46:38] 127.0.0.1 - - [22/Apr/2025 11:46:38] "GET /home?__debugger__=yes&cmd=resource&f=console.png HTTP/1.1" 200 -
[2025-04-22 11:47:10]  * Detected change in '/Users/angelvidals/Documents/GitHub/312-mmo/util/Authentication.py', reloading
[2025-04-22 11:47:11]  * Restarting with stat
[2025-04-22 11:47:25] [31m[1mWARNING: This is a development server. Do not use it in a production deployment. Use a production WSGI server instead.[0m
 * Running on all addresses (0.0.0.0)
 * Running on http://127.0.0.1:8080
 * Running on http://10.84.64.234:8080
[2025-04-22 11:47:25] [33mPress CTRL+C to quit[0m
[2025-04-22 11:47:25]  * Restarting with stat
[2025-04-22 11:47:26]  * Debugger is active!
[2025-04-22 11:47:26]  * Debugger PIN: 138-512-773
[2025-04-22 11:47:34] 127.0.0.1 - GET /
[2025-04-22 11:47:34] 127.0.0.1 - - [22/Apr/2025 11:47:34] "[32mGET / HTTP/1.1[0m" 302 -
[2025-04-22 11:47:34] 127.0.0.1 - GET /register
[2025-04-22 11:47:34] 127.0.0.1 - - [22/Apr/2025 11:47:34] "GET /register HTTP/1.1" 200 -
[2025-04-22 11:47:36] 127.0.0.1 - GET /login
[2025-04-22 11:47:36] 127.0.0.1 - - [22/Apr/2025 11:47:36] "GET /login HTTP/1.1" 200 -
[2025-04-22 11:47:43] 127.0.0.1 - POST /login
[2025-04-22 11:47:43] 127.0.0.1 - - [22/Apr/2025 11:47:43] "[32mPOST /login HTTP/1.1[0m" 302 -
[2025-04-22 11:47:43] 127.0.0.1 - GET /home
[2025-04-22 11:47:43] 127.0.0.1 - - [22/Apr/2025 11:47:43] "GET /home HTTP/1.1" 200 -
[2025-04-22 11:48:42]  * Detected change in '/Users/angelvidals/Documents/GitHub/312-mmo/app.py', reloading
[2025-04-22 11:48:42]  * Restarting with stat
[2025-04-22 11:55:21] [31m[1mWARNING: This is a development server. Do not use it in a production deployment. Use a production WSGI server instead.[0m
 * Running on all addresses (0.0.0.0)
 * Running on http://127.0.0.1:8080
 * Running on http://10.84.64.234:8080
[2025-04-22 11:55:21] [33mPress CTRL+C to quit[0m
[2025-04-22 11:55:21]  * Restarting with stat
[2025-04-22 11:55:21]  * Debugger is active!
[2025-04-22 11:55:21]  * Debugger PIN: 138-512-773
[2025-04-22 11:55:31] 127.0.0.1 - GET /
[2025-04-22 11:55:31] 127.0.0.1 - - [22/Apr/2025 11:55:31] "[32mGET / HTTP/1.1[0m" 302 -
[2025-04-22 11:55:31] 127.0.0.1 - GET /register
[2025-04-22 11:55:31] 127.0.0.1 - - [22/Apr/2025 11:55:31] "GET /register HTTP/1.1" 200 -
[2025-04-22 11:55:33] 127.0.0.1 - GET /login
[2025-04-22 11:55:33] 127.0.0.1 - - [22/Apr/2025 11:55:33] "GET /login HTTP/1.1" 200 -
[2025-04-22 11:55:38] 127.0.0.1 - POST /login
[2025-04-22 11:55:38] 127.0.0.1 - - [22/Apr/2025 11:55:38] "[32mPOST /login HTTP/1.1[0m" 302 -
[2025-04-22 11:55:38] 127.0.0.1 - GET /home
[2025-04-22 11:55:38] 127.0.0.1 - - [22/Apr/2025 11:55:38] "[35m[1mGET /home HTTP/1.1[0m" 500 -
[2025-04-22 11:55:39] 127.0.0.1 - - [22/Apr/2025 11:55:39] "[36mGET /home?__debugger__=yes&cmd=resource&f=debugger.js HTTP/1.1[0m" 304 -
[2025-04-22 11:55:39] 127.0.0.1 - - [22/Apr/2025 11:55:39] "[36mGET /home?__debugger__=yes&cmd=resource&f=style.css HTTP/1.1[0m" 304 -
[2025-04-22 11:55:39] 127.0.0.1 - - [22/Apr/2025 11:55:39] "GET /home?__debugger__=yes&cmd=resource&f=console.png&s=VuKQaFnmDuLkzv1Uf4hS HTTP/1.1" 200 -
[2025-04-22 11:55:39] 127.0.0.1 - - [22/Apr/2025 11:55:39] "[36mGET /home?__debugger__=yes&cmd=resource&f=console.png HTTP/1.1[0m" 304 -
[2025-04-22 11:59:33]  * Detected change in '/Users/angelvidals/Documents/GitHub/312-mmo/app.py', reloading
[2025-04-22 11:59:34]  * Restarting with stat
[2025-04-22 12:00:24] [31m[1mWARNING: This is a development server. Do not use it in a production deployment. Use a production WSGI server instead.[0m
 * Running on all addresses (0.0.0.0)
 * Running on http://127.0.0.1:8080
 * Running on http://10.84.64.234:8080
[2025-04-22 12:00:24] [33mPress CTRL+C to quit[0m
[2025-04-22 12:00:24]  * Restarting with stat
[2025-04-22 12:00:25]  * Debugger is active!
[2025-04-22 12:00:25]  * Debugger PIN: 138-512-773
[2025-04-22 12:00:29] 127.0.0.1 - GET /
[2025-04-22 12:00:29] 127.0.0.1 - - [22/Apr/2025 12:00:29] "[32mGET / HTTP/1.1[0m" 302 -
[2025-04-22 12:00:29] 127.0.0.1 - GET /register
[2025-04-22 12:00:29] 127.0.0.1 - - [22/Apr/2025 12:00:29] "GET /register HTTP/1.1" 200 -
[2025-04-22 12:00:31] 127.0.0.1 - GET /login
[2025-04-22 12:00:31] 127.0.0.1 - - [22/Apr/2025 12:00:31] "GET /login HTTP/1.1" 200 -
[2025-04-22 12:00:38] 127.0.0.1 - POST /login
[2025-04-22 12:00:38] 127.0.0.1 - - [22/Apr/2025 12:00:38] "[32mPOST /login HTTP/1.1[0m" 302 -
[2025-04-22 12:00:38] 127.0.0.1 - GET /home
[2025-04-22 12:00:38] 127.0.0.1 - - [22/Apr/2025 12:00:38] "[32mGET /home HTTP/1.1[0m" 302 -
[2025-04-22 12:00:38] 127.0.0.1 - GET /login
[2025-04-22 12:00:38] 127.0.0.1 - - [22/Apr/2025 12:00:38] "GET /login HTTP/1.1" 200 -
[2025-04-22 12:00:45] 127.0.0.1 - POST /login
[2025-04-22 12:00:45] 127.0.0.1 - - [22/Apr/2025 12:00:45] "[32mPOST /login HTTP/1.1[0m" 302 -
[2025-04-22 12:00:45] 127.0.0.1 - GET /home
[2025-04-22 12:00:45] 127.0.0.1 - - [22/Apr/2025 12:00:45] "[32mGET /home HTTP/1.1[0m" 302 -
[2025-04-22 12:00:45] 127.0.0.1 - GET /login
[2025-04-22 12:00:45] 127.0.0.1 - - [22/Apr/2025 12:00:45] "GET /login HTTP/1.1" 200 -
[2025-04-22 12:03:58]  * Detected change in '/Users/angelvidals/Documents/GitHub/312-mmo/util/database.py', reloading
[2025-04-22 12:03:58]  * Restarting with stat
[2025-04-22 12:03:59]  * Debugger is active!
[2025-04-22 12:03:59]  * Debugger PIN: 138-512-773
[2025-04-22 12:04:00]  * Detected change in '/Users/angelvidals/Documents/GitHub/312-mmo/util/database.py', reloading
[2025-04-22 12:04:00]  * Restarting with stat
[2025-04-22 12:04:01]  * Debugger is active!
[2025-04-22 12:04:01]  * Debugger PIN: 138-512-773
[2025-04-22 12:16:01] [31m[1mWARNING: This is a development server. Do not use it in a production deployment. Use a production WSGI server instead.[0m
 * Running on all addresses (0.0.0.0)
 * Running on http://127.0.0.1:8080
 * Running on http://10.84.64.234:8080
[2025-04-22 12:16:01] [33mPress CTRL+C to quit[0m
[2025-04-22 12:16:01]  * Restarting with stat
[2025-04-22 12:16:01]  * Debugger is active!
[2025-04-22 12:16:01]  * Debugger PIN: 138-512-773
[2025-04-22 12:16:07] 127.0.0.1 - GET /
[2025-04-22 12:16:07] 127.0.0.1 - - [22/Apr/2025 12:16:07] "[32mGET / HTTP/1.1[0m" 302 -
[2025-04-22 12:16:07] 127.0.0.1 - GET /register
[2025-04-22 12:16:07] 127.0.0.1 - - [22/Apr/2025 12:16:07] "GET /register HTTP/1.1" 200 -
[2025-04-22 12:16:09] 127.0.0.1 - GET /login
[2025-04-22 12:16:09] 127.0.0.1 - - [22/Apr/2025 12:16:09] "GET /login HTTP/1.1" 200 -
[2025-04-22 12:16:17] 127.0.0.1 - POST /login
[2025-04-22 12:16:17] 127.0.0.1 - - [22/Apr/2025 12:16:17] "[32mPOST /login HTTP/1.1[0m" 302 -
[2025-04-22 12:16:17] 127.0.0.1 - GET /home
[2025-04-22 12:16:17] 127.0.0.1 - - [22/Apr/2025 12:16:17] "[35m[1mGET /home HTTP/1.1[0m" 500 -
[2025-04-22 12:16:17] 127.0.0.1 - - [22/Apr/2025 12:16:17] "[36mGET /home?__debugger__=yes&cmd=resource&f=debugger.js HTTP/1.1[0m" 304 -
[2025-04-22 12:16:17] 127.0.0.1 - - [22/Apr/2025 12:16:17] "[36mGET /home?__debugger__=yes&cmd=resource&f=style.css HTTP/1.1[0m" 304 -
[2025-04-22 12:16:17] 127.0.0.1 - - [22/Apr/2025 12:16:17] "GET /home?__debugger__=yes&cmd=resource&f=console.png&s=D0bzM6MBf31IYmlaSrCo HTTP/1.1" 200 -
[2025-04-22 12:20:13]  * Detected change in '/Users/angelvidals/Documents/GitHub/312-mmo/util/Authentication.py', reloading
[2025-04-22 12:20:13]  * Restarting with stat
[2025-04-22 12:20:36] [31m[1mWARNING: This is a development server. Do not use it in a production deployment. Use a production WSGI server instead.[0m
 * Running on all addresses (0.0.0.0)
 * Running on http://127.0.0.1:8080
 * Running on http://10.84.64.234:8080
[2025-04-22 12:20:36] [33mPress CTRL+C to quit[0m
[2025-04-22 12:20:36]  * Restarting with stat
[2025-04-22 12:20:37]  * Debugger is active!
[2025-04-22 12:20:37]  * Debugger PIN: 138-512-773
[2025-04-22 12:20:50] 127.0.0.1 - GET /
[2025-04-22 12:20:50] 127.0.0.1 - - [22/Apr/2025 12:20:50] "[32mGET / HTTP/1.1[0m" 302 -
[2025-04-22 12:20:50] 127.0.0.1 - GET /register
[2025-04-22 12:20:50] 127.0.0.1 - - [22/Apr/2025 12:20:50] "GET /register HTTP/1.1" 200 -
[2025-04-22 12:20:52] 127.0.0.1 - GET /login
[2025-04-22 12:20:52] 127.0.0.1 - - [22/Apr/2025 12:20:52] "GET /login HTTP/1.1" 200 -
[2025-04-22 12:20:57] 127.0.0.1 - POST /login
[2025-04-22 12:20:57] 127.0.0.1 - - [22/Apr/2025 12:20:57] "[32mPOST /login HTTP/1.1[0m" 302 -
[2025-04-22 12:20:57] 127.0.0.1 - GET /home
[2025-04-22 12:20:57] 127.0.0.1 - - [22/Apr/2025 12:20:57] "[32mGET /home HTTP/1.1[0m" 302 -
[2025-04-22 12:20:57] 127.0.0.1 - GET /login
[2025-04-22 12:20:57] 127.0.0.1 - - [22/Apr/2025 12:20:57] "GET /login HTTP/1.1" 200 -
[2025-04-22 12:22:10]  * Detected change in '/Users/angelvidals/Documents/GitHub/312-mmo/app.py', reloading
[2025-04-22 12:22:10]  * Restarting with stat
[2025-04-22 12:22:11]  * Debugger is active!
[2025-04-22 12:22:11]  * Debugger PIN: 138-512-773
[2025-04-22 12:22:13] [31m[1mWARNING: This is a development server. Do not use it in a production deployment. Use a production WSGI server instead.[0m
 * Running on all addresses (0.0.0.0)
 * Running on http://127.0.0.1:8080
 * Running on http://10.84.64.234:8080
[2025-04-22 12:22:13] [33mPress CTRL+C to quit[0m
[2025-04-22 12:22:13]  * Restarting with stat
[2025-04-22 12:22:13]  * Debugger is active!
[2025-04-22 12:22:13]  * Debugger PIN: 138-512-773
[2025-04-22 12:22:14] 127.0.0.1 - GET /login
[2025-04-22 12:22:14] 127.0.0.1 - - [22/Apr/2025 12:22:14] "GET /login HTTP/1.1" 200 -
[2025-04-22 12:22:21] 127.0.0.1 - POST /login
[2025-04-22 12:22:21] 127.0.0.1 - - [22/Apr/2025 12:22:21] "[32mPOST /login HTTP/1.1[0m" 302 -
[2025-04-22 12:22:21] 127.0.0.1 - GET /home
[2025-04-22 12:22:21] 127.0.0.1 - - [22/Apr/2025 12:22:21] "[32mGET /home HTTP/1.1[0m" 302 -
[2025-04-22 12:22:21] 127.0.0.1 - GET /home.html
[2025-04-22 12:22:21] 127.0.0.1 - - [22/Apr/2025 12:22:21] "[33mGET /home.html HTTP/1.1[0m" 404 -
[2025-04-22 12:22:31]  * Detected change in '/Users/angelvidals/Documents/GitHub/312-mmo/app.py', reloading
[2025-04-22 12:22:31]  * Restarting with stat
[2025-04-22 12:22:32]  * Debugger is active!
[2025-04-22 12:22:32]  * Debugger PIN: 138-512-773
[2025-04-22 12:22:32] 127.0.0.1 - POST /login
[2025-04-22 12:22:33] 127.0.0.1 - - [22/Apr/2025 12:22:33] "[32mPOST /login HTTP/1.1[0m" 302 -
[2025-04-22 12:22:33] 127.0.0.1 - GET /home
[2025-04-22 12:22:33] 127.0.0.1 - - [22/Apr/2025 12:22:33] "GET /home HTTP/1.1" 200 -
[2025-04-22 12:22:37] 127.0.0.1 - POST /logout
[2025-04-22 12:22:37] 127.0.0.1 - - [22/Apr/2025 12:22:37] "[31m[1mPOST /logout HTTP/1.1[0m" 400 -
[2025-04-22 12:23:05] 127.0.0.1 - GET /home
[2025-04-22 12:23:05] 127.0.0.1 - - [22/Apr/2025 12:23:05] "GET /home HTTP/1.1" 200 -
[2025-04-22 12:24:19]  * Detected change in '/Users/angelvidals/Documents/GitHub/312-mmo/app.py', reloading
[2025-04-22 12:24:19]  * Restarting with stat
[2025-04-22 12:24:20]  * Debugger is active!
[2025-04-22 12:24:20]  * Debugger PIN: 138-512-773
[2025-04-22 12:24:22]  * Detected change in '/Users/angelvidals/Documents/GitHub/312-mmo/app.py', reloading
[2025-04-22 12:24:22]  * Restarting with stat
[2025-04-22 12:24:22]  * Debugger is active!
[2025-04-22 12:24:22]  * Debugger PIN: 138-512-773
[2025-04-22 12:24:26] 127.0.0.1 - GET /
[2025-04-22 12:24:26] 127.0.0.1 - - [22/Apr/2025 12:24:26] "[32mGET / HTTP/1.1[0m" 302 -
[2025-04-22 12:24:26] 127.0.0.1 - GET /register
[2025-04-22 12:24:26] 127.0.0.1 - - [22/Apr/2025 12:24:26] "GET /register HTTP/1.1" 200 -
[2025-04-22 12:24:28] 127.0.0.1 - GET /login
[2025-04-22 12:24:28] 127.0.0.1 - - [22/Apr/2025 12:24:28] "GET /login HTTP/1.1" 200 -
[2025-04-22 12:24:32] 127.0.0.1 - POST /login
[2025-04-22 12:24:33] 127.0.0.1 - - [22/Apr/2025 12:24:33] "[32mPOST /login HTTP/1.1[0m" 302 -
[2025-04-22 12:24:33] 127.0.0.1 - GET /home
[2025-04-22 12:24:33] 127.0.0.1 - - [22/Apr/2025 12:24:33] "[32mGET /home HTTP/1.1[0m" 302 -
[2025-04-22 12:24:33] 127.0.0.1 - GET /login
[2025-04-22 12:24:33] 127.0.0.1 - - [22/Apr/2025 12:24:33] "GET /login HTTP/1.1" 200 -
[2025-04-22 12:25:37]  * Detected change in '/Users/angelvidals/Documents/GitHub/312-mmo/util/Authentication.py', reloading
[2025-04-22 12:25:38]  * Restarting with stat
[2025-04-22 12:25:38]  * Debugger is active!
[2025-04-22 12:25:38]  * Debugger PIN: 138-512-773
[2025-04-22 12:26:58]  * Detected change in '/Users/angelvidals/Documents/GitHub/312-mmo/util/Authentication.py', reloading
[2025-04-22 12:26:58]  * Restarting with stat
[2025-04-22 12:26:59]  * Debugger is active!
[2025-04-22 12:26:59]  * Debugger PIN: 138-512-773
[2025-04-22 12:27:00]  * Detected change in '/Users/angelvidals/Documents/GitHub/312-mmo/util/Authentication.py', reloading
[2025-04-22 12:27:00]  * Restarting with stat
[2025-04-22 12:27:00]  * Debugger is active!
[2025-04-22 12:27:00]  * Debugger PIN: 138-512-773
[2025-04-22 12:37:01]  * Detected change in '/Users/angelvidals/Documents/GitHub/312-mmo/util/Authentication.py', reloading
[2025-04-22 12:37:01]  * Restarting with stat
[2025-04-22 12:37:02]  * Debugger is active!
[2025-04-22 12:37:02]  * Debugger PIN: 138-512-773
[2025-04-22 12:37:07] [31m[1mWARNING: This is a development server. Do not use it in a production deployment. Use a production WSGI server instead.[0m
 * Running on all addresses (0.0.0.0)
 * Running on http://127.0.0.1:8080
 * Running on http://10.84.64.234:8080
[2025-04-22 12:37:07] [33mPress CTRL+C to quit[0m
[2025-04-22 12:37:07]  * Restarting with stat
[2025-04-22 12:37:07]  * Debugger is active!
[2025-04-22 12:37:07]  * Debugger PIN: 138-512-773
[2025-04-22 12:37:10] 127.0.0.1 - GET /login
[2025-04-22 12:37:10] 127.0.0.1 - - [22/Apr/2025 12:37:10] "GET /login HTTP/1.1" 200 -
[2025-04-22 12:37:11] 127.0.0.1 - GET /login
[2025-04-22 12:37:11] 127.0.0.1 - - [22/Apr/2025 12:37:11] "GET /login HTTP/1.1" 200 -
[2025-04-22 12:37:15] 127.0.0.1 - POST /login
[2025-04-22 12:37:16] 127.0.0.1 - - [22/Apr/2025 12:37:16] "[32mPOST /login HTTP/1.1[0m" 302 -
[2025-04-22 12:37:16] 127.0.0.1 - GET /home
[2025-04-22 12:37:16] 127.0.0.1 - - [22/Apr/2025 12:37:16] "[32mGET /home HTTP/1.1[0m" 302 -
[2025-04-22 12:37:16] 127.0.0.1 - GET /login
[2025-04-22 12:37:16] 127.0.0.1 - - [22/Apr/2025 12:37:16] "GET /login HTTP/1.1" 200 -
[2025-04-22 12:39:37]  * Detected change in '/Users/angelvidals/Documents/GitHub/312-mmo/app.py', reloading
[2025-04-22 12:39:37]  * Restarting with stat
[2025-04-22 12:39:38]  * Debugger is active!
[2025-04-22 12:39:38]  * Debugger PIN: 138-512-773
[2025-04-22 12:39:41] [31m[1mWARNING: This is a development server. Do not use it in a production deployment. Use a production WSGI server instead.[0m
 * Running on all addresses (0.0.0.0)
 * Running on http://127.0.0.1:8080
 * Running on http://10.84.64.234:8080
[2025-04-22 12:39:41] [33mPress CTRL+C to quit[0m
[2025-04-22 12:39:41]  * Restarting with stat
[2025-04-22 12:39:42]  * Debugger is active!
[2025-04-22 12:39:42]  * Debugger PIN: 138-512-773
[2025-04-22 12:39:42] 127.0.0.1 - GET /login
[2025-04-22 12:39:42] 127.0.0.1 - - [22/Apr/2025 12:39:42] "GET /login HTTP/1.1" 200 -
[2025-04-22 12:39:43] 127.0.0.1 - GET /login
[2025-04-22 12:39:43] 127.0.0.1 - - [22/Apr/2025 12:39:43] "GET /login HTTP/1.1" 200 -
[2025-04-22 12:39:49] 127.0.0.1 - POST /login
[2025-04-22 12:39:49] 127.0.0.1 - - [22/Apr/2025 12:39:49] "[32mPOST /login HTTP/1.1[0m" 302 -
[2025-04-22 12:39:49] 127.0.0.1 - GET /home
[2025-04-22 12:39:49] 127.0.0.1 - - [22/Apr/2025 12:39:49] "GET /home HTTP/1.1" 200 -
[2025-04-22 12:40:01] 127.0.0.1 - POST /logout
[2025-04-22 12:40:01] 127.0.0.1 - - [22/Apr/2025 12:40:01] "[31m[1mPOST /logout HTTP/1.1[0m" 400 -
[2025-04-22 12:41:00] 127.0.0.1 - POST /logout
[2025-04-22 12:41:00] 127.0.0.1 - - [22/Apr/2025 12:41:00] "[31m[1mPOST /logout HTTP/1.1[0m" 400 -
[2025-04-22 12:41:05] 127.0.0.1 - POST /logout
[2025-04-22 12:41:05] 127.0.0.1 - - [22/Apr/2025 12:41:05] "[31m[1mPOST /logout HTTP/1.1[0m" 400 -
[2025-04-22 12:41:56] [31m[1mWARNING: This is a development server. Do not use it in a production deployment. Use a production WSGI server instead.[0m
 * Running on all addresses (0.0.0.0)
 * Running on http://127.0.0.1:8080
 * Running on http://10.84.64.234:8080
[2025-04-22 12:41:56] [33mPress CTRL+C to quit[0m
[2025-04-22 12:41:56]  * Restarting with stat
[2025-04-22 12:41:56]  * Debugger is active!
[2025-04-22 12:41:56]  * Debugger PIN: 138-512-773
[2025-04-22 12:41:57] 127.0.0.1 - GET /home
[2025-04-22 12:41:57] 127.0.0.1 - - [22/Apr/2025 12:41:57] "GET /home HTTP/1.1" 200 -
[2025-04-22 12:41:58] 127.0.0.1 - GET /home
[2025-04-22 12:41:58] 127.0.0.1 - - [22/Apr/2025 12:41:58] "GET /home HTTP/1.1" 200 -
[2025-04-22 12:41:58] 127.0.0.1 - GET /home
[2025-04-22 12:41:58] 127.0.0.1 - - [22/Apr/2025 12:41:58] "GET /home HTTP/1.1" 200 -
[2025-04-22 12:42:02] 127.0.0.1 - POST /logout
[2025-04-22 12:42:02] 127.0.0.1 - - [22/Apr/2025 12:42:02] "[31m[1mPOST /logout HTTP/1.1[0m" 400 -
[2025-04-22 12:42:16] 127.0.0.1 - GET /
[2025-04-22 12:42:16] 127.0.0.1 - - [22/Apr/2025 12:42:16] "[32mGET / HTTP/1.1[0m" 302 -
[2025-04-22 12:42:16] 127.0.0.1 - GET /register
[2025-04-22 12:42:16] 127.0.0.1 - - [22/Apr/2025 12:42:16] "GET /register HTTP/1.1" 200 -
[2025-04-22 12:42:18] 127.0.0.1 - GET /login
[2025-04-22 12:42:18] 127.0.0.1 - - [22/Apr/2025 12:42:18] "GET /login HTTP/1.1" 200 -
[2025-04-22 12:42:22] 127.0.0.1 - POST /login
[2025-04-22 12:42:23] 127.0.0.1 - - [22/Apr/2025 12:42:23] "[32mPOST /login HTTP/1.1[0m" 302 -
[2025-04-22 12:42:23] 127.0.0.1 - GET /home
[2025-04-22 12:42:23] 127.0.0.1 - - [22/Apr/2025 12:42:23] "GET /home HTTP/1.1" 200 -
[2025-04-22 12:42:24] 127.0.0.1 - POST /logout
[2025-04-22 12:42:24] 127.0.0.1 - - [22/Apr/2025 12:42:24] "[31m[1mPOST /logout HTTP/1.1[0m" 400 -
[2025-04-22 12:44:18]  * Detected change in '/Users/angelvidals/Documents/GitHub/312-mmo/util/Authentication.py', reloading
[2025-04-22 12:44:19]  * Restarting with stat
[2025-04-22 12:44:19]  * Debugger is active!
[2025-04-22 12:44:19]  * Debugger PIN: 138-512-773
[2025-04-22 12:44:23] [31m[1mWARNING: This is a development server. Do not use it in a production deployment. Use a production WSGI server instead.[0m
 * Running on all addresses (0.0.0.0)
 * Running on http://127.0.0.1:8080
 * Running on http://10.84.64.234:8080
[2025-04-22 12:44:23] [33mPress CTRL+C to quit[0m
[2025-04-22 12:44:23]  * Restarting with stat
[2025-04-22 12:44:23]  * Debugger is active!
[2025-04-22 12:44:23]  * Debugger PIN: 138-512-773
[2025-04-22 12:44:32] 127.0.0.1 - GET /login
[2025-04-22 12:44:32] 127.0.0.1 - - [22/Apr/2025 12:44:32] "GET /login HTTP/1.1" 200 -
[2025-04-22 12:44:43] 127.0.0.1 - POST /login
[2025-04-22 12:44:44] 127.0.0.1 - - [22/Apr/2025 12:44:44] "[32mPOST /login HTTP/1.1[0m" 302 -
[2025-04-22 12:44:44] 127.0.0.1 - GET /home
[2025-04-22 12:44:44] 127.0.0.1 - - [22/Apr/2025 12:44:44] "GET /home HTTP/1.1" 200 -
[2025-04-22 12:45:11] 127.0.0.1 - POST /logout
[2025-04-22 12:45:11] 127.0.0.1 - - [22/Apr/2025 12:45:11] "[32mPOST /logout HTTP/1.1[0m" 302 -
[2025-04-22 12:45:11] 127.0.0.1 - GET /
[2025-04-22 12:45:11] 127.0.0.1 - - [22/Apr/2025 12:45:11] "[32mGET / HTTP/1.1[0m" 302 -
[2025-04-22 12:45:11] 127.0.0.1 - GET /register
[2025-04-22 12:45:11] 127.0.0.1 - - [22/Apr/2025 12:45:11] "GET /register HTTP/1.1" 200 -
[2025-04-22 12:45:13] 127.0.0.1 - GET /login
[2025-04-22 12:45:13] 127.0.0.1 - - [22/Apr/2025 12:45:13] "GET /login HTTP/1.1" 200 -
[2025-04-22 12:45:18] 127.0.0.1 - POST /login
[2025-04-22 12:45:18] 127.0.0.1 - - [22/Apr/2025 12:45:18] "[32mPOST /login HTTP/1.1[0m" 302 -
[2025-04-22 12:45:18] 127.0.0.1 - GET /home
[2025-04-22 12:45:18] 127.0.0.1 - - [22/Apr/2025 12:45:18] "GET /home HTTP/1.1" 200 -
[2025-04-22 12:47:14] [31m[1mWARNING: This is a development server. Do not use it in a production deployment. Use a production WSGI server instead.[0m
 * Running on all addresses (0.0.0.0)
 * Running on http://127.0.0.1:8080
 * Running on http://10.84.64.234:8080
[2025-04-22 12:47:14] [33mPress CTRL+C to quit[0m
[2025-04-22 12:47:14]  * Restarting with stat
[2025-04-22 12:47:14]  * Debugger is active!
[2025-04-22 12:47:14]  * Debugger PIN: 138-512-773
[2025-04-22 12:47:50] 127.0.0.1 - GET /home
[2025-04-22 12:47:51] 127.0.0.1 - - [22/Apr/2025 12:47:51] "GET /home HTTP/1.1" 200 -
[2025-04-22 12:47:53] 127.0.0.1 - POST /logout
[2025-04-22 12:47:53] 127.0.0.1 - - [22/Apr/2025 12:47:53] "[32mPOST /logout HTTP/1.1[0m" 302 -
[2025-04-22 12:47:53] 127.0.0.1 - GET /
[2025-04-22 12:47:53] 127.0.0.1 - - [22/Apr/2025 12:47:53] "[32mGET / HTTP/1.1[0m" 302 -
[2025-04-22 12:47:53] 127.0.0.1 - GET /register
[2025-04-22 12:47:53] 127.0.0.1 - - [22/Apr/2025 12:47:53] "GET /register HTTP/1.1" 200 -
[2025-04-22 12:47:54] 127.0.0.1 - GET /login
[2025-04-22 12:47:54] 127.0.0.1 - - [22/Apr/2025 12:47:54] "GET /login HTTP/1.1" 200 -
[2025-04-22 12:48:00] 127.0.0.1 - POST /login
[2025-04-22 12:48:00] 127.0.0.1 - - [22/Apr/2025 12:48:00] "[32mPOST /login HTTP/1.1[0m" 302 -
[2025-04-22 12:48:00] 127.0.0.1 - GET /home
[2025-04-22 12:48:00] 127.0.0.1 - - [22/Apr/2025 12:48:00] "GET /home HTTP/1.1" 200 -
[2025-04-22 12:48:49] [31m[1mWARNING: This is a development server. Do not use it in a production deployment. Use a production WSGI server instead.[0m
 * Running on all addresses (0.0.0.0)
 * Running on http://127.0.0.1:8080
 * Running on http://10.84.64.234:8080
[2025-04-22 12:48:49] [33mPress CTRL+C to quit[0m
[2025-04-22 12:48:49]  * Restarting with stat
[2025-04-22 12:48:49]  * Debugger is active!
[2025-04-22 12:48:49]  * Debugger PIN: 138-512-773
[2025-04-22 12:48:51] 127.0.0.1 - GET /home
[2025-04-22 12:48:51] 127.0.0.1 - - [22/Apr/2025 12:48:51] "GET /home HTTP/1.1" 200 -
[2025-04-22 12:48:51] 127.0.0.1 - GET /home
[2025-04-22 12:48:51] 127.0.0.1 - - [22/Apr/2025 12:48:51] "GET /home HTTP/1.1" 200 -
[2025-04-22 12:48:52] 127.0.0.1 - GET /home
[2025-04-22 12:48:52] 127.0.0.1 - - [22/Apr/2025 12:48:52] "GET /home HTTP/1.1" 200 -
[2025-04-22 12:48:52] 127.0.0.1 - GET /home
[2025-04-22 12:48:52] 127.0.0.1 - - [22/Apr/2025 12:48:52] "GET /home HTTP/1.1" 200 -
[2025-04-22 12:48:52] 127.0.0.1 - GET /home
[2025-04-22 12:48:52] 127.0.0.1 - - [22/Apr/2025 12:48:52] "GET /home HTTP/1.1" 200 -
[2025-04-22 12:54:49]  * Detected change in '/Users/angelvidals/Documents/GitHub/312-mmo/util/Authentication.py', reloading
[2025-04-22 12:54:49]  * Restarting with stat
[2025-04-22 12:54:50]  * Debugger is active!
[2025-04-22 12:54:50]  * Debugger PIN: 138-512-773
[2025-04-22 12:54:51]  * Detected change in '/Users/angelvidals/Documents/GitHub/312-mmo/util/Authentication.py', reloading
[2025-04-22 12:54:51]  * Restarting with stat
[2025-04-22 12:54:52]  * Debugger is active!
[2025-04-22 12:54:52]  * Debugger PIN: 138-512-773
[2025-04-22 12:54:54]  * Detected change in '/Users/angelvidals/Documents/GitHub/312-mmo/util/Authentication.py', reloading
[2025-04-22 12:54:54]  * Restarting with stat
[2025-04-22 12:54:54]  * Debugger is active!
[2025-04-22 12:54:54]  * Debugger PIN: 138-512-773
[2025-04-22 12:54:55]  * Detected change in '/Users/angelvidals/Documents/GitHub/312-mmo/util/Authentication.py', reloading
[2025-04-22 12:54:56]  * Restarting with stat
[2025-04-22 12:54:56]  * Debugger is active!
[2025-04-22 12:54:56]  * Debugger PIN: 138-512-773
[2025-04-22 12:54:57]  * Detected change in '/Users/angelvidals/Documents/GitHub/312-mmo/util/Authentication.py', reloading
[2025-04-22 12:54:58]  * Restarting with stat
[2025-04-22 12:54:58]  * Debugger is active!
[2025-04-22 12:54:58]  * Debugger PIN: 138-512-773
[2025-04-22 12:59:36]  * Detected change in '/Users/angelvidals/Documents/GitHub/312-mmo/app.py', reloading
[2025-04-22 12:59:36]  * Restarting with stat
[2025-04-22 12:59:37]  * Debugger is active!
[2025-04-22 12:59:37]  * Debugger PIN: 138-512-773
[2025-04-22 12:59:42]  * Detected change in '/Users/angelvidals/Documents/GitHub/312-mmo/app.py', reloading
[2025-04-22 12:59:42]  * Restarting with stat
[2025-04-22 12:59:43]  * Debugger is active!
[2025-04-22 12:59:43]  * Debugger PIN: 138-512-773
[2025-04-22 12:59:47]  * Detected change in '/Users/angelvidals/Documents/GitHub/312-mmo/app.py', reloading
[2025-04-22 12:59:47]  * Restarting with stat
[2025-04-22 12:59:47]  * Debugger is active!
[2025-04-22 12:59:47]  * Debugger PIN: 138-512-773
[2025-04-24 07:38:01] [31m[1mWARNING: This is a development server. Do not use it in a production deployment. Use a production WSGI server instead.[0m
 * Running on all addresses (0.0.0.0)
 * Running on http://127.0.0.1:8080
 * Running on http://192.168.1.193:8080
[2025-04-24 07:38:01] [33mPress CTRL+C to quit[0m
[2025-04-24 07:38:01]  * Restarting with stat
[2025-04-24 07:38:03]  * Debugger is active!
[2025-04-24 07:38:03]  * Debugger PIN: 128-255-662
[2025-04-24 07:38:06] 127.0.0.1 - GET /
[2025-04-24 07:38:06] 127.0.0.1 - - [24/Apr/2025 07:38:06] "[32mGET / HTTP/1.1[0m" 302 -
[2025-04-24 07:38:06] 127.0.0.1 - GET /register
[2025-04-24 07:38:06] 127.0.0.1 - - [24/Apr/2025 07:38:06] "GET /register HTTP/1.1" 200 -
[2025-04-24 07:38:06] 127.0.0.1 - GET /favicon.ico
[2025-04-24 07:38:06] 127.0.0.1 - - [24/Apr/2025 07:38:06] "[33mGET /favicon.ico HTTP/1.1[0m" 404 -
[2025-04-24 07:38:08] 127.0.0.1 - GET /login
[2025-04-24 07:38:08] 127.0.0.1 - - [24/Apr/2025 07:38:08] "GET /login HTTP/1.1" 200 -
[2025-04-24 07:38:17] 127.0.0.1 - POST /login
[2025-04-24 07:38:18] 127.0.0.1 - - [24/Apr/2025 07:38:18] "[35m[1mPOST /login HTTP/1.1[0m" 500 -
[2025-04-24 07:38:19] 127.0.0.1 - - [24/Apr/2025 07:38:19] "GET /login?__debugger__=yes&cmd=resource&f=style.css HTTP/1.1" 200 -
[2025-04-24 07:38:19] 127.0.0.1 - - [24/Apr/2025 07:38:19] "GET /login?__debugger__=yes&cmd=resource&f=debugger.js HTTP/1.1" 200 -
[2025-04-24 07:38:19] 127.0.0.1 - - [24/Apr/2025 07:38:19] "GET /login?__debugger__=yes&cmd=resource&f=console.png&s=b5IGI9qcYxhd38d31zyB HTTP/1.1" 200 -
[2025-04-24 07:38:19] 127.0.0.1 - - [24/Apr/2025 07:38:19] "GET /login?__debugger__=yes&cmd=resource&f=console.png HTTP/1.1" 200 -
[2025-04-24 07:44:31]  * Detected change in 'C:\\Users\\tkasn\\PycharmProjects\\312-mmo\\app.py', reloading
[2025-04-24 07:44:31]  * Restarting with stat
[2025-04-24 07:44:32]  * Debugger is active!
[2025-04-24 07:44:32]  * Debugger PIN: 128-255-662
[2025-04-24 07:46:28] [31m[1mWARNING: This is a development server. Do not use it in a production deployment. Use a production WSGI server instead.[0m
 * Running on all addresses (0.0.0.0)
 * Running on http://127.0.0.1:8080
 * Running on http://192.168.1.193:8080
[2025-04-24 07:46:28] [33mPress CTRL+C to quit[0m
[2025-04-24 07:46:28]  * Restarting with stat
[2025-04-24 07:46:29]  * Debugger is active!
[2025-04-24 07:46:29]  * Debugger PIN: 128-255-662
[2025-04-24 07:46:30] 127.0.0.1 - GET /
[2025-04-24 07:46:30] 127.0.0.1 - - [24/Apr/2025 07:46:30] "[32mGET / HTTP/1.1[0m" 302 -
[2025-04-24 07:46:30] 127.0.0.1 - GET /register
[2025-04-24 07:46:30] 127.0.0.1 - - [24/Apr/2025 07:46:30] "GET /register HTTP/1.1" 200 -
[2025-04-24 07:46:30] 127.0.0.1 - GET /favicon.ico
[2025-04-24 07:46:30] 127.0.0.1 - - [24/Apr/2025 07:46:30] "[33mGET /favicon.ico HTTP/1.1[0m" 404 -
[2025-04-24 07:46:32] 127.0.0.1 - GET /login
[2025-04-24 07:46:32] 127.0.0.1 - - [24/Apr/2025 07:46:32] "GET /login HTTP/1.1" 200 -
[2025-04-24 07:46:44] 127.0.0.1 - POST /login
[2025-04-24 07:46:44] 127.0.0.1 - - [24/Apr/2025 07:46:44] "[35m[1mPOST /login HTTP/1.1[0m" 500 -
[2025-04-24 07:46:45] 127.0.0.1 - - [24/Apr/2025 07:46:45] "GET /login?__debugger__=yes&cmd=resource&f=style.css HTTP/1.1" 200 -
[2025-04-24 07:46:45] 127.0.0.1 - - [24/Apr/2025 07:46:45] "GET /login?__debugger__=yes&cmd=resource&f=debugger.js HTTP/1.1" 200 -
[2025-04-24 07:46:45] 127.0.0.1 - - [24/Apr/2025 07:46:45] "GET /login?__debugger__=yes&cmd=resource&f=console.png&s=93Q4QY2blEfw77pNgtki HTTP/1.1" 200 -
[2025-04-24 07:46:45] 127.0.0.1 - - [24/Apr/2025 07:46:45] "GET /login?__debugger__=yes&cmd=resource&f=console.png HTTP/1.1" 200 -
[2025-04-24 07:49:05]  * Detected change in 'C:\\Users\\tkasn\\PycharmProjects\\312-mmo\\app.py', reloading
[2025-04-24 07:49:05]  * Restarting with stat
[2025-04-24 07:49:06]  * Debugger is active!
[2025-04-24 07:49:06]  * Debugger PIN: 128-255-662
[2025-04-24 07:49:10] [31m[1mWARNING: This is a development server. Do not use it in a production deployment. Use a production WSGI server instead.[0m
 * Running on all addresses (0.0.0.0)
 * Running on http://127.0.0.1:8080
 * Running on http://192.168.1.193:8080
[2025-04-24 07:49:10] [33mPress CTRL+C to quit[0m
[2025-04-24 07:49:10]  * Restarting with stat
[2025-04-24 07:49:11]  * Debugger is active!
[2025-04-24 07:49:11]  * Debugger PIN: 128-255-662
[2025-04-24 07:49:15] 127.0.0.1 - POST /login
[2025-04-24 07:49:15] 127.0.0.1 - - [24/Apr/2025 07:49:15] "[32mPOST /login HTTP/1.1[0m" 302 -
[2025-04-24 07:49:15] 127.0.0.1 - GET /home
[2025-04-24 07:49:15] 127.0.0.1 - - [24/Apr/2025 07:49:15] "[32mGET /home HTTP/1.1[0m" 302 -
[2025-04-24 07:49:15] 127.0.0.1 - GET /login
[2025-04-24 07:49:15] 127.0.0.1 - - [24/Apr/2025 07:49:15] "GET /login HTTP/1.1" 200 -
[2025-04-24 07:49:29] 127.0.0.1 - POST /login
[2025-04-24 07:49:30] 127.0.0.1 - - [24/Apr/2025 07:49:30] "[32mPOST /login HTTP/1.1[0m" 302 -
[2025-04-24 07:49:30] 127.0.0.1 - GET /home
[2025-04-24 07:49:30] 127.0.0.1 - - [24/Apr/2025 07:49:30] "[32mGET /home HTTP/1.1[0m" 302 -
[2025-04-24 07:49:30] 127.0.0.1 - GET /login
[2025-04-24 07:49:30] 127.0.0.1 - - [24/Apr/2025 07:49:30] "GET /login HTTP/1.1" 200 -
[2025-04-24 07:51:27]  * Detected change in 'C:\\Users\\tkasn\\PycharmProjects\\312-mmo\\app.py', reloading
[2025-04-24 07:51:27]  * Restarting with stat
[2025-04-24 07:51:28]  * Debugger is active!
[2025-04-24 07:51:28]  * Debugger PIN: 128-255-662
[2025-04-24 07:57:08] [31m[1mWARNING: This is a development server. Do not use it in a production deployment. Use a production WSGI server instead.[0m
 * Running on all addresses (0.0.0.0)
 * Running on http://127.0.0.1:8080
 * Running on http://192.168.1.193:8080
[2025-04-24 07:57:08] [33mPress CTRL+C to quit[0m
[2025-04-24 07:57:08]  * Restarting with stat
[2025-04-24 07:57:08]  * Debugger is active!
[2025-04-24 07:57:08]  * Debugger PIN: 128-255-662
[2025-04-24 07:57:10] 127.0.0.1 - GET /login
[2025-04-24 07:57:10] 127.0.0.1 - - [24/Apr/2025 07:57:10] "GET /login HTTP/1.1" 200 -
[2025-04-24 07:57:15] 127.0.0.1 - POST /login
[2025-04-24 07:57:15] 127.0.0.1 - - [24/Apr/2025 07:57:15] "[32mPOST /login HTTP/1.1[0m" 302 -
[2025-04-24 07:57:15] 127.0.0.1 - GET /home
[2025-04-24 07:57:15] 127.0.0.1 - - [24/Apr/2025 07:57:15] "[32mGET /home HTTP/1.1[0m" 302 -
[2025-04-24 07:57:16] 127.0.0.1 - GET /login
[2025-04-24 07:57:16] 127.0.0.1 - - [24/Apr/2025 07:57:16] "GET /login HTTP/1.1" 200 -
[2025-04-24 07:58:15] 127.0.0.1 - POST /login
[2025-04-24 07:58:16] 127.0.0.1 - - [24/Apr/2025 07:58:16] "[32mPOST /login HTTP/1.1[0m" 302 -
[2025-04-24 07:58:16] 127.0.0.1 - GET /home
[2025-04-24 07:58:16] 127.0.0.1 - - [24/Apr/2025 07:58:16] "[32mGET /home HTTP/1.1[0m" 302 -
[2025-04-24 07:58:16] 127.0.0.1 - GET /login
[2025-04-24 07:58:16] 127.0.0.1 - - [24/Apr/2025 07:58:16] "GET /login HTTP/1.1" 200 -
[2025-04-24 07:58:34]  * Detected change in 'C:\\Users\\tkasn\\PycharmProjects\\312-mmo\\app.py', reloading
[2025-04-24 07:58:34]  * Restarting with stat
[2025-04-24 07:58:35]  * Debugger is active!
[2025-04-24 07:58:35]  * Debugger PIN: 128-255-662
[2025-04-24 07:58:39] 127.0.0.1 - POST /login
[2025-04-24 07:58:40] 127.0.0.1 - - [24/Apr/2025 07:58:40] "[32mPOST /login HTTP/1.1[0m" 302 -
[2025-04-24 07:58:40] 127.0.0.1 - GET /home
[2025-04-24 07:58:40] 127.0.0.1 - - [24/Apr/2025 07:58:40] "[32mGET /home HTTP/1.1[0m" 302 -
[2025-04-24 07:58:40] 127.0.0.1 - GET /login
[2025-04-24 07:58:40] 127.0.0.1 - - [24/Apr/2025 07:58:40] "GET /login HTTP/1.1" 200 -
[2025-04-24 07:59:37]  * Detected change in 'C:\\Users\\tkasn\\PycharmProjects\\312-mmo\\util\\Authentication.py', reloading
[2025-04-24 07:59:37]  * Restarting with stat
[2025-04-24 07:59:38]  * Debugger is active!
[2025-04-24 07:59:38]  * Debugger PIN: 128-255-662
[2025-04-24 07:59:44] [31m[1mWARNING: This is a development server. Do not use it in a production deployment. Use a production WSGI server instead.[0m
 * Running on all addresses (0.0.0.0)
 * Running on http://127.0.0.1:8080
 * Running on http://192.168.1.193:8080
[2025-04-24 07:59:44] [33mPress CTRL+C to quit[0m
[2025-04-24 07:59:44]  * Restarting with stat
[2025-04-24 07:59:45]  * Debugger is active!
[2025-04-24 07:59:45]  * Debugger PIN: 128-255-662
[2025-04-24 07:59:49] 127.0.0.1 - POST /login
[2025-04-24 07:59:49] 127.0.0.1 - - [24/Apr/2025 07:59:49] "[32mPOST /login HTTP/1.1[0m" 302 -
[2025-04-24 07:59:49] 127.0.0.1 - GET /home
[2025-04-24 07:59:49] 127.0.0.1 - - [24/Apr/2025 07:59:49] "[32mGET /home HTTP/1.1[0m" 302 -
[2025-04-24 07:59:49] 127.0.0.1 - GET /login
[2025-04-24 07:59:49] 127.0.0.1 - - [24/Apr/2025 07:59:49] "GET /login HTTP/1.1" 200 -
[2025-04-24 08:00:03]  * Detected change in 'C:\\Users\\tkasn\\PycharmProjects\\312-mmo\\util\\Authentication.py', reloading
[2025-04-24 08:00:07] [31m[1mWARNING: This is a development server. Do not use it in a production deployment. Use a production WSGI server instead.[0m
 * Running on all addresses (0.0.0.0)
 * Running on http://127.0.0.1:8080
 * Running on http://192.168.1.193:8080
[2025-04-24 08:00:07] [33mPress CTRL+C to quit[0m
[2025-04-24 08:00:07]  * Restarting with stat
[2025-04-24 08:00:08]  * Debugger is active!
[2025-04-24 08:00:08]  * Debugger PIN: 128-255-662
[2025-04-24 08:00:12] 127.0.0.1 - POST /login
[2025-04-24 08:00:13] 127.0.0.1 - - [24/Apr/2025 08:00:13] "[32mPOST /login HTTP/1.1[0m" 302 -
[2025-04-24 08:00:13] 127.0.0.1 - GET /home
[2025-04-24 08:00:13] 127.0.0.1 - - [24/Apr/2025 08:00:13] "[32mGET /home HTTP/1.1[0m" 302 -
[2025-04-24 08:00:13] 127.0.0.1 - GET /login
[2025-04-24 08:00:13] 127.0.0.1 - - [24/Apr/2025 08:00:13] "GET /login HTTP/1.1" 200 -
[2025-04-24 08:01:39]  * Detected change in 'C:\\Users\\tkasn\\PycharmProjects\\312-mmo\\util\\Authentication.py', reloading
[2025-04-24 08:01:39]  * Restarting with stat
[2025-04-24 08:01:40]  * Debugger is active!
[2025-04-24 08:01:40]  * Debugger PIN: 128-255-662
[2025-04-24 08:01:45] [31m[1mWARNING: This is a development server. Do not use it in a production deployment. Use a production WSGI server instead.[0m
 * Running on all addresses (0.0.0.0)
 * Running on http://127.0.0.1:8080
 * Running on http://192.168.1.193:8080
[2025-04-24 08:01:45] [33mPress CTRL+C to quit[0m
[2025-04-24 08:01:45]  * Restarting with stat
[2025-04-24 08:01:45]  * Debugger is active!
[2025-04-24 08:01:45]  * Debugger PIN: 128-255-662
[2025-04-24 08:01:49] 127.0.0.1 - POST /login
[2025-04-24 08:01:49] 127.0.0.1 - - [24/Apr/2025 08:01:49] "POST /login HTTP/1.1" 200 -
[2025-04-24 08:01:55] 127.0.0.1 - POST /login
[2025-04-24 08:01:56] 127.0.0.1 - - [24/Apr/2025 08:01:56] "[32mPOST /login HTTP/1.1[0m" 302 -
[2025-04-24 08:01:56] 127.0.0.1 - GET /home
[2025-04-24 08:01:56] 127.0.0.1 - - [24/Apr/2025 08:01:56] "[32mGET /home HTTP/1.1[0m" 302 -
[2025-04-24 08:01:56] 127.0.0.1 - GET /login
[2025-04-24 08:01:56] 127.0.0.1 - - [24/Apr/2025 08:01:56] "GET /login HTTP/1.1" 200 -
[2025-04-24 08:02:44]  * Detected change in 'C:\\Users\\tkasn\\PycharmProjects\\312-mmo\\util\\Authentication.py', reloading
[2025-04-24 08:02:45]  * Restarting with stat
[2025-04-24 08:02:45]  * Debugger is active!
[2025-04-24 08:02:45]  * Debugger PIN: 128-255-662
[2025-04-24 08:02:49] 127.0.0.1 - POST /login
[2025-04-24 08:02:50] 127.0.0.1 - - [24/Apr/2025 08:02:50] "[32mPOST /login HTTP/1.1[0m" 302 -
[2025-04-24 08:02:50] 127.0.0.1 - GET /home
[2025-04-24 08:02:50] 127.0.0.1 - - [24/Apr/2025 08:02:50] "[32mGET /home HTTP/1.1[0m" 302 -
[2025-04-24 08:02:50] 127.0.0.1 - GET /login
[2025-04-24 08:02:50] 127.0.0.1 - - [24/Apr/2025 08:02:50] "GET /login HTTP/1.1" 200 -
[2025-04-24 08:04:52] [31m[1mWARNING: This is a development server. Do not use it in a production deployment. Use a production WSGI server instead.[0m
 * Running on all addresses (0.0.0.0)
 * Running on http://127.0.0.1:8080
 * Running on http://192.168.1.193:8080
[2025-04-24 08:04:52] [33mPress CTRL+C to quit[0m
[2025-04-24 08:04:52]  * Restarting with stat
[2025-04-24 08:04:52]  * Debugger is active!
[2025-04-24 08:04:52]  * Debugger PIN: 128-255-662
[2025-04-24 08:04:59] 127.0.0.1 - POST /login
[2025-04-24 08:05:00] 127.0.0.1 - - [24/Apr/2025 08:05:00] "[32mPOST /login HTTP/1.1[0m" 302 -
[2025-04-24 08:05:00] 127.0.0.1 - GET /home
[2025-04-24 08:05:00] 127.0.0.1 - - [24/Apr/2025 08:05:00] "[32mGET /home HTTP/1.1[0m" 302 -
[2025-04-24 08:05:00] 127.0.0.1 - GET /login
[2025-04-24 08:05:00] 127.0.0.1 - - [24/Apr/2025 08:05:00] "GET /login HTTP/1.1" 200 -
[2025-04-24 08:12:34] [31m[1mWARNING: This is a development server. Do not use it in a production deployment. Use a production WSGI server instead.[0m
 * Running on all addresses (0.0.0.0)
 * Running on http://127.0.0.1:8080
 * Running on http://192.168.1.193:8080
[2025-04-24 08:12:34] [33mPress CTRL+C to quit[0m
[2025-04-24 08:12:34]  * Restarting with stat
[2025-04-24 08:12:35]  * Debugger is active!
[2025-04-24 08:12:35]  * Debugger PIN: 128-255-662
[2025-04-24 08:13:13] [31m[1mWARNING: This is a development server. Do not use it in a production deployment. Use a production WSGI server instead.[0m
 * Running on all addresses (0.0.0.0)
 * Running on http://127.0.0.1:8080
 * Running on http://192.168.1.193:8080
[2025-04-24 08:13:13] [33mPress CTRL+C to quit[0m
[2025-04-24 08:13:13]  * Restarting with stat
[2025-04-24 08:13:14]  * Debugger is active!
[2025-04-24 08:13:14]  * Debugger PIN: 128-255-662
[2025-04-24 08:15:12] 127.0.0.1 - GET /
[2025-04-24 08:15:12] 127.0.0.1 - - [24/Apr/2025 08:15:12] "[32mGET / HTTP/1.1[0m" 302 -
[2025-04-24 08:15:12] 127.0.0.1 - GET /register
[2025-04-24 08:15:12] 127.0.0.1 - - [24/Apr/2025 08:15:12] "GET /register HTTP/1.1" 200 -
[2025-04-24 08:15:13] 127.0.0.1 - GET /login
[2025-04-24 08:15:13] 127.0.0.1 - - [24/Apr/2025 08:15:13] "GET /login HTTP/1.1" 200 -
[2025-04-24 08:15:18] 127.0.0.1 - POST /login
[2025-04-24 08:15:19] 127.0.0.1 - - [24/Apr/2025 08:15:19] "[32mPOST /login HTTP/1.1[0m" 302 -
[2025-04-24 08:15:19] 127.0.0.1 - GET /home
[2025-04-24 08:15:19] 127.0.0.1 - - [24/Apr/2025 08:15:19] "[32mGET /home HTTP/1.1[0m" 302 -
[2025-04-24 08:15:19] 127.0.0.1 - GET /login
[2025-04-24 08:15:19] 127.0.0.1 - - [24/Apr/2025 08:15:19] "GET /login HTTP/1.1" 200 -
[2025-04-24 08:15:46] 127.0.0.1 - POST /login
[2025-04-24 08:15:46] 127.0.0.1 - - [24/Apr/2025 08:15:46] "[32mPOST /login HTTP/1.1[0m" 302 -
[2025-04-24 08:15:46] 127.0.0.1 - GET /home
[2025-04-24 08:15:46] 127.0.0.1 - - [24/Apr/2025 08:15:46] "[32mGET /home HTTP/1.1[0m" 302 -
[2025-04-24 08:15:46] 127.0.0.1 - GET /login
[2025-04-24 08:15:46] 127.0.0.1 - - [24/Apr/2025 08:15:46] "GET /login HTTP/1.1" 200 -
[2025-04-24 08:16:16] 127.0.0.1 - POST /login
[2025-04-24 08:16:17] 127.0.0.1 - - [24/Apr/2025 08:16:17] "[32mPOST /login HTTP/1.1[0m" 302 -
[2025-04-24 08:16:17] 127.0.0.1 - GET /home
[2025-04-24 08:16:17] 127.0.0.1 - - [24/Apr/2025 08:16:17] "[32mGET /home HTTP/1.1[0m" 302 -
[2025-04-24 08:16:17] 127.0.0.1 - GET /login
[2025-04-24 08:16:17] 127.0.0.1 - - [24/Apr/2025 08:16:17] "GET /login HTTP/1.1" 200 -
[2025-04-24 08:16:38]  * Detected change in 'C:\\Users\\tkasn\\PycharmProjects\\312-mmo\\app.py', reloading
[2025-04-24 08:16:39]  * Restarting with stat
[2025-04-24 08:16:39]  * Debugger is active!
[2025-04-24 08:16:39]  * Debugger PIN: 128-255-662
[2025-04-24 08:16:43] 127.0.0.1 - POST /login
[2025-04-24 08:16:43] 127.0.0.1 - - [24/Apr/2025 08:16:43] "[32mPOST /login HTTP/1.1[0m" 302 -
[2025-04-24 08:16:43] 127.0.0.1 - GET /home
[2025-04-24 08:16:43] 127.0.0.1 - - [24/Apr/2025 08:16:43] "[32mGET /home HTTP/1.1[0m" 302 -
[2025-04-24 08:16:43] 127.0.0.1 - GET /login
[2025-04-24 08:16:43] 127.0.0.1 - - [24/Apr/2025 08:16:43] "GET /login HTTP/1.1" 200 -
[2025-04-24 08:16:49] [31m[1mWARNING: This is a development server. Do not use it in a production deployment. Use a production WSGI server instead.[0m
 * Running on all addresses (0.0.0.0)
 * Running on http://127.0.0.1:8080
 * Running on http://192.168.1.193:8080
[2025-04-24 08:16:49] [33mPress CTRL+C to quit[0m
[2025-04-24 08:16:49]  * Restarting with stat
[2025-04-24 08:16:50]  * Debugger is active!
[2025-04-24 08:16:50]  * Debugger PIN: 128-255-662
[2025-04-24 08:16:55] 127.0.0.1 - POST /login
[2025-04-24 08:16:55] 127.0.0.1 - - [24/Apr/2025 08:16:55] "[32mPOST /login HTTP/1.1[0m" 302 -
[2025-04-24 08:16:55] 127.0.0.1 - GET /home
[2025-04-24 08:16:55] 127.0.0.1 - - [24/Apr/2025 08:16:55] "[32mGET /home HTTP/1.1[0m" 302 -
[2025-04-24 08:16:55] 127.0.0.1 - GET /login
[2025-04-24 08:16:55] 127.0.0.1 - - [24/Apr/2025 08:16:55] "GET /login HTTP/1.1" 200 -
[2025-04-24 08:18:34] 127.0.0.1 - POST /login
[2025-04-24 08:18:35] 127.0.0.1 - - [24/Apr/2025 08:18:35] "[32mPOST /login HTTP/1.1[0m" 302 -
[2025-04-24 08:18:35] 127.0.0.1 - GET /home
[2025-04-24 08:18:35] 127.0.0.1 - - [24/Apr/2025 08:18:35] "[32mGET /home HTTP/1.1[0m" 302 -
[2025-04-24 08:18:35] 127.0.0.1 - GET /login
[2025-04-24 08:18:35] 127.0.0.1 - - [24/Apr/2025 08:18:35] "GET /login HTTP/1.1" 200 -
[2025-04-24 08:19:34] 127.0.0.1 - POST /login
[2025-04-24 08:19:34] 127.0.0.1 - - [24/Apr/2025 08:19:34] "[32mPOST /login HTTP/1.1[0m" 302 -
[2025-04-24 08:19:34] 127.0.0.1 - GET /home
[2025-04-24 08:19:34] 127.0.0.1 - - [24/Apr/2025 08:19:34] "[32mGET /home HTTP/1.1[0m" 302 -
[2025-04-24 08:19:34] 127.0.0.1 - GET /login
[2025-04-24 08:19:34] 127.0.0.1 - - [24/Apr/2025 08:19:34] "GET /login HTTP/1.1" 200 -
[2025-04-24 08:20:24]  * Detected change in 'C:\\Users\\tkasn\\PycharmProjects\\312-mmo\\app.py', reloading
[2025-04-24 08:20:25]  * Restarting with stat
[2025-04-24 08:20:25]  * Debugger is active!
[2025-04-24 08:20:25]  * Debugger PIN: 128-255-662
[2025-04-24 08:20:29] [31m[1mWARNING: This is a development server. Do not use it in a production deployment. Use a production WSGI server instead.[0m
 * Running on all addresses (0.0.0.0)
 * Running on http://127.0.0.1:8080
 * Running on http://192.168.1.193:8080
[2025-04-24 08:20:29] [33mPress CTRL+C to quit[0m
[2025-04-24 08:20:29]  * Restarting with stat
[2025-04-24 08:20:30]  * Debugger is active!
[2025-04-24 08:20:30]  * Debugger PIN: 128-255-662
[2025-04-24 08:20:35] 127.0.0.1 - POST /login
[2025-04-24 08:20:36] 127.0.0.1 - - [24/Apr/2025 08:20:36] "[32mPOST /login HTTP/1.1[0m" 302 -
[2025-04-24 08:20:36] 127.0.0.1 - GET /home
[2025-04-24 08:20:36] 127.0.0.1 - - [24/Apr/2025 08:20:36] "[35m[1mGET /home HTTP/1.1[0m" 500 -
[2025-04-24 08:20:36] 127.0.0.1 - - [24/Apr/2025 08:20:36] "GET /home?__debugger__=yes&cmd=resource&f=style.css HTTP/1.1" 200 -
[2025-04-24 08:20:36] 127.0.0.1 - - [24/Apr/2025 08:20:36] "GET /home?__debugger__=yes&cmd=resource&f=debugger.js HTTP/1.1" 200 -
[2025-04-24 08:20:36] 127.0.0.1 - - [24/Apr/2025 08:20:36] "GET /home?__debugger__=yes&cmd=resource&f=console.png&s=hJaOcwkdJeTn2HklD6jV HTTP/1.1" 200 -
[2025-04-24 08:20:37] 127.0.0.1 - - [24/Apr/2025 08:20:37] "GET /home?__debugger__=yes&cmd=resource&f=console.png HTTP/1.1" 200 -
[2025-04-24 08:22:13]  * Detected change in 'C:\\Users\\tkasn\\PycharmProjects\\312-mmo\\app.py', reloading
[2025-04-24 08:22:14]  * Restarting with stat
[2025-04-24 08:22:14]  * Debugger is active!
[2025-04-24 08:22:14]  * Debugger PIN: 128-255-662
[2025-04-24 08:22:19] [31m[1mWARNING: This is a development server. Do not use it in a production deployment. Use a production WSGI server instead.[0m
 * Running on all addresses (0.0.0.0)
 * Running on http://127.0.0.1:8080
 * Running on http://192.168.1.193:8080
[2025-04-24 08:22:19] [33mPress CTRL+C to quit[0m
[2025-04-24 08:22:19]  * Restarting with stat
[2025-04-24 08:22:19]  * Debugger is active!
[2025-04-24 08:22:19]  * Debugger PIN: 128-255-662
[2025-04-24 08:22:20] 127.0.0.1 - GET /home
[2025-04-24 08:22:20] 127.0.0.1 - - [24/Apr/2025 08:22:20] "[35m[1mGET /home HTTP/1.1[0m" 500 -
[2025-04-24 08:22:20] 127.0.0.1 - - [24/Apr/2025 08:22:20] "[36mGET /home?__debugger__=yes&cmd=resource&f=style.css HTTP/1.1[0m" 304 -
[2025-04-24 08:22:20] 127.0.0.1 - - [24/Apr/2025 08:22:20] "[36mGET /home?__debugger__=yes&cmd=resource&f=debugger.js HTTP/1.1[0m" 304 -
[2025-04-24 08:22:20] 127.0.0.1 - - [24/Apr/2025 08:22:20] "GET /home?__debugger__=yes&cmd=resource&f=console.png&s=Po7amoUOP2haIXznjh7y HTTP/1.1" 200 -
[2025-04-24 08:22:27] 127.0.0.1 - GET /
[2025-04-24 08:22:27] 127.0.0.1 - - [24/Apr/2025 08:22:27] "[32mGET / HTTP/1.1[0m" 302 -
[2025-04-24 08:22:28] 127.0.0.1 - GET /register
[2025-04-24 08:22:28] 127.0.0.1 - - [24/Apr/2025 08:22:28] "GET /register HTTP/1.1" 200 -
[2025-04-24 08:22:42] 127.0.0.1 - POST /register
[2025-04-24 08:22:42] 127.0.0.1 - - [24/Apr/2025 08:22:42] "POST /register HTTP/1.1" 200 -
[2025-04-24 08:22:44] 127.0.0.1 - GET /login
[2025-04-24 08:22:44] 127.0.0.1 - - [24/Apr/2025 08:22:44] "GET /login HTTP/1.1" 200 -
[2025-04-24 08:22:50] 127.0.0.1 - POST /login
[2025-04-24 08:22:51] 127.0.0.1 - - [24/Apr/2025 08:22:51] "[32mPOST /login HTTP/1.1[0m" 302 -
[2025-04-24 08:22:51] 127.0.0.1 - GET /home
[2025-04-24 08:22:51] 127.0.0.1 - - [24/Apr/2025 08:22:51] "GET /home HTTP/1.1" 200 -
[2025-04-24 08:23:19] 127.0.0.1 - GET /gameboard
[2025-04-24 08:23:19] 127.0.0.1 - - [24/Apr/2025 08:23:19] "GET /gameboard HTTP/1.1" 200 -
[2025-04-24 08:23:23] 127.0.0.1 - GET /favicon.ico
[2025-04-24 08:23:23] 127.0.0.1 - - [24/Apr/2025 08:23:23] "[33mGET /favicon.ico HTTP/1.1[0m" 404 -
[2025-04-24 08:23:43] 127.0.0.1 - GET /
[2025-04-24 08:23:43] 127.0.0.1 - - [24/Apr/2025 08:23:43] "[32mGET / HTTP/1.1[0m" 302 -
[2025-04-24 08:23:43] 127.0.0.1 - GET /register
[2025-04-24 08:23:43] 127.0.0.1 - - [24/Apr/2025 08:23:43] "GET /register HTTP/1.1" 200 -
[2025-04-24 08:23:48] 127.0.0.1 - GET /login
[2025-04-24 08:23:48] 127.0.0.1 - - [24/Apr/2025 08:23:48] "GET /login HTTP/1.1" 200 -
[2025-04-24 08:23:52] 127.0.0.1 - POST /login
[2025-04-24 08:23:53] 127.0.0.1 - - [24/Apr/2025 08:23:53] "[32mPOST /login HTTP/1.1[0m" 302 -
[2025-04-24 08:23:53] 127.0.0.1 - GET /home
[2025-04-24 08:23:53] 127.0.0.1 - - [24/Apr/2025 08:23:53] "GET /home HTTP/1.1" 200 -
[2025-04-24 08:23:59] 127.0.0.1 - GET /gameboard
[2025-04-24 08:23:59] 127.0.0.1 - - [24/Apr/2025 08:23:59] "GET /gameboard HTTP/1.1" 200 -
[2025-04-24 08:24:03] 127.0.0.1 - GET /gameboard
[2025-04-24 08:24:03] 127.0.0.1 - - [24/Apr/2025 08:24:03] "GET /gameboard HTTP/1.1" 200 -
[2025-04-24 08:24:05] 127.0.0.1 - GET /gameboard
[2025-04-24 08:24:05] 127.0.0.1 - - [24/Apr/2025 08:24:05] "GET /gameboard HTTP/1.1" 200 -
[2025-04-24 08:27:54]  * Detected change in 'C:\\Users\\tkasn\\PycharmProjects\\312-mmo\\app.py', reloading
[2025-04-24 08:28:07] [31m[1mWARNING: This is a development server. Do not use it in a production deployment. Use a production WSGI server instead.[0m
 * Running on all addresses (0.0.0.0)
 * Running on http://127.0.0.1:8080
 * Running on http://192.168.1.193:8080
[2025-04-24 08:28:07] [33mPress CTRL+C to quit[0m
[2025-04-24 08:28:07]  * Restarting with stat
[2025-04-24 08:28:08]  * Debugger is active!
[2025-04-24 08:28:08]  * Debugger PIN: 128-255-662
[2025-04-24 08:28:08] 127.0.0.1 - GET /gameboard
[2025-04-24 08:28:08] 127.0.0.1 - - [24/Apr/2025 08:28:08] "GET /gameboard HTTP/1.1" 200 -
[2025-04-24 08:28:08] 127.0.0.1 - GET /gameboard
[2025-04-24 08:28:08] 127.0.0.1 - - [24/Apr/2025 08:28:08] "GET /gameboard HTTP/1.1" 200 -
[2025-04-24 08:28:21] 127.0.0.1 - GET /gameboard
[2025-04-24 08:28:21] 127.0.0.1 - - [24/Apr/2025 08:28:21] "GET /gameboard HTTP/1.1" 200 -
[2025-04-24 08:29:27]  * Detected change in 'C:\\Users\\tkasn\\PycharmProjects\\312-mmo\\app.py', reloading
[2025-04-24 08:29:27]  * Restarting with stat
[2025-04-24 08:29:28]  * Debugger is active!
[2025-04-24 08:29:28]  * Debugger PIN: 128-255-662
[2025-04-24 08:35:28]  * Detected change in 'C:\\Users\\tkasn\\PycharmProjects\\312-mmo\\app.py', reloading
[2025-04-24 08:35:28]  * Restarting with stat
[2025-04-24 08:35:29]  * Debugger is active!
[2025-04-24 08:35:29]  * Debugger PIN: 128-255-662
[2025-04-24 08:37:27]  * Detected change in 'C:\\Users\\tkasn\\PycharmProjects\\312-mmo\\app.py', reloading
[2025-04-24 08:37:28]  * Restarting with stat
[2025-04-24 08:37:34] [31m[1mWARNING: This is a development server. Do not use it in a production deployment. Use a production WSGI server instead.[0m
 * Running on all addresses (0.0.0.0)
 * Running on http://127.0.0.1:8080
 * Running on http://192.168.1.193:8080
[2025-04-24 08:37:34] [33mPress CTRL+C to quit[0m
[2025-04-24 08:37:34]  * Restarting with stat
[2025-04-24 08:37:34]  * Debugger is active!
[2025-04-24 08:37:34]  * Debugger PIN: 128-255-662
[2025-04-24 08:38:26] 127.0.0.1 - GET /home
[2025-04-24 08:38:26] 127.0.0.1 - - [24/Apr/2025 08:38:26] "[35m[1mGET /home HTTP/1.1[0m" 500 -
[2025-04-24 08:38:26] 127.0.0.1 - - [24/Apr/2025 08:38:26] "GET /home?__debugger__=yes&cmd=resource&f=style.css HTTP/1.1" 200 -
[2025-04-24 08:38:26] 127.0.0.1 - - [24/Apr/2025 08:38:26] "GET /home?__debugger__=yes&cmd=resource&f=debugger.js HTTP/1.1" 200 -
[2025-04-24 08:38:26] 127.0.0.1 - - [24/Apr/2025 08:38:26] "GET /home?__debugger__=yes&cmd=resource&f=console.png&s=DvC5fqFtOXpDSDr1t7tx HTTP/1.1" 200 -
[2025-04-24 08:38:26] 127.0.0.1 - - [24/Apr/2025 08:38:26] "GET /home?__debugger__=yes&cmd=resource&f=console.png HTTP/1.1" 200 -
[2025-04-24 08:38:33] 127.0.0.1 - POST /login
[2025-04-24 08:38:33] 127.0.0.1 - - [24/Apr/2025 08:38:33] "[32mPOST /login HTTP/1.1[0m" 302 -
[2025-04-24 08:38:33] 127.0.0.1 - GET /home
[2025-04-24 08:38:33] 127.0.0.1 - - [24/Apr/2025 08:38:33] "GET /home HTTP/1.1" 200 -
[2025-04-24 08:40:45] [31m[1mWARNING: This is a development server. Do not use it in a production deployment. Use a production WSGI server instead.[0m
 * Running on all addresses (0.0.0.0)
 * Running on http://127.0.0.1:8080
 * Running on http://192.168.1.193:8080
[2025-04-24 08:40:45] [33mPress CTRL+C to quit[0m
[2025-04-24 08:40:45]  * Restarting with stat
[2025-04-24 08:40:46]  * Debugger is active!
[2025-04-24 08:40:46]  * Debugger PIN: 128-255-662
[2025-04-24 08:40:51] 127.0.0.1 - GET /gameboard
[2025-04-24 08:40:51] 127.0.0.1 - - [24/Apr/2025 08:40:51] "GET /gameboard HTTP/1.1" 200 -
[2025-04-24 08:42:05] [31m[1mWARNING: This is a development server. Do not use it in a production deployment. Use a production WSGI server instead.[0m
 * Running on all addresses (0.0.0.0)
 * Running on http://127.0.0.1:8080
 * Running on http://192.168.1.193:8080
[2025-04-24 08:42:05] [33mPress CTRL+C to quit[0m
[2025-04-24 08:42:05]  * Restarting with stat
[2025-04-24 08:42:06]  * Debugger is active!
[2025-04-24 08:42:06]  * Debugger PIN: 128-255-662
[2025-04-24 08:42:07] 127.0.0.1 - GET /gameboard
[2025-04-24 08:42:07] 127.0.0.1 - - [24/Apr/2025 08:42:07] "GET /gameboard HTTP/1.1" 200 -
[2025-04-24 08:42:07] 127.0.0.1 - - [24/Apr/2025 08:42:07] "GET /socket.io/?EIO=4&transport=polling&t=PPdqTXZ HTTP/1.1" 200 -
[2025-04-24 08:42:07] 127.0.0.1 - - [24/Apr/2025 08:42:07] "POST /socket.io/?EIO=4&transport=polling&t=PPdqTYa&sid=A9XjY0sL2XZ-i9wBAAAA HTTP/1.1" 200 -
[2025-04-24 08:42:07] 127.0.0.1 - - [24/Apr/2025 08:42:07] "GET /socket.io/?EIO=4&transport=polling&t=PPdqTYc&sid=A9XjY0sL2XZ-i9wBAAAA HTTP/1.1" 200 -
[2025-04-24 08:42:07] 127.0.0.1 - - [24/Apr/2025 08:42:07] "GET /socket.io/?EIO=4&transport=polling&t=PPdqTZ9&sid=A9XjY0sL2XZ-i9wBAAAA HTTP/1.1" 200 -
[2025-04-24 08:42:49] 127.0.0.1 - GET /
[2025-04-24 08:42:49] 127.0.0.1 - - [24/Apr/2025 08:42:49] "[32mGET / HTTP/1.1[0m" 302 -
[2025-04-24 08:42:50] 127.0.0.1 - GET /register
[2025-04-24 08:42:50] 127.0.0.1 - - [24/Apr/2025 08:42:50] "GET /register HTTP/1.1" 200 -
[2025-04-24 08:42:56] 127.0.0.1 - POST /register
[2025-04-24 08:42:56] 127.0.0.1 - - [24/Apr/2025 08:42:56] "POST /register HTTP/1.1" 200 -
[2025-04-24 08:42:57] 127.0.0.1 - GET /login
[2025-04-24 08:42:57] 127.0.0.1 - - [24/Apr/2025 08:42:57] "GET /login HTTP/1.1" 200 -
[2025-04-24 08:43:02] 127.0.0.1 - POST /login
[2025-04-24 08:43:03] 127.0.0.1 - - [24/Apr/2025 08:43:03] "[32mPOST /login HTTP/1.1[0m" 302 -
[2025-04-24 08:43:03] 127.0.0.1 - GET /home
[2025-04-24 08:43:03] 127.0.0.1 - - [24/Apr/2025 08:43:03] "GET /home HTTP/1.1" 200 -
[2025-04-24 08:43:07] 127.0.0.1 - GET /gameboard
[2025-04-24 08:43:07] 127.0.0.1 - - [24/Apr/2025 08:43:07] "GET /gameboard HTTP/1.1" 200 -
[2025-04-24 08:43:07] 127.0.0.1 - - [24/Apr/2025 08:43:07] "GET /socket.io/?EIO=4&transport=polling&t=PPdqh_n HTTP/1.1" 200 -
[2025-04-24 08:43:07] 127.0.0.1 - - [24/Apr/2025 08:43:07] "POST /socket.io/?EIO=4&transport=polling&t=PPdqh_y&sid=0AIibIrUKLhhWsN5AAAC HTTP/1.1" 200 -
[2025-04-24 08:43:07] 127.0.0.1 - - [24/Apr/2025 08:43:07] "GET /socket.io/?EIO=4&transport=polling&t=PPdqh_-&sid=0AIibIrUKLhhWsN5AAAC HTTP/1.1" 200 -
[2025-04-24 08:43:07] 127.0.0.1 - - [24/Apr/2025 08:43:07] "GET /socket.io/?EIO=4&transport=polling&t=PPdqi4y&sid=0AIibIrUKLhhWsN5AAAC HTTP/1.1" 200 -
[2025-04-24 08:43:14] 127.0.0.1 - GET /favicon.ico
[2025-04-24 08:43:14] 127.0.0.1 - - [24/Apr/2025 08:43:14] "[33mGET /favicon.ico HTTP/1.1[0m" 404 -
[2025-04-24 08:43:27] disconnect handler error
Traceback (most recent call last):
  File "C:\Users\tkasn\PycharmProjects\312-mmo\.venv\Lib\site-packages\socketio\server.py", line 617, in _trigger_event
    return handler(*args)
           ^^^^^^^^^^^^^^
  File "C:\Users\tkasn\PycharmProjects\312-mmo\.venv\Lib\site-packages\flask_socketio\__init__.py", line 292, in _handler
    return self._handle_event(handler, message, real_ns, sid,
           ^^^^^^^^^^^^^^^^^^^^^^^^^^^^^^^^^^^^^^^^^^^^^^^^^^
  File "C:\Users\tkasn\PycharmProjects\312-mmo\.venv\Lib\site-packages\flask_socketio\__init__.py", line 835, in _handle_event
    ret = handler(*args)
          ^^^^^^^^^^^^^^
TypeError: handle_disconnect() takes 0 positional arguments but 1 was given

During handling of the above exception, another exception occurred:

Traceback (most recent call last):
  File "C:\Users\tkasn\PycharmProjects\312-mmo\.venv\Lib\site-packages\engineio\server.py", line 450, in run_handler
    return self.handlers[event](*args)
           ^^^^^^^^^^^^^^^^^^^^^^^^^^^
  File "C:\Users\tkasn\PycharmProjects\312-mmo\.venv\Lib\site-packages\socketio\server.py", line 671, in _handle_eio_disconnect
    self._handle_disconnect(eio_sid, n, reason)
  File "C:\Users\tkasn\PycharmProjects\312-mmo\.venv\Lib\site-packages\socketio\server.py", line 568, in _handle_disconnect
    self._trigger_event('disconnect', namespace, sid,
  File "C:\Users\tkasn\PycharmProjects\312-mmo\.venv\Lib\site-packages\socketio\server.py", line 621, in _trigger_event
    return handler(*args[:-1])
           ^^^^^^^^^^^^^^^^^^^
  File "C:\Users\tkasn\PycharmProjects\312-mmo\.venv\Lib\site-packages\flask_socketio\__init__.py", line 292, in _handler
    return self._handle_event(handler, message, real_ns, sid,
           ^^^^^^^^^^^^^^^^^^^^^^^^^^^^^^^^^^^^^^^^^^^^^^^^^^
  File "C:\Users\tkasn\PycharmProjects\312-mmo\.venv\Lib\site-packages\flask_socketio\__init__.py", line 835, in _handle_event
    ret = handler(*args)
          ^^^^^^^^^^^^^^
  File "C:\Users\tkasn\PycharmProjects\312-mmo\app.py", line 85, in handle_disconnect
    username = user_sessions.pop(request.sid)
               ^^^^^^^^^^^^^^^^^^^^^^^^^^^^^^
KeyError: 'YqSomB0FuaGV8SX3AAAD'
[2025-04-24 08:43:27] 127.0.0.1 - - [24/Apr/2025 08:43:27] "GET /socket.io/?EIO=4&transport=websocket&sid=0AIibIrUKLhhWsN5AAAC HTTP/1.1" 200 -
[2025-04-24 08:43:27] 127.0.0.1 - GET /gameboard
[2025-04-24 08:43:27] 127.0.0.1 - - [24/Apr/2025 08:43:27] "GET /gameboard HTTP/1.1" 200 -
[2025-04-24 08:43:28] 127.0.0.1 - - [24/Apr/2025 08:43:28] "GET /socket.io/?EIO=4&transport=polling&t=PPdqnEa HTTP/1.1" 200 -
[2025-04-24 08:43:28] 127.0.0.1 - - [24/Apr/2025 08:43:28] "POST /socket.io/?EIO=4&transport=polling&t=PPdqnEh&sid=OhrAjs7-3VHpiHlXAAAE HTTP/1.1" 200 -
[2025-04-24 08:43:28] 127.0.0.1 - - [24/Apr/2025 08:43:28] "GET /socket.io/?EIO=4&transport=polling&t=PPdqnEj&sid=OhrAjs7-3VHpiHlXAAAE HTTP/1.1" 200 -
[2025-04-24 08:43:29] 127.0.0.1 - - [24/Apr/2025 08:43:29] "GET /socket.io/?EIO=4&transport=polling&t=PPdqnJp&sid=OhrAjs7-3VHpiHlXAAAE HTTP/1.1" 200 -
[2025-04-24 08:43:31] 127.0.0.1 - GET /favicon.ico
[2025-04-24 08:43:31] 127.0.0.1 - - [24/Apr/2025 08:43:31] "[33mGET /favicon.ico HTTP/1.1[0m" 404 -
[2025-04-24 08:43:46] disconnect handler error
Traceback (most recent call last):
  File "C:\Users\tkasn\PycharmProjects\312-mmo\.venv\Lib\site-packages\socketio\server.py", line 617, in _trigger_event
    return handler(*args)
           ^^^^^^^^^^^^^^
  File "C:\Users\tkasn\PycharmProjects\312-mmo\.venv\Lib\site-packages\flask_socketio\__init__.py", line 292, in _handler
    return self._handle_event(handler, message, real_ns, sid,
           ^^^^^^^^^^^^^^^^^^^^^^^^^^^^^^^^^^^^^^^^^^^^^^^^^^
  File "C:\Users\tkasn\PycharmProjects\312-mmo\.venv\Lib\site-packages\flask_socketio\__init__.py", line 835, in _handle_event
    ret = handler(*args)
          ^^^^^^^^^^^^^^
TypeError: handle_disconnect() takes 0 positional arguments but 1 was given

During handling of the above exception, another exception occurred:

Traceback (most recent call last):
  File "C:\Users\tkasn\PycharmProjects\312-mmo\.venv\Lib\site-packages\engineio\server.py", line 450, in run_handler
    return self.handlers[event](*args)
           ^^^^^^^^^^^^^^^^^^^^^^^^^^^
  File "C:\Users\tkasn\PycharmProjects\312-mmo\.venv\Lib\site-packages\socketio\server.py", line 671, in _handle_eio_disconnect
    self._handle_disconnect(eio_sid, n, reason)
  File "C:\Users\tkasn\PycharmProjects\312-mmo\.venv\Lib\site-packages\socketio\server.py", line 568, in _handle_disconnect
    self._trigger_event('disconnect', namespace, sid,
  File "C:\Users\tkasn\PycharmProjects\312-mmo\.venv\Lib\site-packages\socketio\server.py", line 621, in _trigger_event
    return handler(*args[:-1])
           ^^^^^^^^^^^^^^^^^^^
  File "C:\Users\tkasn\PycharmProjects\312-mmo\.venv\Lib\site-packages\flask_socketio\__init__.py", line 292, in _handler
    return self._handle_event(handler, message, real_ns, sid,
           ^^^^^^^^^^^^^^^^^^^^^^^^^^^^^^^^^^^^^^^^^^^^^^^^^^
  File "C:\Users\tkasn\PycharmProjects\312-mmo\.venv\Lib\site-packages\flask_socketio\__init__.py", line 835, in _handle_event
    ret = handler(*args)
          ^^^^^^^^^^^^^^
  File "C:\Users\tkasn\PycharmProjects\312-mmo\app.py", line 85, in handle_disconnect
    username = user_sessions.pop(request.sid)
               ^^^^^^^^^^^^^^^^^^^^^^^^^^^^^^
KeyError: 'ezW73jAM2tVuyVKLAAAB'
[2025-04-24 08:43:46] 127.0.0.1 - - [24/Apr/2025 08:43:46] "GET /socket.io/?EIO=4&transport=websocket&sid=A9XjY0sL2XZ-i9wBAAAA HTTP/1.1" 200 -
[2025-04-24 08:43:47] disconnect handler error
Traceback (most recent call last):
  File "C:\Users\tkasn\PycharmProjects\312-mmo\.venv\Lib\site-packages\socketio\server.py", line 617, in _trigger_event
    return handler(*args)
           ^^^^^^^^^^^^^^
  File "C:\Users\tkasn\PycharmProjects\312-mmo\.venv\Lib\site-packages\flask_socketio\__init__.py", line 292, in _handler
    return self._handle_event(handler, message, real_ns, sid,
           ^^^^^^^^^^^^^^^^^^^^^^^^^^^^^^^^^^^^^^^^^^^^^^^^^^
  File "C:\Users\tkasn\PycharmProjects\312-mmo\.venv\Lib\site-packages\flask_socketio\__init__.py", line 835, in _handle_event
    ret = handler(*args)
          ^^^^^^^^^^^^^^
TypeError: handle_disconnect() takes 0 positional arguments but 1 was given

During handling of the above exception, another exception occurred:

Traceback (most recent call last):
  File "C:\Users\tkasn\PycharmProjects\312-mmo\.venv\Lib\site-packages\engineio\server.py", line 450, in run_handler
    return self.handlers[event](*args)
           ^^^^^^^^^^^^^^^^^^^^^^^^^^^
  File "C:\Users\tkasn\PycharmProjects\312-mmo\.venv\Lib\site-packages\socketio\server.py", line 671, in _handle_eio_disconnect
    self._handle_disconnect(eio_sid, n, reason)
  File "C:\Users\tkasn\PycharmProjects\312-mmo\.venv\Lib\site-packages\socketio\server.py", line 568, in _handle_disconnect
    self._trigger_event('disconnect', namespace, sid,
  File "C:\Users\tkasn\PycharmProjects\312-mmo\.venv\Lib\site-packages\socketio\server.py", line 621, in _trigger_event
    return handler(*args[:-1])
           ^^^^^^^^^^^^^^^^^^^
  File "C:\Users\tkasn\PycharmProjects\312-mmo\.venv\Lib\site-packages\flask_socketio\__init__.py", line 292, in _handler
    return self._handle_event(handler, message, real_ns, sid,
           ^^^^^^^^^^^^^^^^^^^^^^^^^^^^^^^^^^^^^^^^^^^^^^^^^^
  File "C:\Users\tkasn\PycharmProjects\312-mmo\.venv\Lib\site-packages\flask_socketio\__init__.py", line 835, in _handle_event
    ret = handler(*args)
          ^^^^^^^^^^^^^^
  File "C:\Users\tkasn\PycharmProjects\312-mmo\app.py", line 85, in handle_disconnect
    username = user_sessions.pop(request.sid)
               ^^^^^^^^^^^^^^^^^^^^^^^^^^^^^^
KeyError: '9i9dG_02w0NoCDbXAAAF'
[2025-04-24 08:43:47] 127.0.0.1 - - [24/Apr/2025 08:43:47] "GET /socket.io/?EIO=4&transport=websocket&sid=OhrAjs7-3VHpiHlXAAAE HTTP/1.1" 200 -
[2025-04-24 08:47:56] 127.0.0.1 - GET /
[2025-04-24 08:47:56] 127.0.0.1 - - [24/Apr/2025 08:47:56] "[32mGET / HTTP/1.1[0m" 302 -
[2025-04-24 08:47:56] 127.0.0.1 - GET /register
[2025-04-24 08:47:56] 127.0.0.1 - - [24/Apr/2025 08:47:56] "GET /register HTTP/1.1" 200 -
[2025-04-24 08:48:00] 127.0.0.1 - GET /login
[2025-04-24 08:48:00] 127.0.0.1 - - [24/Apr/2025 08:48:00] "GET /login HTTP/1.1" 200 -
[2025-04-24 08:48:06] 127.0.0.1 - POST /login
[2025-04-24 08:48:06] 127.0.0.1 - - [24/Apr/2025 08:48:06] "[32mPOST /login HTTP/1.1[0m" 302 -
[2025-04-24 08:48:06] 127.0.0.1 - GET /home
[2025-04-24 08:48:06] 127.0.0.1 - - [24/Apr/2025 08:48:06] "GET /home HTTP/1.1" 200 -
[2025-04-24 08:48:14] 127.0.0.1 - GET /gameboard
[2025-04-24 08:48:14] 127.0.0.1 - - [24/Apr/2025 08:48:14] "GET /gameboard HTTP/1.1" 200 -
[2025-04-24 08:48:14] 127.0.0.1 - - [24/Apr/2025 08:48:14] "GET /socket.io/?EIO=4&transport=polling&t=PPdrt58 HTTP/1.1" 200 -
[2025-04-24 08:48:14] 127.0.0.1 - - [24/Apr/2025 08:48:14] "POST /socket.io/?EIO=4&transport=polling&t=PPdrt5U&sid=2jFHKeVWNJZeSnLjAAAG HTTP/1.1" 200 -
[2025-04-24 08:48:14] 127.0.0.1 - - [24/Apr/2025 08:48:14] "GET /socket.io/?EIO=4&transport=polling&t=PPdrt5V&sid=2jFHKeVWNJZeSnLjAAAG HTTP/1.1" 200 -
[2025-04-24 08:48:22] disconnect handler error
Traceback (most recent call last):
  File "C:\Users\tkasn\PycharmProjects\312-mmo\.venv\Lib\site-packages\socketio\server.py", line 617, in _trigger_event
    return handler(*args)
           ^^^^^^^^^^^^^^
  File "C:\Users\tkasn\PycharmProjects\312-mmo\.venv\Lib\site-packages\flask_socketio\__init__.py", line 292, in _handler
    return self._handle_event(handler, message, real_ns, sid,
           ^^^^^^^^^^^^^^^^^^^^^^^^^^^^^^^^^^^^^^^^^^^^^^^^^^
  File "C:\Users\tkasn\PycharmProjects\312-mmo\.venv\Lib\site-packages\flask_socketio\__init__.py", line 835, in _handle_event
    ret = handler(*args)
          ^^^^^^^^^^^^^^
TypeError: handle_disconnect() takes 0 positional arguments but 1 was given

During handling of the above exception, another exception occurred:

Traceback (most recent call last):
  File "C:\Users\tkasn\PycharmProjects\312-mmo\.venv\Lib\site-packages\engineio\server.py", line 450, in run_handler
    return self.handlers[event](*args)
           ^^^^^^^^^^^^^^^^^^^^^^^^^^^
  File "C:\Users\tkasn\PycharmProjects\312-mmo\.venv\Lib\site-packages\socketio\server.py", line 671, in _handle_eio_disconnect
    self._handle_disconnect(eio_sid, n, reason)
  File "C:\Users\tkasn\PycharmProjects\312-mmo\.venv\Lib\site-packages\socketio\server.py", line 568, in _handle_disconnect
    self._trigger_event('disconnect', namespace, sid,
  File "C:\Users\tkasn\PycharmProjects\312-mmo\.venv\Lib\site-packages\socketio\server.py", line 621, in _trigger_event
    return handler(*args[:-1])
           ^^^^^^^^^^^^^^^^^^^
  File "C:\Users\tkasn\PycharmProjects\312-mmo\.venv\Lib\site-packages\flask_socketio\__init__.py", line 292, in _handler
    return self._handle_event(handler, message, real_ns, sid,
           ^^^^^^^^^^^^^^^^^^^^^^^^^^^^^^^^^^^^^^^^^^^^^^^^^^
  File "C:\Users\tkasn\PycharmProjects\312-mmo\.venv\Lib\site-packages\flask_socketio\__init__.py", line 835, in _handle_event
    ret = handler(*args)
          ^^^^^^^^^^^^^^
  File "C:\Users\tkasn\PycharmProjects\312-mmo\app.py", line 85, in handle_disconnect
    username = user_sessions.pop(request.sid)
               ^^^^^^^^^^^^^^^^^^^^^^^^^^^^^^
KeyError: 'WpJLC7GEVRbYlG_gAAAH'
[2025-04-24 08:48:22] 127.0.0.1 - - [24/Apr/2025 08:48:22] "GET /socket.io/?EIO=4&transport=websocket&sid=2jFHKeVWNJZeSnLjAAAG HTTP/1.1" 200 -
[2025-04-24 08:48:53] [31m[1mWARNING: This is a development server. Do not use it in a production deployment. Use a production WSGI server instead.[0m
 * Running on all addresses (0.0.0.0)
 * Running on http://127.0.0.1:8080
 * Running on http://192.168.1.193:8080
[2025-04-24 08:48:53] [33mPress CTRL+C to quit[0m
[2025-04-24 08:48:53]  * Restarting with stat
[2025-04-24 08:48:53]  * Debugger is active!
[2025-04-24 08:48:53]  * Debugger PIN: 128-255-662
[2025-04-24 08:48:55] 127.0.0.1 - GET /gameboard
[2025-04-24 08:48:55] 127.0.0.1 - - [24/Apr/2025 08:48:55] "GET /gameboard HTTP/1.1" 200 -
[2025-04-24 08:48:55] 127.0.0.1 - - [24/Apr/2025 08:48:55] "GET /socket.io/?EIO=4&transport=polling&t=PPds13c HTTP/1.1" 200 -
[2025-04-24 08:48:55] 127.0.0.1 - - [24/Apr/2025 08:48:55] "POST /socket.io/?EIO=4&transport=polling&t=PPds141&sid=7tB2n5P63t_uhccOAAAA HTTP/1.1" 200 -
[2025-04-24 08:48:55] 127.0.0.1 - - [24/Apr/2025 08:48:55] "GET /socket.io/?EIO=4&transport=polling&t=PPds143&sid=7tB2n5P63t_uhccOAAAA HTTP/1.1" 200 -
[2025-04-24 08:48:55] 127.0.0.1 - - [24/Apr/2025 08:48:55] "GET /socket.io/?EIO=4&transport=polling&t=PPds14R&sid=7tB2n5P63t_uhccOAAAA HTTP/1.1" 200 -
[2025-04-24 08:48:59] disconnect handler error
Traceback (most recent call last):
  File "C:\Users\tkasn\PycharmProjects\312-mmo\.venv\Lib\site-packages\socketio\server.py", line 617, in _trigger_event
    return handler(*args)
           ^^^^^^^^^^^^^^
  File "C:\Users\tkasn\PycharmProjects\312-mmo\.venv\Lib\site-packages\flask_socketio\__init__.py", line 292, in _handler
    return self._handle_event(handler, message, real_ns, sid,
           ^^^^^^^^^^^^^^^^^^^^^^^^^^^^^^^^^^^^^^^^^^^^^^^^^^
  File "C:\Users\tkasn\PycharmProjects\312-mmo\.venv\Lib\site-packages\flask_socketio\__init__.py", line 835, in _handle_event
    ret = handler(*args)
          ^^^^^^^^^^^^^^
TypeError: handle_disconnect() takes 0 positional arguments but 1 was given

During handling of the above exception, another exception occurred:

Traceback (most recent call last):
  File "C:\Users\tkasn\PycharmProjects\312-mmo\.venv\Lib\site-packages\engineio\server.py", line 450, in run_handler
    return self.handlers[event](*args)
           ^^^^^^^^^^^^^^^^^^^^^^^^^^^
  File "C:\Users\tkasn\PycharmProjects\312-mmo\.venv\Lib\site-packages\socketio\server.py", line 671, in _handle_eio_disconnect
    self._handle_disconnect(eio_sid, n, reason)
  File "C:\Users\tkasn\PycharmProjects\312-mmo\.venv\Lib\site-packages\socketio\server.py", line 568, in _handle_disconnect
    self._trigger_event('disconnect', namespace, sid,
  File "C:\Users\tkasn\PycharmProjects\312-mmo\.venv\Lib\site-packages\socketio\server.py", line 621, in _trigger_event
    return handler(*args[:-1])
           ^^^^^^^^^^^^^^^^^^^
  File "C:\Users\tkasn\PycharmProjects\312-mmo\.venv\Lib\site-packages\flask_socketio\__init__.py", line 292, in _handler
    return self._handle_event(handler, message, real_ns, sid,
           ^^^^^^^^^^^^^^^^^^^^^^^^^^^^^^^^^^^^^^^^^^^^^^^^^^
  File "C:\Users\tkasn\PycharmProjects\312-mmo\.venv\Lib\site-packages\flask_socketio\__init__.py", line 835, in _handle_event
    ret = handler(*args)
          ^^^^^^^^^^^^^^
  File "C:\Users\tkasn\PycharmProjects\312-mmo\app.py", line 85, in handle_disconnect
    username = user_sessions.pop(request.sid)
               ^^^^^^^^^^^^^^^^^^^^^^^^^^^^^^
KeyError: 'mDg-TSxtPVx7KmpeAAAB'
[2025-04-24 08:48:59] 127.0.0.1 - - [24/Apr/2025 08:48:59] "GET /socket.io/?EIO=4&transport=websocket&sid=7tB2n5P63t_uhccOAAAA HTTP/1.1" 200 -
[2025-04-24 08:49:16] 127.0.0.1 - - [24/Apr/2025 08:49:16] "GET /socket.io/?EIO=4&transport=polling&t=PPds6Cw HTTP/1.1" 200 -
[2025-04-24 08:49:16] 127.0.0.1 - - [24/Apr/2025 08:49:16] "POST /socket.io/?EIO=4&transport=polling&t=PPds6DA&sid=OX1Mmy1Q6rxP-B_dAAAC HTTP/1.1" 200 -
[2025-04-24 08:49:16] 127.0.0.1 - - [24/Apr/2025 08:49:16] "GET /socket.io/?EIO=4&transport=polling&t=PPds6DB&sid=OX1Mmy1Q6rxP-B_dAAAC HTTP/1.1" 200 -
[2025-04-24 08:49:16] 127.0.0.1 - - [24/Apr/2025 08:49:16] "GET /socket.io/?EIO=4&transport=polling&t=PPds6Di&sid=OX1Mmy1Q6rxP-B_dAAAC HTTP/1.1" 200 -
[2025-04-24 08:49:20] disconnect handler error
Traceback (most recent call last):
  File "C:\Users\tkasn\PycharmProjects\312-mmo\.venv\Lib\site-packages\socketio\server.py", line 617, in _trigger_event
    return handler(*args)
           ^^^^^^^^^^^^^^
  File "C:\Users\tkasn\PycharmProjects\312-mmo\.venv\Lib\site-packages\flask_socketio\__init__.py", line 292, in _handler
    return self._handle_event(handler, message, real_ns, sid,
           ^^^^^^^^^^^^^^^^^^^^^^^^^^^^^^^^^^^^^^^^^^^^^^^^^^
  File "C:\Users\tkasn\PycharmProjects\312-mmo\.venv\Lib\site-packages\flask_socketio\__init__.py", line 835, in _handle_event
    ret = handler(*args)
          ^^^^^^^^^^^^^^
TypeError: handle_disconnect() takes 0 positional arguments but 1 was given

During handling of the above exception, another exception occurred:

Traceback (most recent call last):
  File "C:\Users\tkasn\PycharmProjects\312-mmo\.venv\Lib\site-packages\engineio\server.py", line 450, in run_handler
    return self.handlers[event](*args)
           ^^^^^^^^^^^^^^^^^^^^^^^^^^^
  File "C:\Users\tkasn\PycharmProjects\312-mmo\.venv\Lib\site-packages\socketio\server.py", line 671, in _handle_eio_disconnect
    self._handle_disconnect(eio_sid, n, reason)
  File "C:\Users\tkasn\PycharmProjects\312-mmo\.venv\Lib\site-packages\socketio\server.py", line 568, in _handle_disconnect
    self._trigger_event('disconnect', namespace, sid,
  File "C:\Users\tkasn\PycharmProjects\312-mmo\.venv\Lib\site-packages\socketio\server.py", line 621, in _trigger_event
    return handler(*args[:-1])
           ^^^^^^^^^^^^^^^^^^^
  File "C:\Users\tkasn\PycharmProjects\312-mmo\.venv\Lib\site-packages\flask_socketio\__init__.py", line 292, in _handler
    return self._handle_event(handler, message, real_ns, sid,
           ^^^^^^^^^^^^^^^^^^^^^^^^^^^^^^^^^^^^^^^^^^^^^^^^^^
  File "C:\Users\tkasn\PycharmProjects\312-mmo\.venv\Lib\site-packages\flask_socketio\__init__.py", line 835, in _handle_event
    ret = handler(*args)
          ^^^^^^^^^^^^^^
  File "C:\Users\tkasn\PycharmProjects\312-mmo\app.py", line 85, in handle_disconnect
    username = user_sessions.pop(request.sid)
               ^^^^^^^^^^^^^^^^^^^^^^^^^^^^^^
KeyError: 'ounQmZ5tMzcPQiB2AAAD'
[2025-04-24 08:49:20] 127.0.0.1 - - [24/Apr/2025 08:49:20] "GET /socket.io/?EIO=4&transport=websocket&sid=OX1Mmy1Q6rxP-B_dAAAC HTTP/1.1" 200 -
[2025-04-24 08:49:24] [31m[1mWARNING: This is a development server. Do not use it in a production deployment. Use a production WSGI server instead.[0m
 * Running on all addresses (0.0.0.0)
 * Running on http://127.0.0.1:8080
 * Running on http://192.168.1.193:8080
[2025-04-24 08:49:24] [33mPress CTRL+C to quit[0m
[2025-04-24 08:49:24]  * Restarting with stat
[2025-04-24 08:49:25]  * Debugger is active!
[2025-04-24 08:49:25]  * Debugger PIN: 128-255-662
[2025-04-24 08:49:27] 127.0.0.1 - GET /gameboard
[2025-04-24 08:49:27] 127.0.0.1 - - [24/Apr/2025 08:49:27] "GET /gameboard HTTP/1.1" 200 -
[2025-04-24 08:49:27] 127.0.0.1 - - [24/Apr/2025 08:49:27] "GET /socket.io/?EIO=4&transport=polling&t=PPds8uV HTTP/1.1" 200 -
[2025-04-24 08:49:27] 127.0.0.1 - - [24/Apr/2025 08:49:27] "POST /socket.io/?EIO=4&transport=polling&t=PPds8v8&sid=5zw_8tLORk-tMpiyAAAA HTTP/1.1" 200 -
[2025-04-24 08:49:27] 127.0.0.1 - - [24/Apr/2025 08:49:27] "GET /socket.io/?EIO=4&transport=polling&t=PPds8v9&sid=5zw_8tLORk-tMpiyAAAA HTTP/1.1" 200 -
[2025-04-24 08:49:27] 127.0.0.1 - - [24/Apr/2025 08:49:27] "GET /socket.io/?EIO=4&transport=polling&t=PPds8vY&sid=5zw_8tLORk-tMpiyAAAA HTTP/1.1" 200 -
[2025-04-24 08:49:35] disconnect handler error
Traceback (most recent call last):
  File "C:\Users\tkasn\PycharmProjects\312-mmo\.venv\Lib\site-packages\socketio\server.py", line 617, in _trigger_event
    return handler(*args)
           ^^^^^^^^^^^^^^
  File "C:\Users\tkasn\PycharmProjects\312-mmo\.venv\Lib\site-packages\flask_socketio\__init__.py", line 292, in _handler
    return self._handle_event(handler, message, real_ns, sid,
           ^^^^^^^^^^^^^^^^^^^^^^^^^^^^^^^^^^^^^^^^^^^^^^^^^^
  File "C:\Users\tkasn\PycharmProjects\312-mmo\.venv\Lib\site-packages\flask_socketio\__init__.py", line 835, in _handle_event
    ret = handler(*args)
          ^^^^^^^^^^^^^^
TypeError: handle_disconnect() takes 0 positional arguments but 1 was given

During handling of the above exception, another exception occurred:

Traceback (most recent call last):
  File "C:\Users\tkasn\PycharmProjects\312-mmo\.venv\Lib\site-packages\engineio\server.py", line 450, in run_handler
    return self.handlers[event](*args)
           ^^^^^^^^^^^^^^^^^^^^^^^^^^^
  File "C:\Users\tkasn\PycharmProjects\312-mmo\.venv\Lib\site-packages\socketio\server.py", line 671, in _handle_eio_disconnect
    self._handle_disconnect(eio_sid, n, reason)
  File "C:\Users\tkasn\PycharmProjects\312-mmo\.venv\Lib\site-packages\socketio\server.py", line 568, in _handle_disconnect
    self._trigger_event('disconnect', namespace, sid,
  File "C:\Users\tkasn\PycharmProjects\312-mmo\.venv\Lib\site-packages\socketio\server.py", line 621, in _trigger_event
    return handler(*args[:-1])
           ^^^^^^^^^^^^^^^^^^^
  File "C:\Users\tkasn\PycharmProjects\312-mmo\.venv\Lib\site-packages\flask_socketio\__init__.py", line 292, in _handler
    return self._handle_event(handler, message, real_ns, sid,
           ^^^^^^^^^^^^^^^^^^^^^^^^^^^^^^^^^^^^^^^^^^^^^^^^^^
  File "C:\Users\tkasn\PycharmProjects\312-mmo\.venv\Lib\site-packages\flask_socketio\__init__.py", line 835, in _handle_event
    ret = handler(*args)
          ^^^^^^^^^^^^^^
  File "C:\Users\tkasn\PycharmProjects\312-mmo\app.py", line 85, in handle_disconnect
    username = user_sessions.pop(request.sid)
               ^^^^^^^^^^^^^^^^^^^^^^^^^^^^^^
KeyError: 'XPkjVqeM48LY-rJeAAAB'
[2025-04-24 08:49:35] 127.0.0.1 - - [24/Apr/2025 08:49:35] "GET /socket.io/?EIO=4&transport=websocket&sid=5zw_8tLORk-tMpiyAAAA HTTP/1.1" 200 -
[2025-04-24 08:50:58]  * Detected change in 'C:\\Users\\tkasn\\PycharmProjects\\312-mmo\\app.py', reloading
[2025-04-24 08:50:59]  * Restarting with stat
[2025-04-24 08:50:59]  * Debugger is active!
[2025-04-24 08:50:59]  * Debugger PIN: 128-255-662
[2025-04-24 08:54:24]  * Detected change in 'C:\\Users\\tkasn\\PycharmProjects\\312-mmo\\app.py', reloading
[2025-04-24 08:54:24]  * Restarting with stat
[2025-04-24 08:54:25]  * Debugger is active!
[2025-04-24 08:54:25]  * Debugger PIN: 128-255-662
[2025-04-24 09:02:44] 127.0.0.1 - GET /
[2025-04-24 09:02:44] 127.0.0.1 - - [24/Apr/2025 09:02:44] "[32mGET / HTTP/1.1[0m" 302 -
[2025-04-24 09:02:44] 127.0.0.1 - GET /register
[2025-04-24 09:02:44] 127.0.0.1 - - [24/Apr/2025 09:02:44] "GET /register HTTP/1.1" 200 -
[2025-04-24 09:02:45] 127.0.0.1 - GET /login
[2025-04-24 09:02:45] 127.0.0.1 - - [24/Apr/2025 09:02:45] "GET /login HTTP/1.1" 200 -
[2025-04-24 09:02:53] [31m[1mWARNING: This is a development server. Do not use it in a production deployment. Use a production WSGI server instead.[0m
 * Running on all addresses (0.0.0.0)
 * Running on http://127.0.0.1:8080
 * Running on http://192.168.1.193:8080
[2025-04-24 09:02:53] [33mPress CTRL+C to quit[0m
[2025-04-24 09:02:53]  * Restarting with stat
[2025-04-24 09:02:54]  * Debugger is active!
[2025-04-24 09:02:54]  * Debugger PIN: 128-255-662
[2025-04-24 09:02:56] 127.0.0.1 - POST /login
[2025-04-24 09:02:57] 127.0.0.1 - - [24/Apr/2025 09:02:57] "[32mPOST /login HTTP/1.1[0m" 302 -
[2025-04-24 09:02:57] 127.0.0.1 - GET /home
[2025-04-24 09:02:57] 127.0.0.1 - - [24/Apr/2025 09:02:57] "GET /home HTTP/1.1" 200 -
[2025-04-24 09:03:02] 127.0.0.1 - GET /gameboard
[2025-04-24 09:03:02] 127.0.0.1 - - [24/Apr/2025 09:03:02] "GET /gameboard HTTP/1.1" 200 -
[2025-04-24 09:03:02] 127.0.0.1 - - [24/Apr/2025 09:03:02] "GET /socket.io/?EIO=4&transport=polling&t=PPdvFoO HTTP/1.1" 200 -
[2025-04-24 09:03:02] 127.0.0.1 - - [24/Apr/2025 09:03:02] "GET /socket.io/?EIO=4&transport=polling&t=PPdvFoe.0&sid=VNaz-KGUZOjnQLPiAAAA HTTP/1.1" 200 -
[2025-04-24 09:03:02] message handler error
Traceback (most recent call last):
  File "C:\Users\tkasn\PycharmProjects\312-mmo\.venv\Lib\site-packages\flask_socketio\__init__.py", line 831, in _handle_event
    ret = handler(auth)
          ^^^^^^^^^^^^^
TypeError: handle_connect() takes 0 positional arguments but 1 was given

During handling of the above exception, another exception occurred:

Traceback (most recent call last):
  File "C:\Users\tkasn\PycharmProjects\312-mmo\.venv\Lib\site-packages\engineio\server.py", line 450, in run_handler
    return self.handlers[event](*args)
           ^^^^^^^^^^^^^^^^^^^^^^^^^^^
  File "C:\Users\tkasn\PycharmProjects\312-mmo\.venv\Lib\site-packages\socketio\server.py", line 652, in _handle_eio_message
    self._handle_connect(eio_sid, pkt.namespace, pkt.data)
  File "C:\Users\tkasn\PycharmProjects\312-mmo\.venv\Lib\site-packages\socketio\server.py", line 538, in _handle_connect
    success = self._trigger_event(
              ^^^^^^^^^^^^^^^^^^^^
  File "C:\Users\tkasn\PycharmProjects\312-mmo\.venv\Lib\site-packages\socketio\server.py", line 617, in _trigger_event
    return handler(*args)
           ^^^^^^^^^^^^^^
  File "C:\Users\tkasn\PycharmProjects\312-mmo\.venv\Lib\site-packages\flask_socketio\__init__.py", line 292, in _handler
    return self._handle_event(handler, message, real_ns, sid,
           ^^^^^^^^^^^^^^^^^^^^^^^^^^^^^^^^^^^^^^^^^^^^^^^^^^
  File "C:\Users\tkasn\PycharmProjects\312-mmo\.venv\Lib\site-packages\flask_socketio\__init__.py", line 833, in _handle_event
    ret = handler()
          ^^^^^^^^^
  File "C:\Users\tkasn\PycharmProjects\312-mmo\app.py", line 74, in handle_connect
    username = user_sessions["username"]
               ~~~~~~~~~~~~~^^^^^^^^^^^^
KeyError: 'username'
[2025-04-24 09:03:02] 127.0.0.1 - - [24/Apr/2025 09:03:02] "POST /socket.io/?EIO=4&transport=polling&t=PPdvFoe&sid=VNaz-KGUZOjnQLPiAAAA HTTP/1.1" 200 -
[2025-04-24 09:03:38]  * Detected change in 'C:\\Users\\tkasn\\PycharmProjects\\312-mmo\\app.py', reloading
[2025-04-24 09:03:38]  * Restarting with stat
[2025-04-24 09:03:42] [31m[1mWARNING: This is a development server. Do not use it in a production deployment. Use a production WSGI server instead.[0m
 * Running on all addresses (0.0.0.0)
 * Running on http://127.0.0.1:8080
 * Running on http://192.168.1.193:8080
[2025-04-24 09:03:42] [33mPress CTRL+C to quit[0m
[2025-04-24 09:03:42]  * Restarting with stat
[2025-04-24 09:03:42]  * Debugger is active!
[2025-04-24 09:03:42]  * Debugger PIN: 128-255-662
[2025-04-24 09:03:43] 127.0.0.1 - GET /gameboard
[2025-04-24 09:03:43] 127.0.0.1 - - [24/Apr/2025 09:03:43] "GET /gameboard HTTP/1.1" 200 -
[2025-04-24 09:03:43] 127.0.0.1 - - [24/Apr/2025 09:03:43] "GET /socket.io/?EIO=4&transport=polling&t=PPdvPr- HTTP/1.1" 200 -
[2025-04-24 09:03:43] message handler error
Traceback (most recent call last):
  File "C:\Users\tkasn\PycharmProjects\312-mmo\.venv\Lib\site-packages\flask_socketio\__init__.py", line 831, in _handle_event
    ret = handler(auth)
          ^^^^^^^^^^^^^
TypeError: handle_connect() takes 0 positional arguments but 1 was given

During handling of the above exception, another exception occurred:

Traceback (most recent call last):
  File "C:\Users\tkasn\PycharmProjects\312-mmo\.venv\Lib\site-packages\engineio\server.py", line 450, in run_handler
    return self.handlers[event](*args)
           ^^^^^^^^^^^^^^^^^^^^^^^^^^^
  File "C:\Users\tkasn\PycharmProjects\312-mmo\.venv\Lib\site-packages\socketio\server.py", line 652, in _handle_eio_message
    self._handle_connect(eio_sid, pkt.namespace, pkt.data)
  File "C:\Users\tkasn\PycharmProjects\312-mmo\.venv\Lib\site-packages\socketio\server.py", line 538, in _handle_connect
    success = self._trigger_event(
              ^^^^^^^^^^^^^^^^^^^^
  File "C:\Users\tkasn\PycharmProjects\312-mmo\.venv\Lib\site-packages\socketio\server.py", line 617, in _trigger_event
    return handler(*args)
           ^^^^^^^^^^^^^^
  File "C:\Users\tkasn\PycharmProjects\312-mmo\.venv\Lib\site-packages\flask_socketio\__init__.py", line 292, in _handler
    return self._handle_event(handler, message, real_ns, sid,
           ^^^^^^^^^^^^^^^^^^^^^^^^^^^^^^^^^^^^^^^^^^^^^^^^^^
  File "C:\Users\tkasn\PycharmProjects\312-mmo\.venv\Lib\site-packages\flask_socketio\__init__.py", line 833, in _handle_event
    ret = handler()
          ^^^^^^^^^
  File "C:\Users\tkasn\PycharmProjects\312-mmo\app.py", line 74, in handle_connect
    username = session["username"]
               ~~~~~~~^^^^^^^^^^^^
KeyError: 'username'
[2025-04-24 09:03:43] 127.0.0.1 - - [24/Apr/2025 09:03:43] "POST /socket.io/?EIO=4&transport=polling&t=PPdvPsa&sid=_dTp4kJVnTUaPW5HAAAA HTTP/1.1" 200 -
[2025-04-24 09:03:43] 127.0.0.1 - - [24/Apr/2025 09:03:43] "GET /socket.io/?EIO=4&transport=polling&t=PPdvPsb&sid=_dTp4kJVnTUaPW5HAAAA HTTP/1.1" 200 -
[2025-04-24 09:03:45] disconnect handler error
Traceback (most recent call last):
  File "C:\Users\tkasn\PycharmProjects\312-mmo\.venv\Lib\site-packages\socketio\server.py", line 617, in _trigger_event
    return handler(*args)
           ^^^^^^^^^^^^^^
  File "C:\Users\tkasn\PycharmProjects\312-mmo\.venv\Lib\site-packages\flask_socketio\__init__.py", line 292, in _handler
    return self._handle_event(handler, message, real_ns, sid,
           ^^^^^^^^^^^^^^^^^^^^^^^^^^^^^^^^^^^^^^^^^^^^^^^^^^
  File "C:\Users\tkasn\PycharmProjects\312-mmo\.venv\Lib\site-packages\flask_socketio\__init__.py", line 835, in _handle_event
    ret = handler(*args)
          ^^^^^^^^^^^^^^
TypeError: handle_disconnect() takes 0 positional arguments but 1 was given

During handling of the above exception, another exception occurred:

Traceback (most recent call last):
  File "C:\Users\tkasn\PycharmProjects\312-mmo\.venv\Lib\site-packages\engineio\server.py", line 450, in run_handler
    return self.handlers[event](*args)
           ^^^^^^^^^^^^^^^^^^^^^^^^^^^
  File "C:\Users\tkasn\PycharmProjects\312-mmo\.venv\Lib\site-packages\socketio\server.py", line 671, in _handle_eio_disconnect
    self._handle_disconnect(eio_sid, n, reason)
  File "C:\Users\tkasn\PycharmProjects\312-mmo\.venv\Lib\site-packages\socketio\server.py", line 568, in _handle_disconnect
    self._trigger_event('disconnect', namespace, sid,
  File "C:\Users\tkasn\PycharmProjects\312-mmo\.venv\Lib\site-packages\socketio\server.py", line 621, in _trigger_event
    return handler(*args[:-1])
           ^^^^^^^^^^^^^^^^^^^
  File "C:\Users\tkasn\PycharmProjects\312-mmo\.venv\Lib\site-packages\flask_socketio\__init__.py", line 292, in _handler
    return self._handle_event(handler, message, real_ns, sid,
           ^^^^^^^^^^^^^^^^^^^^^^^^^^^^^^^^^^^^^^^^^^^^^^^^^^
  File "C:\Users\tkasn\PycharmProjects\312-mmo\.venv\Lib\site-packages\flask_socketio\__init__.py", line 835, in _handle_event
    ret = handler(*args)
          ^^^^^^^^^^^^^^
  File "C:\Users\tkasn\PycharmProjects\312-mmo\app.py", line 85, in handle_disconnect
    username = user_sessions.pop(request.sid)
               ^^^^^^^^^^^^^^^^^^^^^^^^^^^^^^
KeyError: 'HUmUYl_A4Skr5r2VAAAB'
[2025-04-24 09:03:45] 127.0.0.1 - - [24/Apr/2025 09:03:45] "GET /socket.io/?EIO=4&transport=websocket&sid=_dTp4kJVnTUaPW5HAAAA HTTP/1.1" 200 -
[2025-04-24 09:03:47] 127.0.0.1 - POST /login
[2025-04-24 09:03:47] 127.0.0.1 - - [24/Apr/2025 09:03:47] "[32mPOST /login HTTP/1.1[0m" 302 -
[2025-04-24 09:03:48] 127.0.0.1 - GET /home
[2025-04-24 09:03:48] 127.0.0.1 - - [24/Apr/2025 09:03:48] "GET /home HTTP/1.1" 200 -
[2025-04-24 09:03:52] 127.0.0.1 - GET /gameboard
[2025-04-24 09:03:52] 127.0.0.1 - - [24/Apr/2025 09:03:52] "GET /gameboard HTTP/1.1" 200 -
[2025-04-24 09:03:52] 127.0.0.1 - - [24/Apr/2025 09:03:52] "GET /socket.io/?EIO=4&transport=polling&t=PPdvS2V HTTP/1.1" 200 -
[2025-04-24 09:03:52] 127.0.0.1 - - [24/Apr/2025 09:03:52] "POST /socket.io/?EIO=4&transport=polling&t=PPdvS37&sid=XkLD425iXoH1hZFsAAAC HTTP/1.1" 200 -
[2025-04-24 09:03:52] 127.0.0.1 - - [24/Apr/2025 09:03:52] "GET /socket.io/?EIO=4&transport=polling&t=PPdvS37.0&sid=XkLD425iXoH1hZFsAAAC HTTP/1.1" 200 -
[2025-04-24 09:03:52] 127.0.0.1 - - [24/Apr/2025 09:03:52] "GET /socket.io/?EIO=4&transport=polling&t=PPdvS3O&sid=XkLD425iXoH1hZFsAAAC HTTP/1.1" 200 -
[2025-04-24 09:04:26] disconnect handler error
Traceback (most recent call last):
  File "C:\Users\tkasn\PycharmProjects\312-mmo\.venv\Lib\site-packages\socketio\server.py", line 617, in _trigger_event
    return handler(*args)
           ^^^^^^^^^^^^^^
  File "C:\Users\tkasn\PycharmProjects\312-mmo\.venv\Lib\site-packages\flask_socketio\__init__.py", line 292, in _handler
    return self._handle_event(handler, message, real_ns, sid,
           ^^^^^^^^^^^^^^^^^^^^^^^^^^^^^^^^^^^^^^^^^^^^^^^^^^
  File "C:\Users\tkasn\PycharmProjects\312-mmo\.venv\Lib\site-packages\flask_socketio\__init__.py", line 835, in _handle_event
    ret = handler(*args)
          ^^^^^^^^^^^^^^
TypeError: handle_disconnect() takes 0 positional arguments but 1 was given

During handling of the above exception, another exception occurred:

Traceback (most recent call last):
  File "C:\Users\tkasn\PycharmProjects\312-mmo\.venv\Lib\site-packages\engineio\server.py", line 450, in run_handler
    return self.handlers[event](*args)
           ^^^^^^^^^^^^^^^^^^^^^^^^^^^
  File "C:\Users\tkasn\PycharmProjects\312-mmo\.venv\Lib\site-packages\socketio\server.py", line 671, in _handle_eio_disconnect
    self._handle_disconnect(eio_sid, n, reason)
  File "C:\Users\tkasn\PycharmProjects\312-mmo\.venv\Lib\site-packages\socketio\server.py", line 568, in _handle_disconnect
    self._trigger_event('disconnect', namespace, sid,
  File "C:\Users\tkasn\PycharmProjects\312-mmo\.venv\Lib\site-packages\socketio\server.py", line 621, in _trigger_event
    return handler(*args[:-1])
           ^^^^^^^^^^^^^^^^^^^
  File "C:\Users\tkasn\PycharmProjects\312-mmo\.venv\Lib\site-packages\flask_socketio\__init__.py", line 292, in _handler
    return self._handle_event(handler, message, real_ns, sid,
           ^^^^^^^^^^^^^^^^^^^^^^^^^^^^^^^^^^^^^^^^^^^^^^^^^^
  File "C:\Users\tkasn\PycharmProjects\312-mmo\.venv\Lib\site-packages\flask_socketio\__init__.py", line 835, in _handle_event
    ret = handler(*args)
          ^^^^^^^^^^^^^^
  File "C:\Users\tkasn\PycharmProjects\312-mmo\app.py", line 86, in handle_disconnect
    user_list.pop(username)
TypeError: 'str' object cannot be interpreted as an integer

During handling of the above exception, another exception occurred:

Traceback (most recent call last):
  File "C:\Users\tkasn\PycharmProjects\312-mmo\.venv\Lib\site-packages\engineio\server.py", line 456, in run_handler
    return self.handlers[event](args[0])
           ^^^^^^^^^^^^^^^^^^^^^^^^^^^^^
TypeError: Server._handle_eio_disconnect() missing 1 required positional argument: 'reason'
[2025-04-24 09:04:26] 127.0.0.1 - - [24/Apr/2025 09:04:26] "GET /socket.io/?EIO=4&transport=websocket&sid=XkLD425iXoH1hZFsAAAC HTTP/1.1" 200 -
[2025-04-24 09:04:55]  * Detected change in 'C:\\Users\\tkasn\\PycharmProjects\\312-mmo\\app.py', reloading
[2025-04-24 09:04:57] [31m[1mWARNING: This is a development server. Do not use it in a production deployment. Use a production WSGI server instead.[0m
 * Running on all addresses (0.0.0.0)
 * Running on http://127.0.0.1:8080
 * Running on http://192.168.1.193:8080
[2025-04-24 09:04:57] [33mPress CTRL+C to quit[0m
[2025-04-24 09:04:57]  * Restarting with stat
[2025-04-24 09:04:58]  * Debugger is active!
[2025-04-24 09:04:58]  * Debugger PIN: 128-255-662
[2025-04-24 09:04:59] 127.0.0.1 - GET /home
[2025-04-24 09:04:59] 127.0.0.1 - - [24/Apr/2025 09:04:59] "[35m[1mGET /home HTTP/1.1[0m" 500 -
[2025-04-24 09:04:59] 127.0.0.1 - - [24/Apr/2025 09:04:59] "[36mGET /home?__debugger__=yes&cmd=resource&f=debugger.js HTTP/1.1[0m" 304 -
[2025-04-24 09:04:59] 127.0.0.1 - - [24/Apr/2025 09:04:59] "[36mGET /home?__debugger__=yes&cmd=resource&f=style.css HTTP/1.1[0m" 304 -
[2025-04-24 09:04:59] 127.0.0.1 - - [24/Apr/2025 09:04:59] "GET /home?__debugger__=yes&cmd=resource&f=console.png&s=MMsgE9CTPuVbW41tCwVZ HTTP/1.1" 200 -
[2025-04-24 09:05:02] 127.0.0.1 - POST /login
[2025-04-24 09:05:02] 127.0.0.1 - - [24/Apr/2025 09:05:02] "[32mPOST /login HTTP/1.1[0m" 302 -
[2025-04-24 09:05:02] 127.0.0.1 - GET /home
[2025-04-24 09:05:02] 127.0.0.1 - - [24/Apr/2025 09:05:02] "GET /home HTTP/1.1" 200 -
[2025-04-24 09:05:06] 127.0.0.1 - GET /gameboard
[2025-04-24 09:05:06] 127.0.0.1 - - [24/Apr/2025 09:05:06] "GET /gameboard HTTP/1.1" 200 -
[2025-04-24 09:05:06] 127.0.0.1 - - [24/Apr/2025 09:05:06] "GET /socket.io/?EIO=4&transport=polling&t=PPdvkC4 HTTP/1.1" 200 -
[2025-04-24 09:05:06] 127.0.0.1 - - [24/Apr/2025 09:05:06] "POST /socket.io/?EIO=4&transport=polling&t=PPdvkC-&sid=Vc3V9CUs_JhVQXIEAAAA HTTP/1.1" 200 -
[2025-04-24 09:05:06] 127.0.0.1 - - [24/Apr/2025 09:05:06] "GET /socket.io/?EIO=4&transport=polling&t=PPdvkC_&sid=Vc3V9CUs_JhVQXIEAAAA HTTP/1.1" 200 -
[2025-04-24 09:05:06] 127.0.0.1 - - [24/Apr/2025 09:05:06] "GET /socket.io/?EIO=4&transport=polling&t=PPdvkDP&sid=Vc3V9CUs_JhVQXIEAAAA HTTP/1.1" 200 -
[2025-04-24 09:05:10] 127.0.0.1 - - [24/Apr/2025 09:05:10] "GET /socket.io/?EIO=4&transport=websocket&sid=Vc3V9CUs_JhVQXIEAAAA HTTP/1.1" 200 -
[2025-04-24 09:05:18] 127.0.0.1 - POST /logout
[2025-04-24 09:05:18] 127.0.0.1 - - [24/Apr/2025 09:05:18] "[31m[1mPOST /logout HTTP/1.1[0m" 400 -
[2025-04-24 09:06:19]  * Detected change in 'C:\\Users\\tkasn\\PycharmProjects\\312-mmo\\util\\Authentication.py', reloading
[2025-04-24 09:06:20]  * Restarting with stat
[2025-04-24 09:06:20]  * Debugger is active!
[2025-04-24 09:06:20]  * Debugger PIN: 128-255-662
[2025-04-24 09:06:26] [31m[1mWARNING: This is a development server. Do not use it in a production deployment. Use a production WSGI server instead.[0m
 * Running on all addresses (0.0.0.0)
 * Running on http://127.0.0.1:8080
 * Running on http://192.168.1.193:8080
[2025-04-24 09:06:26] [33mPress CTRL+C to quit[0m
[2025-04-24 09:06:26]  * Restarting with stat
[2025-04-24 09:06:26]  * Debugger is active!
[2025-04-24 09:06:26]  * Debugger PIN: 128-255-662
[2025-04-24 09:06:37] 127.0.0.1 - POST /logout
[2025-04-24 09:06:37] 127.0.0.1 - - [24/Apr/2025 09:06:37] "[31m[1mPOST /logout HTTP/1.1[0m" 400 -
[2025-04-24 09:06:53] 127.0.0.1 - GET /
[2025-04-24 09:06:53] 127.0.0.1 - - [24/Apr/2025 09:06:53] "[32mGET / HTTP/1.1[0m" 302 -
[2025-04-24 09:06:53] 127.0.0.1 - GET /register
[2025-04-24 09:06:53] 127.0.0.1 - - [24/Apr/2025 09:06:53] "GET /register HTTP/1.1" 200 -
[2025-04-24 09:06:55] 127.0.0.1 - GET /login
[2025-04-24 09:06:55] 127.0.0.1 - - [24/Apr/2025 09:06:55] "GET /login HTTP/1.1" 200 -
[2025-04-24 09:07:04] 127.0.0.1 - POST /login
[2025-04-24 09:07:04] 127.0.0.1 - - [24/Apr/2025 09:07:04] "[32mPOST /login HTTP/1.1[0m" 302 -
[2025-04-24 09:07:04] 127.0.0.1 - GET /home
[2025-04-24 09:07:04] 127.0.0.1 - - [24/Apr/2025 09:07:04] "GET /home HTTP/1.1" 200 -
[2025-04-24 09:07:23] 127.0.0.1 - POST /logout
[2025-04-24 09:07:23] 127.0.0.1 - - [24/Apr/2025 09:07:23] "[31m[1mPOST /logout HTTP/1.1[0m" 400 -
[2025-04-24 09:09:00] 127.0.0.1 - GET /login
[2025-04-24 09:09:00] 127.0.0.1 - - [24/Apr/2025 09:09:00] "GET /login HTTP/1.1" 200 -
[2025-04-24 09:09:16] 127.0.0.1 - POST /login
[2025-04-24 09:09:16] 127.0.0.1 - - [24/Apr/2025 09:09:16] "[32mPOST /login HTTP/1.1[0m" 302 -
[2025-04-24 09:09:16] 127.0.0.1 - GET /home
[2025-04-24 09:09:16] 127.0.0.1 - - [24/Apr/2025 09:09:16] "GET /home HTTP/1.1" 200 -
[2025-04-24 09:09:48]  * Detected change in 'C:\\Users\\tkasn\\PycharmProjects\\312-mmo\\util\\Authentication.py', reloading
[2025-04-24 09:09:49]  * Restarting with stat
[2025-04-24 09:09:49]  * Debugger is active!
[2025-04-24 09:09:49]  * Debugger PIN: 128-255-662
[2025-04-24 09:09:49] 127.0.0.1 - GET /login
[2025-04-24 09:09:49] 127.0.0.1 - - [24/Apr/2025 09:09:49] "GET /login HTTP/1.1" 200 -
[2025-04-24 09:09:56] 127.0.0.1 - POST /login
[2025-04-24 09:09:56] 127.0.0.1 - - [24/Apr/2025 09:09:56] "[32mPOST /login HTTP/1.1[0m" 302 -
[2025-04-24 09:09:56] 127.0.0.1 - GET /home
[2025-04-24 09:09:56] 127.0.0.1 - - [24/Apr/2025 09:09:56] "GET /home HTTP/1.1" 200 -
[2025-04-24 09:11:18] [31m[1mWARNING: This is a development server. Do not use it in a production deployment. Use a production WSGI server instead.[0m
 * Running on all addresses (0.0.0.0)
 * Running on http://127.0.0.1:8080
 * Running on http://192.168.1.193:8080
[2025-04-24 09:11:18] [33mPress CTRL+C to quit[0m
[2025-04-24 09:11:18]  * Restarting with stat
[2025-04-24 09:11:18]  * Debugger is active!
[2025-04-24 09:11:18]  * Debugger PIN: 128-255-662
[2025-04-24 09:11:24] 127.0.0.1 - GET /ligin
[2025-04-24 09:11:24] 127.0.0.1 - - [24/Apr/2025 09:11:24] "[33mGET /ligin HTTP/1.1[0m" 404 -
[2025-04-24 09:11:27] 127.0.0.1 - GET /login
[2025-04-24 09:11:27] 127.0.0.1 - - [24/Apr/2025 09:11:27] "GET /login HTTP/1.1" 200 -
[2025-04-24 09:11:33] 127.0.0.1 - POST /login
[2025-04-24 09:11:33] 127.0.0.1 - - [24/Apr/2025 09:11:33] "[32mPOST /login HTTP/1.1[0m" 302 -
[2025-04-24 09:11:33] 127.0.0.1 - GET /home
[2025-04-24 09:11:33] 127.0.0.1 - - [24/Apr/2025 09:11:33] "GET /home HTTP/1.1" 200 -
[2025-04-24 09:14:16]  * Detected change in 'C:\\Users\\tkasn\\PycharmProjects\\312-mmo\\util\\Authentication.py', reloading
[2025-04-24 09:14:16]  * Restarting with stat
[2025-04-24 09:14:17]  * Debugger is active!
[2025-04-24 09:14:17]  * Debugger PIN: 128-255-662
[2025-04-24 09:14:21] [31m[1mWARNING: This is a development server. Do not use it in a production deployment. Use a production WSGI server instead.[0m
 * Running on all addresses (0.0.0.0)
 * Running on http://127.0.0.1:8080
 * Running on http://192.168.1.193:8080
[2025-04-24 09:14:21] [33mPress CTRL+C to quit[0m
[2025-04-24 09:14:21]  * Restarting with stat
[2025-04-24 09:14:21]  * Debugger is active!
[2025-04-24 09:14:21]  * Debugger PIN: 128-255-662
[2025-04-24 09:14:33] 127.0.0.1 - GET /login
[2025-04-24 09:14:33] 127.0.0.1 - - [24/Apr/2025 09:14:33] "GET /login HTTP/1.1" 200 -
[2025-04-24 09:14:42] 127.0.0.1 - POST /login
[2025-04-24 09:14:43] 127.0.0.1 - - [24/Apr/2025 09:14:43] "[32mPOST /login HTTP/1.1[0m" 302 -
[2025-04-24 09:14:43] 127.0.0.1 - GET /home
[2025-04-24 09:14:43] 127.0.0.1 - - [24/Apr/2025 09:14:43] "GET /home HTTP/1.1" 200 -
[2025-04-24 09:15:32]  * Detected change in 'C:\\Users\\tkasn\\PycharmProjects\\312-mmo\\util\\Authentication.py', reloading
[2025-04-24 09:15:33]  * Restarting with stat
[2025-04-24 09:21:08] [31m[1mWARNING: This is a development server. Do not use it in a production deployment. Use a production WSGI server instead.[0m
 * Running on all addresses (0.0.0.0)
 * Running on http://127.0.0.1:8080
 * Running on http://192.168.1.193:8080
[2025-04-24 09:21:08] [33mPress CTRL+C to quit[0m
[2025-04-24 09:21:08]  * Restarting with stat
[2025-04-24 09:21:08]  * Debugger is active!
[2025-04-24 09:21:08]  * Debugger PIN: 128-255-662
[2025-04-24 09:21:16] 127.0.0.1 - GET /login
[2025-04-24 09:21:16] 127.0.0.1 - - [24/Apr/2025 09:21:16] "GET /login HTTP/1.1" 200 -
[2025-04-24 09:21:25] 127.0.0.1 - POST /login
[2025-04-24 09:21:25] 127.0.0.1 - - [24/Apr/2025 09:21:25] "POST /login HTTP/1.1" 200 -
[2025-04-24 09:21:37] 127.0.0.1 - GET /logout
[2025-04-24 09:21:37] 127.0.0.1 - - [24/Apr/2025 09:21:37] "[31m[1mGET /logout HTTP/1.1[0m" 405 -
[2025-04-24 09:21:45] 127.0.0.1 - GET /home
[2025-04-24 09:21:45] 127.0.0.1 - - [24/Apr/2025 09:21:45] "GET /home HTTP/1.1" 200 -
[2025-04-24 09:21:47] 127.0.0.1 - POST /logout
[2025-04-24 09:21:47] 127.0.0.1 - - [24/Apr/2025 09:21:47] "[32mPOST /logout HTTP/1.1[0m" 302 -
[2025-04-24 09:21:47] 127.0.0.1 - GET /
[2025-04-24 09:21:47] 127.0.0.1 - - [24/Apr/2025 09:21:47] "[32mGET / HTTP/1.1[0m" 302 -
[2025-04-24 09:21:47] 127.0.0.1 - GET /register
[2025-04-24 09:21:47] 127.0.0.1 - - [24/Apr/2025 09:21:47] "GET /register HTTP/1.1" 200 -
[2025-04-24 09:23:09]  * Detected change in 'C:\\Users\\tkasn\\PycharmProjects\\312-mmo\\app.py', reloading
[2025-04-24 09:23:12] [31m[1mWARNING: This is a development server. Do not use it in a production deployment. Use a production WSGI server instead.[0m
 * Running on all addresses (0.0.0.0)
 * Running on http://127.0.0.1:8080
 * Running on http://192.168.1.193:8080
[2025-04-24 09:23:12] [33mPress CTRL+C to quit[0m
[2025-04-24 09:23:12]  * Restarting with stat
[2025-04-24 09:23:12]  * Debugger is active!
[2025-04-24 09:23:12]  * Debugger PIN: 128-255-662
[2025-04-24 09:23:14] 127.0.0.1 - GET /login
[2025-04-24 09:23:14] 127.0.0.1 - - [24/Apr/2025 09:23:14] "GET /login HTTP/1.1" 200 -
[2025-04-24 09:23:18] 127.0.0.1 - POST /login
[2025-04-24 09:23:19] 127.0.0.1 - - [24/Apr/2025 09:23:19] "[32mPOST /login HTTP/1.1[0m" 302 -
[2025-04-24 09:23:19] 127.0.0.1 - GET /home
[2025-04-24 09:23:19] 127.0.0.1 - - [24/Apr/2025 09:23:19] "GET /home HTTP/1.1" 200 -
[2025-04-24 09:23:22] 127.0.0.1 - POST /logout
[2025-04-24 09:23:22] 127.0.0.1 - - [24/Apr/2025 09:23:22] "[32mPOST /logout HTTP/1.1[0m" 302 -
[2025-04-24 09:23:22] 127.0.0.1 - GET /
[2025-04-24 09:23:22] 127.0.0.1 - - [24/Apr/2025 09:23:22] "[32mGET / HTTP/1.1[0m" 302 -
[2025-04-24 09:23:22] 127.0.0.1 - GET /register
[2025-04-24 09:23:22] 127.0.0.1 - - [24/Apr/2025 09:23:22] "GET /register HTTP/1.1" 200 -
[2025-04-24 09:24:03]  * Detected change in 'C:\\Users\\tkasn\\PycharmProjects\\312-mmo\\util\\Authentication.py', reloading
[2025-04-24 09:24:04]  * Restarting with stat
[2025-04-24 09:24:04]  * Debugger is active!
[2025-04-24 09:24:04]  * Debugger PIN: 128-255-662
[2025-04-24 09:24:33]  * Detected change in 'C:\\Users\\tkasn\\PycharmProjects\\312-mmo\\app.py', reloading
[2025-04-24 09:24:34]  * Restarting with stat
[2025-04-24 09:24:34]  * Debugger is active!
[2025-04-24 09:24:34]  * Debugger PIN: 128-255-662
